Loading...
    d:\swdev4_pum\bore800_software\sw_versionen\462\v4620402\qvis_v4620402\page\Normal_Task1_Page1.qpa
    d:\swdev4_pum\bore800_software\sw_versionen\462\v4620402\qvis_v4620402\page\Normal_Task1_Page2.qpa
    d:\swdev4_pum\bore800_software\sw_versionen\462\v4620402\qvis_v4620402\page\Normal_Task1_Page3.qpa
    d:\swdev4_pum\bore800_software\sw_versionen\462\v4620402\qvis_v4620402\page\Normal_Task1_Page4.qpa
    d:\swdev4_pum\bore800_software\sw_versionen\462\v4620402\qvis_v4620402\page\Normal_Task2_Page1.qpa
    d:\swdev4_pum\bore800_software\sw_versionen\462\v4620402\qvis_v4620402\page\Normal_Task3_Page1.qpa
    d:\swdev4_pum\bore800_software\sw_versionen\462\v4620402\qvis_v4620402\page\Normal_Task4_Page1.qpa
    d:\swdev4_pum\bore800_software\sw_versionen\462\v4620402\qvis_v4620402\page\Normal_Task4_Page2.qpa
    d:\swdev4_pum\bore800_software\sw_versionen\462\v4620402\qvis_v4620402\page\Normal_Task4_Page3.qpa
    d:\swdev4_pum\bore800_software\sw_versionen\462\v4620402\qvis_v4620402\page\Normal_Task5_Page1.qpa
    d:\swdev4_pum\bore800_software\sw_versionen\462\v4620402\qvis_v4620402\page\Normal_Task5_Page2.qpa
    d:\swdev4_pum\bore800_software\sw_versionen\462\v4620402\qvis_v4620402\page\Normal_Task5_Page3.qpa
    d:\swdev4_pum\bore800_software\sw_versionen\462\v4620402\qvis_v4620402\page\Normal_Task5_Page4.qpa
    d:\swdev4_pum\bore800_software\sw_versionen\462\v4620402\qvis_v4620402\page\Normal_Task6_Page1.qpa
    d:\swdev4_pum\bore800_software\sw_versionen\462\v4620402\qvis_v4620402\page\Normal_Task6_Page2.qpa
    d:\swdev4_pum\bore800_software\sw_versionen\462\v4620402\qvis_v4620402\page\Normal_Parameter_Page1.qpa
    d:\swdev4_pum\bore800_software\sw_versionen\462\v4620402\qvis_v4620402\page\KeypadNum_2x.qpa
    d:\swdev4_pum\bore800_software\sw_versionen\462\v4620402\qvis_v4620402\page\TextKeypad_gross.qpa
    d:\swdev4_pum\bore800_software\sw_versionen\462\v4620402\qvis_v4620402\page\TextSymbolKeypad_2x.qpa
    d:\swdev4_pum\bore800_software\sw_versionen\462\v4620402\qvis_v4620402\page\SetupA_Task1_Page1.qpa
    d:\swdev4_pum\bore800_software\sw_versionen\462\v4620402\qvis_v4620402\page\SetupA_Task1_Page2.qpa
    d:\swdev4_pum\bore800_software\sw_versionen\462\v4620402\qvis_v4620402\page\SetupA_Task2_Page1.qpa
    d:\swdev4_pum\bore800_software\sw_versionen\462\v4620402\qvis_v4620402\page\SetupA_Task5_Page1.qpa
    d:\swdev4_pum\bore800_software\sw_versionen\462\v4620402\qvis_v4620402\page\SetupA_Task5_Page2.qpa
    d:\swdev4_pum\bore800_software\sw_versionen\462\v4620402\qvis_v4620402\page\SetupA_Task6_Page1.qpa
    d:\swdev4_pum\bore800_software\sw_versionen\462\v4620402\qvis_v4620402\page\SetupA_Task6_Page2.qpa
    d:\swdev4_pum\bore800_software\sw_versionen\462\v4620402\qvis_v4620402\page\SetupA_Parameter_Page1.qpa
    d:\swdev4_pum\bore800_software\sw_versionen\462\v4620402\qvis_v4620402\page\SetupB_Task1_Page1.qpa
    d:\swdev4_pum\bore800_software\sw_versionen\462\v4620402\qvis_v4620402\page\SetupB_Task1_Page2.qpa
    d:\swdev4_pum\bore800_software\sw_versionen\462\v4620402\qvis_v4620402\page\SetupB_Task2_Page1.qpa
    d:\swdev4_pum\bore800_software\sw_versionen\462\v4620402\qvis_v4620402\page\SetupB_Task2_Page2.qpa
    d:\swdev4_pum\bore800_software\sw_versionen\462\v4620402\qvis_v4620402\page\SetupB_Task3_Page1.qpa
    d:\swdev4_pum\bore800_software\sw_versionen\462\v4620402\qvis_v4620402\page\SetupB_Task4_Page1.qpa
    d:\swdev4_pum\bore800_software\sw_versionen\462\v4620402\qvis_v4620402\page\SetupB_Task5_Page1.qpa
    d:\swdev4_pum\bore800_software\sw_versionen\462\v4620402\qvis_v4620402\page\SetupB_Task5_Page2.qpa
    d:\swdev4_pum\bore800_software\sw_versionen\462\v4620402\qvis_v4620402\page\SetupB_Task5_Page3.qpa
    d:\swdev4_pum\bore800_software\sw_versionen\462\v4620402\qvis_v4620402\page\SetupB_Task5_Page4.qpa
    d:\swdev4_pum\bore800_software\sw_versionen\462\v4620402\qvis_v4620402\page\SetupB_Task5_Page5.qpa
    d:\swdev4_pum\bore800_software\sw_versionen\462\v4620402\qvis_v4620402\page\SetupB_Task5_Page6.qpa
    d:\swdev4_pum\bore800_software\sw_versionen\462\v4620402\qvis_v4620402\page\SetupB_Task5_Page7.qpa
    d:\swdev4_pum\bore800_software\sw_versionen\462\v4620402\qvis_v4620402\page\SetupB_Task6_Page1.qpa
    d:\swdev4_pum\bore800_software\sw_versionen\462\v4620402\qvis_v4620402\page\SetupB_Task6_Page2.qpa
    d:\swdev4_pum\bore800_software\sw_versionen\462\v4620402\qvis_v4620402\page\SetupB_Parameter_Page1.qpa
    d:\swdev4_pum\bore800_software\sw_versionen\462\v4620402\qvis_v4620402\page\SetupC_Task1_Page1.qpa
    d:\swdev4_pum\bore800_software\sw_versionen\462\v4620402\qvis_v4620402\page\SetupC_Task2_Page1.qpa
    d:\swdev4_pum\bore800_software\sw_versionen\462\v4620402\qvis_v4620402\page\SetupC_Task3_Page1.qpa
    d:\swdev4_pum\bore800_software\sw_versionen\462\v4620402\qvis_v4620402\page\SetupC_Task4_Page1.qpa
    d:\swdev4_pum\bore800_software\sw_versionen\462\v4620402\qvis_v4620402\page\SetupC_Task4_Page2.qpa
    d:\swdev4_pum\bore800_software\sw_versionen\462\v4620402\qvis_v4620402\page\SetupC_Task4_Page3.qpa
    d:\swdev4_pum\bore800_software\sw_versionen\462\v4620402\qvis_v4620402\page\SetupC_Task5_Page1.qpa
    d:\swdev4_pum\bore800_software\sw_versionen\462\v4620402\qvis_v4620402\page\SetupC_Task5_Page2.qpa
    d:\swdev4_pum\bore800_software\sw_versionen\462\v4620402\qvis_v4620402\page\SetupC_Task5_Page3.qpa
    d:\swdev4_pum\bore800_software\sw_versionen\462\v4620402\qvis_v4620402\page\SetupC_Task5_Page4.qpa
    d:\swdev4_pum\bore800_software\sw_versionen\462\v4620402\qvis_v4620402\page\SetupC_Task6_Page1.qpa
    d:\swdev4_pum\bore800_software\sw_versionen\462\v4620402\qvis_v4620402\page\SetupC_Task6_Page2.qpa
    d:\swdev4_pum\bore800_software\sw_versionen\462\v4620402\qvis_v4620402\page\SetupC_Parameter_Page1.qpa
    d:\swdev4_pum\bore800_software\sw_versionen\462\v4620402\qvis_v4620402\page\Wait_Com.qpa
    d:\swdev4_pum\bore800_software\sw_versionen\462\v4620402\qvis_v4620402\page\Startpage.qpa
    d:\swdev4_pum\bore800_software\sw_versionen\462\v4620402\qvis_v4620402\page\Page_BIOS_1.qpa
    d:\swdev4_pum\bore800_software\sw_versionen\462\v4620402\qvis_v4620402\page\Page_BIOS_2.qpa
Building...
    Texts of Language 1
    Texts of Language 2
Symbols
    d:\swdev4_pum\bore800_software\sw_versionen\462\v4620402\qvis_v4620402\bitmap\BtUp_100x30.bmp
    d:\swdev4_pum\bore800_software\sw_versionen\462\v4620402\qvis_v4620402\bitmap\BtDown_100x30.bmp
    d:\swdev4_pum\bore800_software\sw_versionen\462\v4620402\qvis_v4620402\bitmap\BtPanel_left_inactiv.bmp
    d:\swdev4_pum\bore800_software\sw_versionen\462\v4620402\qvis_v4620402\bitmap\BtPanel_left_activ.bmp
    d:\swdev4_pum\bore800_software\sw_versionen\462\v4620402\qvis_v4620402\bitmap\BtUp_80x50.bmp
    d:\swdev4_pum\bore800_software\sw_versionen\462\v4620402\qvis_v4620402\bitmap\BtDown_80x50.bmp
    d:\swdev4_pum\bore800_software\sw_versionen\462\v4620402\qvis_v4620402\bitmap\BtPanel_right_inactiv.bmp
    d:\swdev4_pum\bore800_software\sw_versionen\462\v4620402\qvis_v4620402\bitmap\BtPage_Nav_VerticalUp.bmp
    d:\swdev4_pum\bore800_software\sw_versionen\462\v4620402\qvis_v4620402\bitmap\BtPage_Nav_Vertical.bmp
    d:\swdev4_pum\bore800_software\sw_versionen\462\v4620402\qvis_v4620402\bitmap\VisionSystem_OFF.bmp
    d:\swdev4_pum\bore800_software\sw_versionen\462\v4620402\qvis_v4620402\bitmap\VisionSystem_ON.bmp
    d:\swdev4_pum\bore800_software\sw_versionen\462\v4620402\qvis_v4620402\bitmap\Status_None.bmp
    d:\swdev4_pum\bore800_software\sw_versionen\462\v4620402\qvis_v4620402\bitmap\Status_Ok.bmp
    d:\swdev4_pum\bore800_software\sw_versionen\462\v4620402\qvis_v4620402\bitmap\Status_Busy.bmp
    d:\swdev4_pum\bore800_software\sw_versionen\462\v4620402\qvis_v4620402\bitmap\Status_Err.bmp
    d:\swdev4_pum\bore800_software\sw_versionen\462\v4620402\qvis_v4620402\bitmap\Status_white.bmp
    d:\swdev4_pum\bore800_software\sw_versionen\462\v4620402\qvis_v4620402\bitmap\Status_green.bmp
    d:\swdev4_pum\bore800_software\sw_versionen\462\v4620402\qvis_v4620402\bitmap\Status_red.bmp
    d:\swdev4_pum\bore800_software\sw_versionen\462\v4620402\qvis_v4620402\bitmap\Status_yellow.bmp
    d:\swdev4_pum\bore800_software\sw_versionen\462\v4620402\qvis_v4620402\bitmap\DisplayOverlayMsgInfo.bmp
    d:\swdev4_pum\bore800_software\sw_versionen\462\v4620402\qvis_v4620402\bitmap\DisplayOverlayMsgWarning.bmp
    d:\swdev4_pum\bore800_software\sw_versionen\462\v4620402\qvis_v4620402\bitmap\BtUp_160x50.bmp
    d:\swdev4_pum\bore800_software\sw_versionen\462\v4620402\qvis_v4620402\bitmap\BtDown_160x50.bmp
    d:\swdev4_pum\bore800_software\sw_versionen\462\v4620402\qvis_v4620402\bitmap\DisplayOverlayMsgPreWarning.bmp
    d:\swdev4_pum\bore800_software\sw_versionen\462\v4620402\qvis_v4620402\bitmap\upLeft_50x50.bmp
    d:\swdev4_pum\bore800_software\sw_versionen\462\v4620402\qvis_v4620402\bitmap\downLeft_50x50.bmp
    d:\swdev4_pum\bore800_software\sw_versionen\462\v4620402\qvis_v4620402\bitmap\upRight_50x50.bmp
    d:\swdev4_pum\bore800_software\sw_versionen\462\v4620402\qvis_v4620402\bitmap\downRight_50x50.bmp
    d:\swdev4_pum\bore800_software\sw_versionen\462\v4620402\qvis_v4620402\bitmap\DisplayOverlayMsgError.bmp
    d:\swdev4_pum\bore800_software\sw_versionen\462\v4620402\qvis_v4620402\bitmap\DisplayOverlayMsgRequest.bmp
    d:\swdev4_pum\bore800_software\sw_versionen\462\v4620402\qvis_v4620402\bitmap\DisplayOverlayMsgPartNumber.bmp
    d:\swdev4_pum\bore800_software\sw_versionen\462\v4620402\qvis_v4620402\bitmap\LedOFF_20x20.bmp
    d:\swdev4_pum\bore800_software\sw_versionen\462\v4620402\qvis_v4620402\bitmap\LedGreen_20x20.bmp
    d:\swdev4_pum\bore800_software\sw_versionen\462\v4620402\qvis_v4620402\bitmap\LedRed_20x20.bmp
    d:\swdev4_pum\bore800_software\sw_versionen\462\v4620402\qvis_v4620402\bitmap\LedWhite_20x20.bmp
    d:\swdev4_pum\bore800_software\sw_versionen\462\v4620402\qvis_v4620402\bitmap\LedBlue_20x20.bmp
    d:\swdev4_pum\bore800_software\sw_versionen\462\v4620402\qvis_v4620402\bitmap\LedYellow_20x20.bmp
    d:\swdev4_pum\bore800_software\sw_versionen\462\v4620402\qvis_v4620402\bitmap\LedOFF_15x15.bmp
    d:\swdev4_pum\bore800_software\sw_versionen\462\v4620402\qvis_v4620402\bitmap\LedGreen_15x15.bmp
    d:\swdev4_pum\bore800_software\sw_versionen\462\v4620402\qvis_v4620402\bitmap\LedOFF_24x24.bmp
    d:\swdev4_pum\bore800_software\sw_versionen\462\v4620402\qvis_v4620402\bitmap\LedGreen_24x24.bmp
    d:\swdev4_pum\bore800_software\sw_versionen\462\v4620402\qvis_v4620402\bitmap\LedRed_24x24.bmp
    d:\swdev4_pum\bore800_software\sw_versionen\462\v4620402\qvis_v4620402\bitmap\LedYellow_24x24.bmp
    d:\swdev4_pum\bore800_software\sw_versionen\462\v4620402\qvis_v4620402\bitmap\LedOFF_66x34.bmp
    d:\swdev4_pum\bore800_software\sw_versionen\462\v4620402\qvis_v4620402\bitmap\LedYellow_66x34.bmp
    d:\swdev4_pum\bore800_software\sw_versionen\462\v4620402\qvis_v4620402\bitmap\Forward.bmp
    d:\swdev4_pum\bore800_software\sw_versionen\462\v4620402\qvis_v4620402\bitmap\Backward.bmp
    d:\swdev4_pum\bore800_software\sw_versionen\462\v4620402\qvis_v4620402\bitmap\PartQualityBackground_440x240.bmp
    d:\swdev4_pum\bore800_software\sw_versionen\462\v4620402\qvis_v4620402\bitmap\LineWhite_480x1.bmp
    d:\swdev4_pum\bore800_software\sw_versionen\462\v4620402\qvis_v4620402\bitmap\MaschineRef_147x200.bmp
    d:\swdev4_pum\bore800_software\sw_versionen\462\v4620402\qvis_v4620402\bitmap\LineWhite_110x1.bmp
    d:\swdev4_pum\bore800_software\sw_versionen\462\v4620402\qvis_v4620402\bitmap\LineWhite_1x60.bmp
    d:\swdev4_pum\bore800_software\sw_versionen\462\v4620402\qvis_v4620402\bitmap\BtFnBackGround.bmp
    d:\swdev4_pum\bore800_software\sw_versionen\462\v4620402\qvis_v4620402\bitmap\LineWhite_420x1.bmp
    d:\swdev4_pum\bore800_software\sw_versionen\462\v4620402\qvis_v4620402\bitmap\list_page_up.bmp
    d:\swdev4_pum\bore800_software\sw_versionen\462\v4620402\qvis_v4620402\bitmap\list_page_down.bmp
    d:\swdev4_pum\bore800_software\sw_versionen\462\v4620402\qvis_v4620402\bitmap\BtUp_160x100.bmp
    d:\swdev4_pum\bore800_software\sw_versionen\462\v4620402\qvis_v4620402\bitmap\BtDown_160x100.bmp
    d:\swdev4_pum\bore800_software\sw_versionen\462\v4620402\qvis_v4620402\bitmap\Overlay_Grey_480x335.bmp
    d:\swdev4_pum\bore800_software\sw_versionen\462\v4620402\qvis_v4620402\bitmap\LangUSA.bmp
    d:\swdev4_pum\bore800_software\sw_versionen\462\v4620402\qvis_v4620402\bitmap\BtUp_130x30.bmp
    d:\swdev4_pum\bore800_software\sw_versionen\462\v4620402\qvis_v4620402\bitmap\BtDown_130x30.bmp
    d:\swdev4_pum\bore800_software\sw_versionen\462\v4620402\qvis_v4620402\bitmap\SilfexControlPanel_200x130.bmp
    d:\swdev4_pum\bore800_software\sw_versionen\462\v4620402\qvis_v4620402\bitmap\Werkerruflampe_30x150.bmp
    d:\swdev4_pum\bore800_software\sw_versionen\462\v4620402\qvis_v4620402\bitmap\SilfexInnenBeleuchtung_12x160.bmp
    d:\swdev4_pum\bore800_software\sw_versionen\462\v4620402\qvis_v4620402\bitmap\LedOFF_8x30.bmp
    d:\swdev4_pum\bore800_software\sw_versionen\462\v4620402\qvis_v4620402\bitmap\LedYellow_8x30.bmp
    d:\swdev4_pum\bore800_software\sw_versionen\462\v4620402\qvis_v4620402\bitmap\BeleuchtungVisionHusky_46x120.bmp
    d:\swdev4_pum\bore800_software\sw_versionen\462\v4620402\qvis_v4620402\bitmap\LedOFF_13x40.bmp
    d:\swdev4_pum\bore800_software\sw_versionen\462\v4620402\qvis_v4620402\bitmap\LedYellow_13x40.bmp
    d:\swdev4_pum\bore800_software\sw_versionen\462\v4620402\qvis_v4620402\bitmap\list_up.bmp
    d:\swdev4_pum\bore800_software\sw_versionen\462\v4620402\qvis_v4620402\bitmap\list_down.bmp
    d:\swdev4_pum\bore800_software\sw_versionen\462\v4620402\qvis_v4620402\bitmap\edit_param.bmp
    d:\swdev4_pum\bore800_software\sw_versionen\462\v4620402\qvis_v4620402\bitmap\EingabefeldKeyPad_2x.bmp
    d:\swdev4_pum\bore800_software\sw_versionen\462\v4620402\qvis_v4620402\bitmap\down40.bmp
    d:\swdev4_pum\bore800_software\sw_versionen\462\v4620402\qvis_v4620402\bitmap\0.bmp
    d:\swdev4_pum\bore800_software\sw_versionen\462\v4620402\qvis_v4620402\bitmap\1.bmp
    d:\swdev4_pum\bore800_software\sw_versionen\462\v4620402\qvis_v4620402\bitmap\2.bmp
    d:\swdev4_pum\bore800_software\sw_versionen\462\v4620402\qvis_v4620402\bitmap\3.bmp
    d:\swdev4_pum\bore800_software\sw_versionen\462\v4620402\qvis_v4620402\bitmap\4.bmp
    d:\swdev4_pum\bore800_software\sw_versionen\462\v4620402\qvis_v4620402\bitmap\5.bmp
    d:\swdev4_pum\bore800_software\sw_versionen\462\v4620402\qvis_v4620402\bitmap\6.bmp
    d:\swdev4_pum\bore800_software\sw_versionen\462\v4620402\qvis_v4620402\bitmap\7.bmp
    d:\swdev4_pum\bore800_software\sw_versionen\462\v4620402\qvis_v4620402\bitmap\8.bmp
    d:\swdev4_pum\bore800_software\sw_versionen\462\v4620402\qvis_v4620402\bitmap\9.bmp
    d:\swdev4_pum\bore800_software\sw_versionen\462\v4620402\qvis_v4620402\bitmap\cancel.bmp
    d:\swdev4_pum\bore800_software\sw_versionen\462\v4620402\qvis_v4620402\bitmap\Ok.bmp
    d:\swdev4_pum\bore800_software\sw_versionen\462\v4620402\qvis_v4620402\bitmap\backspace.bmp
    d:\swdev4_pum\bore800_software\sw_versionen\462\v4620402\qvis_v4620402\bitmap\punkt.bmp
    d:\swdev4_pum\bore800_software\sw_versionen\462\v4620402\qvis_v4620402\bitmap\plusminus.bmp
    d:\swdev4_pum\bore800_software\sw_versionen\462\v4620402\qvis_v4620402\bitmap\LineGrey_width370.bmp
    d:\swdev4_pum\bore800_software\sw_versionen\462\v4620402\qvis_v4620402\bitmap\up40.bmp
    d:\swdev4_pum\bore800_software\sw_versionen\462\v4620402\qvis_v4620402\bitmap\ShiftUp_gross.bmp
    d:\swdev4_pum\bore800_software\sw_versionen\462\v4620402\qvis_v4620402\bitmap\ShiftDown_gross.bmp
    d:\swdev4_pum\bore800_software\sw_versionen\462\v4620402\qvis_v4620402\bitmap\BtUp_160x30.bmp
    d:\swdev4_pum\bore800_software\sw_versionen\462\v4620402\qvis_v4620402\bitmap\BtDown_160x30.bmp
    d:\swdev4_pum\bore800_software\sw_versionen\462\v4620402\qvis_v4620402\bitmap\LineWhite_width280.bmp
    d:\swdev4_pum\bore800_software\sw_versionen\462\v4620402\qvis_v4620402\bitmap\BackgroundYellow_476x130.bmp
    d:\swdev4_pum\bore800_software\sw_versionen\462\v4620402\qvis_v4620402\bitmap\Z2_Nullpunkt_327x199.bmp
    d:\swdev4_pum\bore800_software\sw_versionen\462\v4620402\qvis_v4620402\bitmap\WzAbstützung_327x184.bmp
    d:\swdev4_pum\bore800_software\sw_versionen\462\v4620402\qvis_v4620402\bitmap\Z1SearchPosLimitSwitch_327x200.bmp
    d:\swdev4_pum\bore800_software\sw_versionen\462\v4620402\qvis_v4620402\bitmap\Z1SearchNegLimitSwitch_103x250.bmp
    d:\swdev4_pum\bore800_software\sw_versionen\462\v4620402\qvis_v4620402\bitmap\Z2SearchNegLimitSwitch_135x250.bmp
    d:\swdev4_pum\bore800_software\sw_versionen\462\v4620402\qvis_v4620402\bitmap\ConfigSpindle_220x165.bmp
    d:\swdev4_pum\bore800_software\sw_versionen\462\v4620402\qvis_v4620402\bitmap\ConfigSpindle_L_220x187.bmp
    d:\swdev4_pum\bore800_software\sw_versionen\462\v4620402\qvis_v4620402\bitmap\ConfigDrehmoment_200x150.bmp
    d:\swdev4_pum\bore800_software\sw_versionen\462\v4620402\qvis_v4620402\bitmap\KronenRad_200x136.bmp
    d:\swdev4_pum\bore800_software\sw_versionen\462\v4620402\qvis_v4620402\bitmap\ToolTorque_Cylinder_100x137.bmp
    d:\swdev4_pum\bore800_software\sw_versionen\462\v4620402\qvis_v4620402\bitmap\WP_NozzleTip_u350_31x68.bmp
    d:\swdev4_pum\bore800_software\sw_versionen\462\v4620402\qvis_v4620402\bitmap\WP_NozzleTip_u500_204x74.bmp
    d:\swdev4_pum\bore800_software\sw_versionen\462\v4620402\qvis_v4620402\bitmap\WP_NozzleTip_u750_251x82.bmp
    d:\swdev4_pum\bore800_software\sw_versionen\462\v4620402\qvis_v4620402\bitmap\WP_GateInsert_d1_98x88.bmp
    d:\swdev4_pum\bore800_software\sw_versionen\462\v4620402\qvis_v4620402\bitmap\WP_GateInsert_d1_5_137x92.bmp
    d:\swdev4_pum\bore800_software\sw_versionen\462\v4620402\qvis_v4620402\bitmap\WP_Bushing_393x101.bmp
    d:\swdev4_pum\bore800_software\sw_versionen\462\v4620402\qvis_v4620402\bitmap\BackgroundYellow_476x100.bmp
    d:\swdev4_pum\bore800_software\sw_versionen\462\v4620402\qvis_v4620402\bitmap\Initial_Y_Axis_346x258.bmp
    d:\swdev4_pum\bore800_software\sw_versionen\462\v4620402\qvis_v4620402\bitmap\Initial_X_Axis_346x267.bmp
    d:\swdev4_pum\bore800_software\sw_versionen\462\v4620402\qvis_v4620402\bitmap\SetupPlate_300x219.bmp
    d:\swdev4_pum\bore800_software\sw_versionen\462\v4620402\qvis_v4620402\bitmap\SetupDisk_280x198.bmp
    d:\swdev4_pum\bore800_software\sw_versionen\462\v4620402\qvis_v4620402\bitmap\SetupDisk2_200x200.bmp
    d:\swdev4_pum\bore800_software\sw_versionen\462\v4620402\qvis_v4620402\bitmap\SetupDisk_NullPoint_266x200.bmp
    d:\swdev4_pum\bore800_software\sw_versionen\462\v4620402\qvis_v4620402\bitmap\SetupDisk_1_248x220.bmp
    d:\swdev4_pum\bore800_software\sw_versionen\462\v4620402\qvis_v4620402\bitmap\SetupDisk_2_248x220.bmp
    d:\swdev4_pum\bore800_software\sw_versionen\462\v4620402\qvis_v4620402\bitmap\SetupDisk_3_248x220.bmp
    d:\swdev4_pum\bore800_software\sw_versionen\462\v4620402\qvis_v4620402\bitmap\SetupDisk_4_248x220.bmp
    d:\swdev4_pum\bore800_software\sw_versionen\462\v4620402\qvis_v4620402\bitmap\VisionSystem_Offset_1_257x190.bmp
    d:\swdev4_pum\bore800_software\sw_versionen\462\v4620402\qvis_v4620402\bitmap\VisionSystem_Offset_2_368x260.bmp
    d:\swdev4_pum\bore800_software\sw_versionen\462\v4620402\qvis_v4620402\bitmap\SetupPlateAdjust1_204x210.bmp
    d:\swdev4_pum\bore800_software\sw_versionen\462\v4620402\qvis_v4620402\bitmap\SetupPlateAdjust_300x210.bmp
    d:\swdev4_pum\bore800_software\sw_versionen\462\v4620402\qvis_v4620402\bitmap\LogoQVisKlein.bmp
    d:\swdev4_pum\bore800_software\sw_versionen\462\v4620402\qvis_v4620402\bitmap\LogoMicrocut2002Gross_weiss_bkgrd.bmp
Variables
Pages
    d:\swdev4_pum\bore800_software\sw_versionen\462\v4620402\qvis_v4620402\page\Normal_Task1_Page1.qpa
        Auto_Select_WP_NozzleTip.qob
        Auto_Select_WP_NozzleTip.qob
        Auto_Select_WP_NozzleTip.qob
        Auto_Select_WP_GateInsert.qob
        Auto_Select_WP_GateInsert.qob
        Auto_Select_WP_Bushing.qob
        ProcessState.qob
        Message_Line_Englisch.qob
        Message_Line_Deutsch.qob
        SecurityStateMessage.qob
        StationStateProcess_St1.qob
        StationStateProcess_St2.qob
        StationStateProcess_St3.qob
        BtPanel_Left.qob
        BtPanel_Left_Text.qob
        Taskbar_NormalOperate.qob
        BtPanelRight_Normal_Task1_Page1.qob
        PageHeader.qob
        MachineState.qob
        StationTitle_Station_1Until3.qob
        StationState_St1.qob
        StationState_St2.qob
        StationState_St3.qob
        AutoProcessTime.qob
        AxisPosition.qob
        WPSelected_X455.qob
        MessageInfoOverlay.qob
        MessageWarningOverlay.qob
        MessagePreWarningOverlay.qob
        MessageErrorOverlay.qob
        MessageRequestOverlay.qob
        MessagePartNumber.qob
    d:\swdev4_pum\bore800_software\sw_versionen\462\v4620402\qvis_v4620402\page\Normal_Task1_Page2.qpa
        Message_Line_Englisch.qob
        Message_Line_Deutsch.qob
        SecurityStateMessage.qob
        StationStateProcess_St1.qob
        StationStateProcess_St2.qob
        StationStateProcess_St3.qob
        BtPanel_Left.qob
        BtPanel_Left_Text.qob
        Taskbar_NormalOperate.qob
        BtPanelRight_Normal_Task1_Page2.qob
        PageHeader.qob
        MachineState.qob
        StationTitle_Station_1Until3.qob
        StationState_St1.qob
        StationState_St2.qob
        StationState_St3.qob
        AutoProcessTime.qob
        AxisPosition.qob
        Auto_Select_WP_VisionSystem.qob
        MessageInfoOverlay.qob
        MessageWarningOverlay.qob
        MessagePreWarningOverlay.qob
        MessageErrorOverlay.qob
        MessageRequestOverlay.qob
        MessagePartNumber.qob
    d:\swdev4_pum\bore800_software\sw_versionen\462\v4620402\qvis_v4620402\page\Normal_Task1_Page3.qpa
        Message_Line_Englisch.qob
        BtPanel_Left.qob
        BtPanel_Left_Text.qob
        Taskbar_NormalOperate.qob
        BtPanelRight_Normal_Task1_Page3.qob
        PageHeader.qob
        Message_Line_Deutsch.qob
        MachineState.qob
        ProfileBarCommonState.qob
        StationCommonDataInfoValue.qob
        AxisPosition.qob
        SecurityStateMessage.qob
        WPSelected.qob
        MessagePreWarningOverlay.qob
        MessagePartNumber.qob
    d:\swdev4_pum\bore800_software\sw_versionen\462\v4620402\qvis_v4620402\page\Normal_Task1_Page4.qpa
        Message_Line_Englisch.qob
        SelectHolenumber.qob
        BtPanel_Left.qob
        BtPanel_Left_Text.qob
        Taskbar_NormalOperate.qob
        BtPanelRight_Normal_Task1_Page4.qob
        PageHeader.qob
        Message_Line_Deutsch.qob
        MachineState.qob
        PartQuality.qob
        StationState_St1.qob
        SecurityStateMessage.qob
        WPSelected.qob
        MessagePreWarningOverlay.qob
        MessagePartNumber.qob
        AxisPosition.qob
    d:\swdev4_pum\bore800_software\sw_versionen\462\v4620402\qvis_v4620402\page\Normal_Task2_Page1.qpa
        MaschinenRefBackground.qob
        Message_Line_Englisch.qob
        BtPanel_Left.qob
        BtPanel_Left_Text.qob
        Taskbar_NormalOperate.qob
        BtPanelRight_Normal_Task2_Page1.qob
        PageHeader.qob
        Message_Line_Deutsch.qob
        MachineState.qob
        SecurityStateMessage.qob
        MaschinenReferenzierung.qob
        StationStateReference_St1.qob
        StationStateReference_St3.qob
        StationStateReference_St2.qob
        StationState_St1.qob
        StationState_St3.qob
        StationState_St2.qob
        AxisPosition.qob
        FnBtFunction_Normal_Task2_Page1.qob
        MessageErrorOverlay.qob
        MessageWarningOverlay.qob
        MessageInfoOverlay.qob
    d:\swdev4_pum\bore800_software\sw_versionen\462\v4620402\qvis_v4620402\page\Normal_Task3_Page1.qpa
        Message_Line_Englisch.qob
        BtPanel_Left.qob
        BtPanel_Left_Text.qob
        Taskbar_NormalOperate.qob
        BtPanelRight_Normal_Task3_Page1.qob
        PageHeader.qob
        Message_Line_Deutsch.qob
        MachineState.qob
        ProfileBarCommonState.qob
        ProfileId_NormalMode.qob
        ProfileList.qob
        Nav_ProfileList.qob
        SecurityStateMessage.qob
    d:\swdev4_pum\bore800_software\sw_versionen\462\v4620402\qvis_v4620402\page\Normal_Task4_Page1.qpa
        Message_Line_Englisch.qob
        BtPanel_Left.qob
        BtPanel_Left_Text.qob
        Taskbar_NormalOperate.qob
        BtPanelRight_Normal_Task4_Page1.qob
        PageHeader.qob
        Message_Line_Deutsch.qob
        MachineState.qob
        FnBtFunction_Normal_Task4_Page1.qob
        ToolChangeInfo.qob
        SecurityStateMessage.qob
        ToolDetection.qob
    d:\swdev4_pum\bore800_software\sw_versionen\462\v4620402\qvis_v4620402\page\Normal_Task4_Page2.qpa
        Message_Line_Englisch.qob
        BtPanel_Left.qob
        BtPanel_Left_Text.qob
        Taskbar_NormalOperate.qob
        BtPanelRight_Normal_Task4_Page2.qob
        PageHeader.qob
        Message_Line_Deutsch.qob
        MachineState.qob
        SelectUserLevel.qob
        FnBtFunction_Normal_Task4_Page2.qob
        ChangeOperatorPassword.qob
        SecurityStateMessage.qob
    d:\swdev4_pum\bore800_software\sw_versionen\462\v4620402\qvis_v4620402\page\Normal_Task4_Page3.qpa
        Message_Line_Englisch.qob
        BtPanel_Left.qob
        BtPanel_Left_Text.qob
        Taskbar_NormalOperate.qob
        BtPanelRight_Normal_Task4_Page3.qob
        PageHeader.qob
        Message_Line_Deutsch.qob
        MachineState.qob
        SelectLanguage.qob
        SecurityStateMessage.qob
    d:\swdev4_pum\bore800_software\sw_versionen\462\v4620402\qvis_v4620402\page\Normal_Task5_Page1.qpa
        Message_Line_Englisch.qob
        BtPanel_Left.qob
        BtPanel_Left_Text.qob
        Taskbar_NormalOperate.qob
        BtPanelRight_Normal_Task5_Page1.qob
        PageHeader.qob
        Message_Line_Deutsch.qob
        MachineState.qob
        WPCycleCounter.qob
        SecurityStateMessage.qob
        ShutDown.qob
        SelectWPCounter.qob
        MessageErrorOverlay.qob
    d:\swdev4_pum\bore800_software\sw_versionen\462\v4620402\qvis_v4620402\page\Normal_Task5_Page2.qpa
        Message_Line_Englisch.qob
        BtPanel_Left.qob
        BtPanel_Left_Text.qob
        Taskbar_NormalOperate.qob
        PageHeader.qob
        Message_Line_Deutsch.qob
        MachineState.qob
        LampTest.qob
        FnBtFunction_Normal_Task5_Page2.qob
        LampTest_YES_NO.qob
        LampTest_OrderList.qob
        BtPanelRight_Normal_Task5_Page2.qob
        SecurityStateMessage.qob
    d:\swdev4_pum\bore800_software\sw_versionen\462\v4620402\qvis_v4620402\page\Normal_Task5_Page3.qpa
        Message_Line_Englisch.qob
        BtPanel_Left.qob
        BtPanel_Left_Text.qob
        Taskbar_NormalOperate.qob
        BtPanelRight_Normal_Task5_Page3.qob
        PageHeader.qob
        Message_Line_Deutsch.qob
        MachineState.qob
        SecurityStateMessage.qob
        FnBtFunction_Normal_Task5_Page3.qob
        SafetyInfo.qob
    d:\swdev4_pum\bore800_software\sw_versionen\462\v4620402\qvis_v4620402\page\Normal_Task5_Page4.qpa
        Message_Line_Englisch.qob
        BtPanel_Left.qob
        BtPanel_Left_Text.qob
        Taskbar_NormalOperate.qob
        BtPanelRight_Normal_Task5_Page4.qob
        PageHeader.qob
        Message_Line_Deutsch.qob
        MachineState.qob
        SystemInfo.qob
        SecurityStateMessage.qob
        FnBtFunction_Normal_Task5_Page4.qob
    d:\swdev4_pum\bore800_software\sw_versionen\462\v4620402\qvis_v4620402\page\Normal_Task6_Page1.qpa
        Message_Line_Englisch.qob
        BtPanel_Left.qob
        BtPanel_Left_Text.qob
        Taskbar_NormalOperate.qob
        PageHeader.qob
        Message_Line_Deutsch.qob
        MachineState.qob
        ErrorListEnglish.qob
        ErrorListDeutsch.qob
        BtPanelRight_Normal_Task6_Page1.qob
        SecurityStateMessage.qob
    d:\swdev4_pum\bore800_software\sw_versionen\462\v4620402\qvis_v4620402\page\Normal_Task6_Page2.qpa
        Message_Line_Englisch.qob
        BtPanel_Left.qob
        BtPanel_Left_Text.qob
        Taskbar_NormalOperate.qob
        PageHeader.qob
        Message_Line_Deutsch.qob
        MachineState.qob
        WarningListEnglish.qob
        WarningListDeutsch.qob
        BtPanelRight_Normal_Task6_Page2.qob
        SecurityStateMessage.qob
    d:\swdev4_pum\bore800_software\sw_versionen\462\v4620402\qvis_v4620402\page\Normal_Parameter_Page1.qpa
        Param_Nav_AllTask.qob
        Message_Line_Englisch.qob
        BtPanel_Left.qob
        BtPanel_Left_Text.qob
        Taskbar_NormalOperate.qob
        BtPanelRight_Normal_Parameter_Page1.qob
        PageHeader.qob
        Message_Line_Deutsch.qob
        MachineState.qob
        SecurityStateMessage.qob
        NavParam.qob
        NavParamNoEdit.qob
        NavParamNoParam.qob
        Param_Normal_List1.qob
        Param_Normal_List2.qob
        Param_Normal_List3.qob
        Param_NoParameter.qob
    d:\swdev4_pum\bore800_software\sw_versionen\462\v4620402\qvis_v4620402\page\KeypadNum_2x.qpa
        KeypadNum_2x.qob
    d:\swdev4_pum\bore800_software\sw_versionen\462\v4620402\qvis_v4620402\page\TextKeypad_gross.qpa
        TextKeypad_gross.qob
    d:\swdev4_pum\bore800_software\sw_versionen\462\v4620402\qvis_v4620402\page\TextSymbolKeypad_2x.qpa
        TextSymbolKeypad_2x.qob
    d:\swdev4_pum\bore800_software\sw_versionen\462\v4620402\qvis_v4620402\page\SetupA_Task1_Page1.qpa
        Message_Line_Englisch.qob
        BtPanel_Left.qob
        BtPanelSetup_Left_Text.qob
        Taskbar_SetupAOperate.qob
        BtPanelRight_SetupA_Task1_Page1.qob
        PageHeader.qob
        Message_Line_Deutsch.qob
        MachineState.qob
        StationCommonDataInfoValueHandMode.qob
        SecurityStateMessage.qob
        AxisPosition.qob
        WPSelected.qob
        Handmode_SelectMode_NozzleTip.qob
        Handmode_SelectMode_NozzleTip.qob
        Handmode_SelectMode_NozzleTip.qob
        Handmode_SelectMode_GateInsert.qob
        Handmode_SelectMode_GateInsert.qob
        Handmode_SelectMode_Bushing.qob
    d:\swdev4_pum\bore800_software\sw_versionen\462\v4620402\qvis_v4620402\page\SetupA_Task1_Page2.qpa
        Message_Line_Englisch.qob
        BtPanel_Left.qob
        BtPanelSetup_Left_Text.qob
        Taskbar_SetupAOperate.qob
        BtPanelRight_SetupA_Task1_Page2.qob
        PageHeader.qob
        Message_Line_Deutsch.qob
        MachineState.qob
        StationCommonDataInfoState.qob
        StationState_Common.qob
        ProfileBarCommonState.qob
        DataOnlineChange_List1.qob
        DataOnlineChange_List2.qob
        NavOnlineChangeList.qob
        SecurityStateMessage.qob
    d:\swdev4_pum\bore800_software\sw_versionen\462\v4620402\qvis_v4620402\page\SetupA_Task2_Page1.qpa
        Message_Line_Englisch.qob
        Message_Line_Deutsch.qob
        BtPanel_Left.qob
        BtPanelSetup_Left_Text.qob
        Taskbar_SetupAOperate.qob
        BtPanelRight_SetupA_Task2_Page1.qob
        PageHeader.qob
        MachineState.qob
        StationCommonDataInfoState.qob
        ProfileBarCommonState.qob
        ProfileId.qob
        ProfileList.qob
        Nav_ProfileList.qob
        SecurityStateMessage.qob
        StationState_Common.qob
    d:\swdev4_pum\bore800_software\sw_versionen\462\v4620402\qvis_v4620402\page\SetupA_Task5_Page1.qpa
        Message_Line_Englisch.qob
        BtPanel_Left.qob
        BtPanelSetup_Left_Text.qob
        Taskbar_SetupAOperate.qob
        BtPanelRight_SetupA_Task5_Page1.qob
        PageHeader.qob
        Message_Line_Deutsch.qob
        MachineState.qob
        SecurityStateMessage.qob
        FnBtFunction_SetupA_Task5_Page1.qob
        PotentiometerValues.qob
    d:\swdev4_pum\bore800_software\sw_versionen\462\v4620402\qvis_v4620402\page\SetupA_Task5_Page2.qpa
        Message_Line_Englisch.qob
        BtPanel_Left.qob
        BtPanelSetup_Left_Text.qob
        Taskbar_SetupAOperate.qob
        BtPanelRight_SetupA_Task5_Page2.qob
        PageHeader.qob
        Message_Line_Deutsch.qob
        MachineState.qob
        SecurityStateMessage.qob
        FnBtFunction_SetupA_Task5_Page2.qob
        FTP_Config.qob
    d:\swdev4_pum\bore800_software\sw_versionen\462\v4620402\qvis_v4620402\page\SetupA_Task6_Page1.qpa
        Message_Line_Englisch.qob
        BtPanel_Left.qob
        BtPanelSetup_Left_Text.qob
        Taskbar_SetupAOperate.qob
        PageHeader.qob
        Message_Line_Deutsch.qob
        MachineState.qob
        ErrorListEnglish.qob
        ErrorListDeutsch.qob
        BtPanelRight_SetupA_Task6_Page1.qob
        SecurityStateMessage.qob
    d:\swdev4_pum\bore800_software\sw_versionen\462\v4620402\qvis_v4620402\page\SetupA_Task6_Page2.qpa
        Message_Line_Englisch.qob
        BtPanel_Left.qob
        BtPanelSetup_Left_Text.qob
        Taskbar_SetupAOperate.qob
        PageHeader.qob
        Message_Line_Deutsch.qob
        MachineState.qob
        WarningListEnglish.qob
        WarningListDeutsch.qob
        BtPanelRight_SetupA_Task6_Page2.qob
        SecurityStateMessage.qob
    d:\swdev4_pum\bore800_software\sw_versionen\462\v4620402\qvis_v4620402\page\SetupA_Parameter_Page1.qpa
        Message_Line_Englisch.qob
        BtPanel_Left.qob
        BtPanelSetup_Left_Text.qob
        Taskbar_SetupAOperate.qob
        BtPanelRight_SetupA_Parameter_Page1.qob
        PageHeader.qob
        Message_Line_Deutsch.qob
        MachineState.qob
        SecurityStateMessage.qob
        Param_Nav_AllTask.qob
        NavParam.qob
        NavParamNoEdit.qob
        NavParamNoParam.qob
        ProfileBarCommonState.qob
        Param_SetupA_List1.qob
        Param_SetupA_List2.qob
        Param_SetupA_List3.qob
        Param_SetupA_List4.qob
        Param_SetupA_List5.qob
        Param_NoParameter.qob
    d:\swdev4_pum\bore800_software\sw_versionen\462\v4620402\qvis_v4620402\page\SetupB_Task1_Page1.qpa
        Message_Line_Englisch.qob
        TeachINValue_Axis_S.qob
        TeachInBackground_SetupB.qob
        BtPanel_Left.qob
        BtPanelSetup_Left_Text.qob
        Taskbar_SetupBOperate.qob
        BtPanelRight_SetupB_Task1_Page1.qob
        PageHeader.qob
        Message_Line_Deutsch.qob
        MachineState.qob
        FnBtFunction_SetupB_Task1_Page1_3.qob
        FnBtFunction_SetupB_Task1_Page1_2.qob
        FnBtFunction_SetupB_Task1_Page1_1.qob
        TeachINSelect_Axis_Z1.qob
        TeachINSelect_Axis_S.qob
        TeachINValue_Axis_Z1.qob
        AxisPosition.qob
        SecurityStateMessage.qob
        TeachINSelect_Axis_Z2.qob
        TeachINValue_Axis_Z2.qob
    d:\swdev4_pum\bore800_software\sw_versionen\462\v4620402\qvis_v4620402\page\SetupB_Task1_Page2.qpa
        Message_Line_Englisch.qob
        TeachInBackground_SetupC1.qob
        TeachINValue_Axis_XY_Bushing.qob
        BtPanel_Left.qob
        BtPanelSetup_Left_Text.qob
        Taskbar_SetupBOperate.qob
        PageHeader.qob
        Message_Line_Deutsch.qob
        MachineState.qob
        SecurityStateMessage.qob
        FnBtFunction_SetupC_Task1_Page1_2.qob
        FnBtFunction_SetupC_Task1_Page1_3.qob
        BtPanelRight_SetupC_Task1_Page1_2.qob
        BtPanelRight_SetupC_Task1_Page1_3.qob
        TeachINSelect_Axis_X.qob
        TeachINSelect_Axis_Y.qob
        AxisPosition.qob
        AxisXY_Select_WP_Bushing.qob
        AxisXY_Select_WP_GateInsert.qob
        AxisXY_Select_WP_NozzleTip.qob
        TeachINValue_Axis_XY_GateInsert.qob
        TeachINValue_Axis_XY_NozzleTip.qob
    d:\swdev4_pum\bore800_software\sw_versionen\462\v4620402\qvis_v4620402\page\SetupB_Task2_Page1.qpa
        Message_Line_Englisch.qob
        CylinderBackgroundMicroHead_SetupB.qob
        BtPanel_Left.qob
        BtPanelSetup_Left_Text.qob
        Taskbar_SetupBOperate.qob
        BtPanelRight_SetupB_Task2_Page1.qob
        PageHeader.qob
        Message_Line_Deutsch.qob
        MachineState.qob
        SecurityStateMessage.qob
        CylManB1.qob
        CylManB2.qob
        CylManB3.qob
        CylManB5.qob
        CylManB7.qob
    d:\swdev4_pum\bore800_software\sw_versionen\462\v4620402\qvis_v4620402\page\SetupB_Task2_Page2.qpa
        Message_Line_Englisch.qob
        CylinderBackgroundMicroHead_SetupB_2.qob
        BtPanel_Left.qob
        BtPanelSetup_Left_Text.qob
        Taskbar_SetupBOperate.qob
        BtPanelRight_SetupB_Task2_Page2.qob
        PageHeader.qob
        Message_Line_Deutsch.qob
        MachineState.qob
        SecurityStateMessage.qob
        CylManB8.qob
        CylManB9.qob
    d:\swdev4_pum\bore800_software\sw_versionen\462\v4620402\qvis_v4620402\page\SetupB_Task3_Page1.qpa
        Message_Line_Englisch.qob
        BtPanel_Left.qob
        BtPanelSetup_Left_Text.qob
        Taskbar_SetupBOperate.qob
        BtPanelRight_SetupB_Task3_Page1.qob
        PageHeader.qob
        Message_Line_Deutsch.qob
        MachineState.qob
        ValveBackground_SetupB.qob
        SecurityStateMessage.qob
        CylManB10.qob
        CylManB14.qob
    d:\swdev4_pum\bore800_software\sw_versionen\462\v4620402\qvis_v4620402\page\SetupB_Task4_Page1.qpa
        Message_Line_Englisch.qob
        BtPanel_Left.qob
        BtPanelSetup_Left_Text.qob
        Taskbar_SetupBOperate.qob
        BtPanelRight_SetupB_Task4_Page1.qob
        PageHeader.qob
        Message_Line_Deutsch.qob
        MachineState.qob
        FunctionListMicrohead.qob
        SecurityStateMessage.qob
        AxisPosition.qob
        HandlingFunction_MeasureHole.qob
        StationCommonDataInfoValueSetup.qob
        HandlingFunction_Select_WP_Bushing.qob
        HandlingFunction_Select_WP_GateInsert.qob
        HandlingFunction_Select_WP_NozzleTip.qob
    d:\swdev4_pum\bore800_software\sw_versionen\462\v4620402\qvis_v4620402\page\SetupB_Task5_Page1.qpa
        Message_Line_Englisch.qob
        BtPanel_Left.qob
        BtPanelSetup_Left_Text.qob
        Taskbar_SetupBOperate.qob
        BtPanelRight_SetupB_Task5_Page1.qob
        PageHeader.qob
        Message_Line_Deutsch.qob
        MachineState.qob
        SpindleCalibration.qob
        SecurityStateMessage.qob
    d:\swdev4_pum\bore800_software\sw_versionen\462\v4620402\qvis_v4620402\page\SetupB_Task5_Page2.qpa
        Message_Line_Englisch.qob
        BtPanel_Left.qob
        BtPanelSetup_Left_Text.qob
        Taskbar_SetupBOperate.qob
        BtPanelRight_SetupB_Task5_Page2.qob
        PageHeader.qob
        Message_Line_Deutsch.qob
        MachineState.qob
        BurnInProcedure.qob
        SecurityStateMessage.qob
    d:\swdev4_pum\bore800_software\sw_versionen\462\v4620402\qvis_v4620402\page\SetupB_Task5_Page3.qpa
        Message_Line_Englisch.qob
        BtPanel_Left.qob
        BtPanelSetup_Left_Text.qob
        Taskbar_SetupBOperate.qob
        BtPanelRight_SetupB_Task5_Page3.qob
        PageHeader.qob
        Message_Line_Deutsch.qob
        MachineState.qob
        SecurityStateMessage.qob
        AxisPosition.qob
        Z1Z2AchseErstEinrichtung_1.qob
        Z1Z2AchseErstEinrichtung_2.qob
        Z1Z2AchseErstEinrichtung_3.qob
        Z1Z2AchseErstEinrichtung_4.qob
        Z1Z2AchseErstEinrichtung_5.qob
        Z1Z2AchseErstEinrichtung_6.qob
        Z1Z2AchseErstEinrichtung_7.qob
        Z1Z2AchseErstEinrichtung_8.qob
    d:\swdev4_pum\bore800_software\sw_versionen\462\v4620402\qvis_v4620402\page\SetupB_Task5_Page4.qpa
        Message_Line_Englisch.qob
        TeachInBackground_SetupC1.qob
        BtPanel_Left.qob
        BtPanelSetup_Left_Text.qob
        Taskbar_SetupBOperate.qob
        BtPanelRight_SetupB_Task5_Page4.qob
        PageHeader.qob
        Message_Line_Deutsch.qob
        MachineState.qob
        SecurityStateMessage.qob
        CylManB2.qob
        CylManB3.qob
        FnBtFunction_SetupB_Task5_Page4.qob
        TeachINValue_AnalogSensor.qob
    d:\swdev4_pum\bore800_software\sw_versionen\462\v4620402\qvis_v4620402\page\SetupB_Task5_Page5.qpa
        Message_Line_Englisch.qob
        BtPanel_Left.qob
        BtPanelSetup_Left_Text.qob
        Taskbar_SetupBOperate.qob
        BtPanelRight_SetupB_Task5_Page5.qob
        PageHeader.qob
        Message_Line_Deutsch.qob
        MachineState.qob
        ConfigSpindle.qob
        SecurityStateMessage.qob
        ConfigSpindle_L1.qob
    d:\swdev4_pum\bore800_software\sw_versionen\462\v4620402\qvis_v4620402\page\SetupB_Task5_Page6.qpa
        Message_Line_Englisch.qob
        BtPanel_Left.qob
        BtPanelSetup_Left_Text.qob
        Taskbar_SetupBOperate.qob
        BtPanelRight_SetupB_Task5_Page6.qob
        PageHeader.qob
        Message_Line_Deutsch.qob
        MachineState.qob
        ConfigTorque.qob
        SecurityStateMessage.qob
        ConfigTorque_L1.qob
    d:\swdev4_pum\bore800_software\sw_versionen\462\v4620402\qvis_v4620402\page\SetupB_Task5_Page7.qpa
        Message_Line_Englisch.qob
        BtPanel_Left.qob
        BtPanelSetup_Left_Text.qob
        Taskbar_SetupBOperate.qob
        BtPanelRight_SetupB_Task5_Page7.qob
        PageHeader.qob
        Message_Line_Deutsch.qob
        MachineState.qob
        SecurityStateMessage.qob
        FnBtFunction_SetupB_Task5_Page7.qob
        TeachINValue_ToolDetection.qob
        AxisPosition.qob
        Z1Z2DiffPosition.qob
        ProfileBarCommonState.qob
    d:\swdev4_pum\bore800_software\sw_versionen\462\v4620402\qvis_v4620402\page\SetupB_Task6_Page1.qpa
        Message_Line_Englisch.qob
        BtPanel_Left.qob
        BtPanelSetup_Left_Text.qob
        Taskbar_SetupBOperate.qob
        PageHeader.qob
        Message_Line_Deutsch.qob
        MachineState.qob
        ErrorListEnglish.qob
        ErrorListDeutsch.qob
        BtPanelRight_SetupB_Task6_Page1.qob
        SecurityStateMessage.qob
    d:\swdev4_pum\bore800_software\sw_versionen\462\v4620402\qvis_v4620402\page\SetupB_Task6_Page2.qpa
        Message_Line_Englisch.qob
        BtPanel_Left.qob
        BtPanelSetup_Left_Text.qob
        Taskbar_SetupBOperate.qob
        PageHeader.qob
        Message_Line_Deutsch.qob
        MachineState.qob
        WarningListEnglish.qob
        WarningListDeutsch.qob
        BtPanelRight_SetupB_Task6_Page2.qob
        SecurityStateMessage.qob
    d:\swdev4_pum\bore800_software\sw_versionen\462\v4620402\qvis_v4620402\page\SetupB_Parameter_Page1.qpa
        Message_Line_Englisch.qob
        BtPanel_Left.qob
        BtPanelSetup_Left_Text.qob
        Taskbar_SetupBOperate.qob
        BtPanelRight_SetupB_Parameter_Page1.qob
        PageHeader.qob
        Message_Line_Deutsch.qob
        MachineState.qob
        SecurityStateMessage.qob
        Param_Nav_AllTask.qob
        NavParam.qob
        NavParamNoEdit.qob
        NavParamNoParam.qob
        Param_SetupB_List1.qob
        Param_SetupB_List2.qob
        Param_SetupB_List3.qob
        Param_SetupB_List4.qob
        Param_SetupB_List5.qob
        Param_SetupB_List6.qob
        Param_SetupB_List7.qob
        Param_SetupB_List8.qob
        Param_SetupB_List9.qob
        Param_SetupB_List10.qob
        Param_SetupB_List11.qob
        Param_SetupB_List12.qob
        Param_SetupB_List13.qob
        Param_NoParameter.qob
    d:\swdev4_pum\bore800_software\sw_versionen\462\v4620402\qvis_v4620402\page\SetupC_Task1_Page1.qpa
        Message_Line_Englisch.qob
        TeachInBackground_SetupC1.qob
        TeachINValue_Axis_XY_Bushing.qob
        BtPanel_Left.qob
        BtPanelSetup_Left_Text.qob
        Taskbar_SetupCOperate.qob
        PageHeader.qob
        Message_Line_Deutsch.qob
        MachineState.qob
        SecurityStateMessage.qob
        FnBtFunction_SetupC_Task1_Page1_2.qob
        FnBtFunction_SetupC_Task1_Page1_3.qob
        BtPanelRight_SetupC_Task1_Page1_2.qob
        BtPanelRight_SetupC_Task1_Page1_3.qob
        TeachINSelect_Axis_X.qob
        TeachINSelect_Axis_Y.qob
        AxisPosition.qob
        AxisXY_Select_WP_Bushing.qob
        AxisXY_Select_WP_GateInsert.qob
        AxisXY_Select_WP_NozzleTip.qob
        TeachINValue_Axis_XY_GateInsert.qob
        TeachINValue_Axis_XY_NozzleTip.qob
    d:\swdev4_pum\bore800_software\sw_versionen\462\v4620402\qvis_v4620402\page\SetupC_Task2_Page1.qpa
        Message_Line_Englisch.qob
        CylinderBackground_SetupC.qob
        BtPanel_Left.qob
        BtPanelSetup_Left_Text.qob
        Taskbar_SetupCOperate.qob
        PageHeader.qob
        Message_Line_Deutsch.qob
        MachineState.qob
        SecurityStateMessage.qob
        BtPanelRight_SetupC_Task2_Page1.qob
        CylManC6.qob
    d:\swdev4_pum\bore800_software\sw_versionen\462\v4620402\qvis_v4620402\page\SetupC_Task3_Page1.qpa
        HandlingFunction_HolePosValidate.qob
        HandlingFunction_MeasureDiaWorkpiece.qob
        HandlingFunction_MeasureDiaSetupDisk.qob
        HandlingFunction_MeasureHole.qob
        Message_Line_Englisch.qob
        BtPanel_Left.qob
        BtPanelSetup_Left_Text.qob
        Taskbar_SetupCOperate.qob
        BtPanelRight_SetupC_Task3_Page1.qob
        PageHeader.qob
        Message_Line_Deutsch.qob
        MachineState.qob
        FunctionListHandling.qob
        SecurityStateMessage.qob
        AxisPosition.qob
        HandlingFunction_MeasureHole.qob
        HandlingFunction_Select_WP_NozzleTip.qob
        HandlingFunction_Select_WP_Bushing.qob
        HandlingFunction_Select_WP_GateInsert.qob
    d:\swdev4_pum\bore800_software\sw_versionen\462\v4620402\qvis_v4620402\page\SetupC_Task4_Page1.qpa
        Message_Line_Englisch.qob
        BtPanel_Left.qob
        BtPanelSetup_Left_Text.qob
        Taskbar_SetupCOperate.qob
        BtPanelRight_SetupC_Task4_Page1.qob
        PageHeader.qob
        Message_Line_Deutsch.qob
        MachineState.qob
        SecurityStateMessage.qob
        FnBtFunction_SetupC_Task4_Page1.qob
        Handling_Config1_1.qob
        WPSelected_X455.qob
        Handling_Config1_2.qob
        Handling_Config1_3.qob
        ProfileBarCommonState.qob
    d:\swdev4_pum\bore800_software\sw_versionen\462\v4620402\qvis_v4620402\page\SetupC_Task4_Page2.qpa
        Message_Line_Englisch.qob
        BtPanel_Left.qob
        BtPanelSetup_Left_Text.qob
        Taskbar_SetupCOperate.qob
        BtPanelRight_SetupC_Task4_Page2.qob
        PageHeader.qob
        Message_Line_Deutsch.qob
        MachineState.qob
        SecurityStateMessage.qob
        FnBtFunction_SetupC_Task4_Page2.qob
        Handling_Config2.qob
    d:\swdev4_pum\bore800_software\sw_versionen\462\v4620402\qvis_v4620402\page\SetupC_Task4_Page3.qpa
        Message_Line_Englisch.qob
        BtPanel_Left.qob
        BtPanelSetup_Left_Text.qob
        Taskbar_SetupCOperate.qob
        BtPanelRight_SetupC_Task4_Page3.qob
        PageHeader.qob
        Message_Line_Deutsch.qob
        MachineState.qob
        SecurityStateMessage.qob
        FnBtFunction_SetupC_Task4_Page3.qob
        Handling_Config3.qob
    d:\swdev4_pum\bore800_software\sw_versionen\462\v4620402\qvis_v4620402\page\SetupC_Task5_Page1.qpa
        Message_Line_Englisch.qob
        BtPanel_Left.qob
        BtPanelSetup_Left_Text.qob
        Taskbar_SetupCOperate.qob
        BtPanelRight_SetupC_Task5_Page1.qob
        PageHeader.qob
        Message_Line_Deutsch.qob
        MachineState.qob
        SecurityStateMessage.qob
        XYAchseErstEinrichtung_1.qob
        XYAchseErstEinrichtung_2.qob
        XYAchseErstEinrichtung_3.qob
        XYAchseErstEinrichtung_4.qob
        AxisPosition.qob
    d:\swdev4_pum\bore800_software\sw_versionen\462\v4620402\qvis_v4620402\page\SetupC_Task5_Page2.qpa
        Message_Line_Englisch.qob
        BtPanel_Left.qob
        BtPanelSetup_Left_Text.qob
        Taskbar_SetupCOperate.qob
        BtPanelRight_SetupC_Task5_Page2.qob
        PageHeader.qob
        Message_Line_Deutsch.qob
        MachineState.qob
        SecurityStateMessage.qob
        XYAchseZweitEinrichtung_1.qob
        XYAchseZweitEinrichtung_2.qob
        XYAchseZweitEinrichtung_3.qob
        XYAchseZweitEinrichtung_4.qob
        XYAchseZweitEinrichtung_5.qob
        XYAchseZweitEinrichtung_6.qob
        XYAchseZweitEinrichtung_7.qob
        XYAchseZweitEinrichtung_8.qob
        XYAchseZweitEinrichtung_9.qob
        XYAchseZweitEinrichtung_10.qob
        AxisPosition.qob
    d:\swdev4_pum\bore800_software\sw_versionen\462\v4620402\qvis_v4620402\page\SetupC_Task5_Page3.qpa
        Message_Line_Englisch.qob
        BtPanel_Left.qob
        BtPanelSetup_Left_Text.qob
        Taskbar_SetupCOperate.qob
        BtPanelRight_SetupC_Task5_Page3.qob
        PageHeader.qob
        Message_Line_Deutsch.qob
        MachineState.qob
        SecurityStateMessage.qob
        XYAchseDrittEinrichtung_1.qob
        XYAchseDrittEinrichtung_2.qob
        XYAchseDrittEinrichtung_3.qob
        XYAchseDrittEinrichtung_4.qob
        AxisPosition.qob
        XYAchseDrittEinrichtung_5.qob
        XYAchseDrittEinrichtung_6.qob
    d:\swdev4_pum\bore800_software\sw_versionen\462\v4620402\qvis_v4620402\page\SetupC_Task5_Page4.qpa
        Message_Line_Englisch.qob
        BtPanel_Left.qob
        BtPanelSetup_Left_Text.qob
        Taskbar_SetupCOperate.qob
        BtPanelRight_SetupC_Task5_Page4.qob
        PageHeader.qob
        Message_Line_Deutsch.qob
        MachineState.qob
        SecurityStateMessage.qob
        XYAchseViertEinrichtung_1.qob
        XYAchseViertEinrichtung_2.qob
        XYAchseViertEinrichtung_3.qob
        XYAchseViertEinrichtung_4.qob
        XYAchseViertEinrichtung_5.qob
        AxisPosition.qob
    d:\swdev4_pum\bore800_software\sw_versionen\462\v4620402\qvis_v4620402\page\SetupC_Task6_Page1.qpa
        Message_Line_Englisch.qob
        BtPanel_Left.qob
        BtPanelSetup_Left_Text.qob
        Taskbar_SetupCOperate.qob
        PageHeader.qob
        Message_Line_Deutsch.qob
        MachineState.qob
        ErrorListEnglish.qob
        ErrorListDeutsch.qob
        BtPanelRight_SetupC_Task6_Page1.qob
        SecurityStateMessage.qob
    d:\swdev4_pum\bore800_software\sw_versionen\462\v4620402\qvis_v4620402\page\SetupC_Task6_Page2.qpa
        Message_Line_Englisch.qob
        BtPanel_Left.qob
        BtPanelSetup_Left_Text.qob
        Taskbar_SetupCOperate.qob
        PageHeader.qob
        Message_Line_Deutsch.qob
        MachineState.qob
        WarningListEnglish.qob
        WarningListDeutsch.qob
        BtPanelRight_SetupC_Task6_Page2.qob
        SecurityStateMessage.qob
    d:\swdev4_pum\bore800_software\sw_versionen\462\v4620402\qvis_v4620402\page\SetupC_Parameter_Page1.qpa
        Message_Line_Englisch.qob
        BtPanel_Left.qob
        BtPanelSetup_Left_Text.qob
        Taskbar_SetupCOperate.qob
        BtPanelRight_SetupC_Parameter_Page1.qob
        PageHeader.qob
        Message_Line_Deutsch.qob
        MachineState.qob
        SecurityStateMessage.qob
        Param_Nav_AllTask.qob
        NavParam.qob
        NavParamNoEdit.qob
        NavParamNoParam.qob
        Param_SetupC_List1.qob
        Param_SetupC_List2.qob
        Param_SetupC_List3.qob
        Param_SetupC_List4.qob
        Param_SetupC_List5.qob
        Param_SetupC_List6.qob
        Param_SetupC_List7.qob
        Param_SetupC_List8.qob
        Param_SetupC_List9.qob
        Param_SetupC_List10.qob
        Param_NoParameter.qob
    d:\swdev4_pum\bore800_software\sw_versionen\462\v4620402\qvis_v4620402\page\Wait_Com.qpa
        MaTitleWaitCom.qob
        ExitQVisButton.qob
    d:\swdev4_pum\bore800_software\sw_versionen\462\v4620402\qvis_v4620402\page\Startpage.qpa
        Message_Line_Englisch.qob
        Message_Line_Deutsch.qob
        Startpage.qob
        ExitQVisButton.qob
        SecurityStateMessage.qob
        MessageErrorOverlay.qob
        ShutDown.qob
    d:\swdev4_pum\bore800_software\sw_versionen\462\v4620402\qvis_v4620402\page\Page_BIOS_1.qpa
        BtPanel_Left.qob
        BtPanelRight_BIOS_Page1.qob
        SelectUserLevelBIOS.qob
        PageHeader.qob
        MachineState.qob
        Taskbar_BIOS.qob
        Message_Line_BIOS.qob
    d:\swdev4_pum\bore800_software\sw_versionen\462\v4620402\qvis_v4620402\page\Page_BIOS_2.qpa
        BtPanel_Left.qob
        BtPanelRight_BIOS_Page2.qob
        NavParam.qob
        PageHeader.qob
        MachineState.qob
        Taskbar_BIOS.qob
        Param_BIOS.qob
        Message_Line_BIOS.qob
Character sets
    D:\SWDEV4_PUM\Bore800_Software\SW_Versionen\462\V4620402\QVIS_V4620402\Build\chs000.chs
    D:\SWDEV4_PUM\Bore800_Software\SW_Versionen\462\V4620402\QVIS_V4620402\Build\chs001.chs
    D:\SWDEV4_PUM\Bore800_Software\SW_Versionen\462\V4620402\QVIS_V4620402\Build\chs002.chs
    D:\SWDEV4_PUM\Bore800_Software\SW_Versionen\462\V4620402\QVIS_V4620402\Build\chs003.chs
    D:\SWDEV4_PUM\Bore800_Software\SW_Versionen\462\V4620402\QVIS_V4620402\Build\chs004.chs
    D:\SWDEV4_PUM\Bore800_Software\SW_Versionen\462\V4620402\QVIS_V4620402\Build\chs005.chs
    D:\SWDEV4_PUM\Bore800_Software\SW_Versionen\462\V4620402\QVIS_V4620402\Build\chs006.chs
    D:\SWDEV4_PUM\Bore800_Software\SW_Versionen\462\V4620402\QVIS_V4620402\Build\chs007.chs
Project settings
    Pages
    Keyboard layouts
Advanced settings
Creating project.bin...
Build completed with 0 errors and 0 warnings.
-----------------------------------------------
