Copy Files to temporary Path
Copy Project Directory from Y:\SWDEV4_PUM\Bore800_Software\SW_Versionen\462\V4620698\QVIS_V4620698 to C:\Users\MARCOP~1\AppData\Local\Temp\QVisTmp
Copy Symbol Directory from .\bitmap to C:\Users\MARCOP~1\AppData\Local\Temp\QVisTmp\Symbol
Copy Object Directory from .\object to C:\Users\MARCOP~1\AppData\Local\Temp\QVisTmp\Object
Copy Page Directory from .\page to C:\Users\MARCOP~1\AppData\Local\Temp\QVisTmp\Page
Copy TextList Directory from .\textlist to C:\Users\MARCOP~1\AppData\Local\Temp\QVisTmp\TextList
Copy Font Directory from .\character to C:\Users\MARCOP~1\AppData\Local\Temp\QVisTmp\Chs
Loading...
    c:\users\marcop~1\appdata\local\temp\qvistmp\page\Normal_Task1_Page1.qpa
    c:\users\marcop~1\appdata\local\temp\qvistmp\page\Normal_Task1_Page2.qpa
    c:\users\marcop~1\appdata\local\temp\qvistmp\page\Normal_Task1_Page3.qpa
    c:\users\marcop~1\appdata\local\temp\qvistmp\page\Normal_Task1_Page4.qpa
    c:\users\marcop~1\appdata\local\temp\qvistmp\page\Normal_Task2_Page1.qpa
    c:\users\marcop~1\appdata\local\temp\qvistmp\page\Normal_Task3_Page1.qpa
    c:\users\marcop~1\appdata\local\temp\qvistmp\page\Normal_Task4_Page1.qpa
    c:\users\marcop~1\appdata\local\temp\qvistmp\page\Normal_Task4_Page2.qpa
    c:\users\marcop~1\appdata\local\temp\qvistmp\page\Normal_Task4_Page3.qpa
    c:\users\marcop~1\appdata\local\temp\qvistmp\page\Normal_Task5_Page1.qpa
    c:\users\marcop~1\appdata\local\temp\qvistmp\page\Normal_Task5_Page2.qpa
    c:\users\marcop~1\appdata\local\temp\qvistmp\page\Normal_Task5_Page3.qpa
    c:\users\marcop~1\appdata\local\temp\qvistmp\page\Normal_Task5_Page4.qpa
    c:\users\marcop~1\appdata\local\temp\qvistmp\page\Normal_Task6_Page1.qpa
    c:\users\marcop~1\appdata\local\temp\qvistmp\page\Normal_Parameter_Page1.qpa
    c:\users\marcop~1\appdata\local\temp\qvistmp\page\KeypadNum_2x.qpa
    c:\users\marcop~1\appdata\local\temp\qvistmp\page\TextKeypad_gross.qpa
    c:\users\marcop~1\appdata\local\temp\qvistmp\page\TextSymbolKeypad_2x.qpa
    c:\users\marcop~1\appdata\local\temp\qvistmp\page\SetupA_Task1_Page1.qpa
    c:\users\marcop~1\appdata\local\temp\qvistmp\page\SetupA_Task1_Page2.qpa
    c:\users\marcop~1\appdata\local\temp\qvistmp\page\SetupA_Task1_Page3.qpa
    c:\users\marcop~1\appdata\local\temp\qvistmp\page\SetupA_Task1_Page4.qpa
    c:\users\marcop~1\appdata\local\temp\qvistmp\page\SetupA_Task1_Page5.qpa
    c:\users\marcop~1\appdata\local\temp\qvistmp\page\SetupA_Task2_Page1.qpa
    c:\users\marcop~1\appdata\local\temp\qvistmp\page\SetupA_Task5_Page1.qpa
    c:\users\marcop~1\appdata\local\temp\qvistmp\page\SetupA_Task6_Page1.qpa
    c:\users\marcop~1\appdata\local\temp\qvistmp\page\SetupA_Parameter_Page1.qpa
    c:\users\marcop~1\appdata\local\temp\qvistmp\page\SetupB_Task1_Page1.qpa
    c:\users\marcop~1\appdata\local\temp\qvistmp\page\SetupB_Task2_Page1.qpa
    c:\users\marcop~1\appdata\local\temp\qvistmp\page\SetupB_Task3_Page1.qpa
    c:\users\marcop~1\appdata\local\temp\qvistmp\page\SetupB_Task4_Page1.qpa
    c:\users\marcop~1\appdata\local\temp\qvistmp\page\SetupB_Task5_Page1.qpa
    c:\users\marcop~1\appdata\local\temp\qvistmp\page\SetupB_Task5_Page2.qpa
    c:\users\marcop~1\appdata\local\temp\qvistmp\page\SetupB_Task5_Page3.qpa
    c:\users\marcop~1\appdata\local\temp\qvistmp\page\SetupB_Task5_Page4.qpa
    c:\users\marcop~1\appdata\local\temp\qvistmp\page\SetupB_Task5_Page5.qpa
    c:\users\marcop~1\appdata\local\temp\qvistmp\page\SetupB_Task6_Page1.qpa
    c:\users\marcop~1\appdata\local\temp\qvistmp\page\SetupB_Parameter_Page1.qpa
    c:\users\marcop~1\appdata\local\temp\qvistmp\page\Wait_Com.qpa
    c:\users\marcop~1\appdata\local\temp\qvistmp\page\Startpage.qpa
    c:\users\marcop~1\appdata\local\temp\qvistmp\page\Page_BIOS_1.qpa
    c:\users\marcop~1\appdata\local\temp\qvistmp\page\Page_BIOS_2.qpa
Building...
    Texts of Language 1
    Texts of Language 2
Symbols
    c:\users\marcop~1\appdata\local\temp\qvistmp\symbol\BtUp_160x50.bmp
    c:\users\marcop~1\appdata\local\temp\qvistmp\symbol\BtDown_160x50.bmp
    c:\users\marcop~1\appdata\local\temp\qvistmp\symbol\BtFnBackGround.bmp
    c:\users\marcop~1\appdata\local\temp\qvistmp\symbol\BtPanel_left_inactiv.bmp
    c:\users\marcop~1\appdata\local\temp\qvistmp\symbol\BtPanel_left_activ.bmp
    c:\users\marcop~1\appdata\local\temp\qvistmp\symbol\BtUp_80x50.bmp
    c:\users\marcop~1\appdata\local\temp\qvistmp\symbol\BtDown_80x50.bmp
    c:\users\marcop~1\appdata\local\temp\qvistmp\symbol\BtPanel_right_activ.bmp
    c:\users\marcop~1\appdata\local\temp\qvistmp\symbol\BtPanel_right_inactiv.bmp
    c:\users\marcop~1\appdata\local\temp\qvistmp\symbol\Status_None.bmp
    c:\users\marcop~1\appdata\local\temp\qvistmp\symbol\Status_Ok.bmp
    c:\users\marcop~1\appdata\local\temp\qvistmp\symbol\Status_Busy.bmp
    c:\users\marcop~1\appdata\local\temp\qvistmp\symbol\Status_Err.bmp
    c:\users\marcop~1\appdata\local\temp\qvistmp\symbol\Status_white.bmp
    c:\users\marcop~1\appdata\local\temp\qvistmp\symbol\Status_green.bmp
    c:\users\marcop~1\appdata\local\temp\qvistmp\symbol\Status_red.bmp
    c:\users\marcop~1\appdata\local\temp\qvistmp\symbol\Status_yellow.bmp
    c:\users\marcop~1\appdata\local\temp\qvistmp\symbol\DisplayOverlayMsgInfo.bmp
    c:\users\marcop~1\appdata\local\temp\qvistmp\symbol\DisplayOverlayMsgWarning.bmp
    c:\users\marcop~1\appdata\local\temp\qvistmp\symbol\DisplayOverlayMsgPreWarning.bmp
    c:\users\marcop~1\appdata\local\temp\qvistmp\symbol\upLeft_50x50.bmp
    c:\users\marcop~1\appdata\local\temp\qvistmp\symbol\downLeft_50x50.bmp
    c:\users\marcop~1\appdata\local\temp\qvistmp\symbol\upRight_50x50.bmp
    c:\users\marcop~1\appdata\local\temp\qvistmp\symbol\downRight_50x50.bmp
    c:\users\marcop~1\appdata\local\temp\qvistmp\symbol\DisplayOverlayMsgError.bmp
    c:\users\marcop~1\appdata\local\temp\qvistmp\symbol\DisplayOverlayMsgRequest.bmp
    c:\users\marcop~1\appdata\local\temp\qvistmp\symbol\LedOFF_20x20.bmp
    c:\users\marcop~1\appdata\local\temp\qvistmp\symbol\LedGreen_20x20.bmp
    c:\users\marcop~1\appdata\local\temp\qvistmp\symbol\LedRed_20x20.bmp
    c:\users\marcop~1\appdata\local\temp\qvistmp\symbol\LedWhite_20x20.bmp
    c:\users\marcop~1\appdata\local\temp\qvistmp\symbol\LedBlue_20x20.bmp
    c:\users\marcop~1\appdata\local\temp\qvistmp\symbol\LedYellow_20x20.bmp
    c:\users\marcop~1\appdata\local\temp\qvistmp\symbol\LedOFF_15x15.bmp
    c:\users\marcop~1\appdata\local\temp\qvistmp\symbol\LedGreen_15x15.bmp
    c:\users\marcop~1\appdata\local\temp\qvistmp\symbol\LedOFF_24x24.bmp
    c:\users\marcop~1\appdata\local\temp\qvistmp\symbol\LedGreen_24x24.bmp
    c:\users\marcop~1\appdata\local\temp\qvistmp\symbol\LedRed_24x24.bmp
    c:\users\marcop~1\appdata\local\temp\qvistmp\symbol\LedYellow_24x24.bmp
    c:\users\marcop~1\appdata\local\temp\qvistmp\symbol\LedOFF_66x34.bmp
    c:\users\marcop~1\appdata\local\temp\qvistmp\symbol\LedYellow_66x34.bmp
    c:\users\marcop~1\appdata\local\temp\qvistmp\symbol\LineWhite_480x1.bmp
    c:\users\marcop~1\appdata\local\temp\qvistmp\symbol\Forward.bmp
    c:\users\marcop~1\appdata\local\temp\qvistmp\symbol\Backward.bmp
    c:\users\marcop~1\appdata\local\temp\qvistmp\symbol\PartQualityBackground_440x211_New2.bmp
    c:\users\marcop~1\appdata\local\temp\qvistmp\symbol\BtPage_Nav_VerticalUp.bmp
    c:\users\marcop~1\appdata\local\temp\qvistmp\symbol\BtPage_Nav_Vertical.bmp
    c:\users\marcop~1\appdata\local\temp\qvistmp\symbol\FormteknikMaschine_119x200.bmp
    c:\users\marcop~1\appdata\local\temp\qvistmp\symbol\LineWhite_110x1.bmp
    c:\users\marcop~1\appdata\local\temp\qvistmp\symbol\LineWhite_1x60.bmp
    c:\users\marcop~1\appdata\local\temp\qvistmp\symbol\LineWhite_420x1.bmp
    c:\users\marcop~1\appdata\local\temp\qvistmp\symbol\list_page_up.bmp
    c:\users\marcop~1\appdata\local\temp\qvistmp\symbol\list_page_down.bmp
    c:\users\marcop~1\appdata\local\temp\qvistmp\symbol\BtUp_160x100.bmp
    c:\users\marcop~1\appdata\local\temp\qvistmp\symbol\BtDown_160x100.bmp
    c:\users\marcop~1\appdata\local\temp\qvistmp\symbol\Overlay_Grey_480x335.bmp
    c:\users\marcop~1\appdata\local\temp\qvistmp\symbol\LangGer.bmp
    c:\users\marcop~1\appdata\local\temp\qvistmp\symbol\LangUSA.bmp
    c:\users\marcop~1\appdata\local\temp\qvistmp\symbol\FormteknikPanel_200x150.bmp
    c:\users\marcop~1\appdata\local\temp\qvistmp\symbol\Werkerruflampe_30x150.bmp
    c:\users\marcop~1\appdata\local\temp\qvistmp\symbol\SilfexInnenBeleuchtung_12x160.bmp
    c:\users\marcop~1\appdata\local\temp\qvistmp\symbol\LedOFF_8x30.bmp
    c:\users\marcop~1\appdata\local\temp\qvistmp\symbol\LedYellow_8x30.bmp
    c:\users\marcop~1\appdata\local\temp\qvistmp\symbol\list_up.bmp
    c:\users\marcop~1\appdata\local\temp\qvistmp\symbol\list_down.bmp
    c:\users\marcop~1\appdata\local\temp\qvistmp\symbol\edit_param.bmp
    c:\users\marcop~1\appdata\local\temp\qvistmp\symbol\EingabefeldKeyPad_2x.bmp
    c:\users\marcop~1\appdata\local\temp\qvistmp\symbol\down40.bmp
    c:\users\marcop~1\appdata\local\temp\qvistmp\symbol\0.bmp
    c:\users\marcop~1\appdata\local\temp\qvistmp\symbol\1.bmp
    c:\users\marcop~1\appdata\local\temp\qvistmp\symbol\2.bmp
    c:\users\marcop~1\appdata\local\temp\qvistmp\symbol\3.bmp
    c:\users\marcop~1\appdata\local\temp\qvistmp\symbol\4.bmp
    c:\users\marcop~1\appdata\local\temp\qvistmp\symbol\5.bmp
    c:\users\marcop~1\appdata\local\temp\qvistmp\symbol\6.bmp
    c:\users\marcop~1\appdata\local\temp\qvistmp\symbol\7.bmp
    c:\users\marcop~1\appdata\local\temp\qvistmp\symbol\8.bmp
    c:\users\marcop~1\appdata\local\temp\qvistmp\symbol\9.bmp
    c:\users\marcop~1\appdata\local\temp\qvistmp\symbol\cancel.bmp
    c:\users\marcop~1\appdata\local\temp\qvistmp\symbol\Ok.bmp
    c:\users\marcop~1\appdata\local\temp\qvistmp\symbol\backspace.bmp
    c:\users\marcop~1\appdata\local\temp\qvistmp\symbol\punkt.bmp
    c:\users\marcop~1\appdata\local\temp\qvistmp\symbol\plusminus.bmp
    c:\users\marcop~1\appdata\local\temp\qvistmp\symbol\LineGrey_width370.bmp
    c:\users\marcop~1\appdata\local\temp\qvistmp\symbol\up40.bmp
    c:\users\marcop~1\appdata\local\temp\qvistmp\symbol\ShiftUp_gross.bmp
    c:\users\marcop~1\appdata\local\temp\qvistmp\symbol\ShiftDown_gross.bmp
    c:\users\marcop~1\appdata\local\temp\qvistmp\symbol\BtPanel_left_activ_setup.bmp
    c:\users\marcop~1\appdata\local\temp\qvistmp\symbol\Konv_Regler.bmp
    c:\users\marcop~1\appdata\local\temp\qvistmp\symbol\PID_Regler.bmp
    c:\users\marcop~1\appdata\local\temp\qvistmp\symbol\KonvD_Regler.bmp
    c:\users\marcop~1\appdata\local\temp\qvistmp\symbol\PositionConfig_1.bmp
    c:\users\marcop~1\appdata\local\temp\qvistmp\symbol\PositionConfig_2.bmp
    c:\users\marcop~1\appdata\local\temp\qvistmp\symbol\PositionConfig_7.bmp
    c:\users\marcop~1\appdata\local\temp\qvistmp\symbol\PositionConfig_9.bmp
    c:\users\marcop~1\appdata\local\temp\qvistmp\symbol\PositionConfig_4.bmp
    c:\users\marcop~1\appdata\local\temp\qvistmp\symbol\PositionConfig_5.bmp
    c:\users\marcop~1\appdata\local\temp\qvistmp\symbol\PositionConfig_6.bmp
    c:\users\marcop~1\appdata\local\temp\qvistmp\symbol\PositionConfig_8.bmp
    c:\users\marcop~1\appdata\local\temp\qvistmp\symbol\LineWhite_width280.bmp
    c:\users\marcop~1\appdata\local\temp\qvistmp\symbol\BackgroundYellow_476x130.bmp
    c:\users\marcop~1\appdata\local\temp\qvistmp\symbol\Z1AchseErstEinrichtung_1_165x220.bmp
    c:\users\marcop~1\appdata\local\temp\qvistmp\symbol\Z1AchseErstEinrichtung_2_240x240.bmp
    c:\users\marcop~1\appdata\local\temp\qvistmp\symbol\Z1AxisSetup_210x280.bmp
    c:\users\marcop~1\appdata\local\temp\qvistmp\symbol\BtUp_160x30.bmp
    c:\users\marcop~1\appdata\local\temp\qvistmp\symbol\BtDown_160x30.bmp
    c:\users\marcop~1\appdata\local\temp\qvistmp\symbol\ZAchseSetup1.bmp
    c:\users\marcop~1\appdata\local\temp\qvistmp\symbol\ZAchseSetup2.bmp
    c:\users\marcop~1\appdata\local\temp\qvistmp\symbol\ZAchseSetup3.bmp
    c:\users\marcop~1\appdata\local\temp\qvistmp\symbol\ZAchseSetup4.bmp
    c:\users\marcop~1\appdata\local\temp\qvistmp\symbol\ZAchseSetup5.bmp
    c:\users\marcop~1\appdata\local\temp\qvistmp\symbol\ConfigSpindle_220x165.bmp
    c:\users\marcop~1\appdata\local\temp\qvistmp\symbol\ConfigSpindle_St1.bmp
    c:\users\marcop~1\appdata\local\temp\qvistmp\symbol\ConfigDrehmoment_200x150.bmp
    c:\users\marcop~1\appdata\local\temp\qvistmp\symbol\LogoQVisKlein.bmp
    c:\users\marcop~1\appdata\local\temp\qvistmp\symbol\LogoMicrocut2002Gross_weiss_bkgrd.bmp
    c:\users\marcop~1\appdata\local\temp\qvistmp\symbol\SelectButtonUp_S1.bmp
    c:\users\marcop~1\appdata\local\temp\qvistmp\symbol\SelectButtonDown_S1.bmp
    c:\users\marcop~1\appdata\local\temp\qvistmp\symbol\SelectButtonUp_S2.bmp
    c:\users\marcop~1\appdata\local\temp\qvistmp\symbol\SelectButtonDown_S2.bmp
    c:\users\marcop~1\appdata\local\temp\qvistmp\symbol\SelectButtonUp_S3.bmp
    c:\users\marcop~1\appdata\local\temp\qvistmp\symbol\SelectButtonDown_S3.bmp
Variables
Pages
    c:\users\marcop~1\appdata\local\temp\qvistmp\page\Normal_Task1_Page1.qpa
        ControllerType.qob
        SelectCenteringProcess.qob
        FnBtFunction_Normal_Task1_Page1.qob
        Automat_Background.qob
        Message_Line_Englisch.qob
        Message_Line_Deutsch.qob
        SecurityStateMessage.qob
        StationStateProcess_St1.qob
        BtPanel_Left.qob
        BtPanel_Left_Text.qob
        Taskbar_NormalOperate.qob
        BtPanelRight_Normal_Task1_Page1.qob
        PageHeader.qob
        MachineState.qob
        StationState_St1.qob
        AutoProcessTime_St1St2.qob
        ProcessState_St1St2.qob
        AutoWPCounter_St1St2.qob
        ActuatorState.qob
        AxisPosition_St1.qob
        ProfileBarCommonState.qob
        MessageInfoOverlay.qob
        MessageWarningOverlay.qob
        MessagePreWarningOverlay.qob
        MessageErrorOverlay.qob
        MessageRequestOverlay.qob
    c:\users\marcop~1\appdata\local\temp\qvistmp\page\Normal_Task1_Page2.qpa
        ActuatorState.qob
        StationCommonDataInfoValue2.qob
        StationCommonDataInfoValue.qob
        Message_Line_Englisch.qob
        BtPanel_Left.qob
        BtPanel_Left_Text.qob
        Taskbar_NormalOperate.qob
        BtPanelRight_Normal_Task1_Page2.qob
        PageHeader.qob
        Message_Line_Deutsch.qob
        ProfileBarCommonState.qob
        AxisPosition_St1.qob
        SecurityStateMessage.qob
        MachineState.qob
        MessageInfoOverlay.qob
        MessageWarningOverlay.qob
        MessagePreWarningOverlay.qob
        MessageErrorOverlay.qob
        MessageRequestOverlay.qob
    c:\users\marcop~1\appdata\local\temp\qvistmp\page\Normal_Task1_Page3.qpa
        ProcessDataAutoMode.qob
        Message_Line_Englisch.qob
        BtPanel_Left.qob
        BtPanel_Left_Text.qob
        Taskbar_NormalOperate.qob
        BtPanelRight_Normal_Task1_Page3.qob
        PageHeader.qob
        Message_Line_Deutsch.qob
        SecurityStateMessage.qob
        MachineState.qob
        MessageInfoOverlay.qob
        MessageWarningOverlay.qob
        MessagePreWarningOverlay.qob
        MessageErrorOverlay.qob
        MessageRequestOverlay.qob
        AxisPosition_St1.qob
        ProfileBarCommonState.qob
    c:\users\marcop~1\appdata\local\temp\qvistmp\page\Normal_Task1_Page4.qpa
        WPNumber.qob
        Message_Line_Englisch.qob
        SelectWPNumber.qob
        BtPanel_Left.qob
        BtPanel_Left_Text.qob
        Taskbar_NormalOperate.qob
        BtPanelRight_Normal_Task1_Page4.qob
        PageHeader.qob
        Message_Line_Deutsch.qob
        PartQuality.qob
        StationState_St1.qob
        SecurityStateMessage.qob
        ProfileBarCommonState.qob
        MachineState.qob
        FnBtFunction_Normal_Task1_Page4.qob
        MessageInfoOverlay.qob
        MessageWarningOverlay.qob
        MessagePreWarningOverlay.qob
        MessageErrorOverlay.qob
        MessageRequestOverlay.qob
    c:\users\marcop~1\appdata\local\temp\qvistmp\page\Normal_Task2_Page1.qpa
        MaschinenRefBackground.qob
        Message_Line_Englisch.qob
        BtPanel_Left.qob
        BtPanel_Left_Text.qob
        Taskbar_NormalOperate.qob
        BtPanelRight_Normal_Task2_Page1.qob
        PageHeader.qob
        Message_Line_Deutsch.qob
        MachineState.qob
        SecurityStateMessage.qob
        MaschinenReferenzierung.qob
        StationStateReference_St1.qob
        StationState_St1.qob
        AxisPosition_St1.qob
        FnBtFunction_Normal_Task2_Page1.qob
        MessageErrorOverlay.qob
        MessageWarningOverlay.qob
        MessageInfoOverlay.qob
    c:\users\marcop~1\appdata\local\temp\qvistmp\page\Normal_Task3_Page1.qpa
        Message_Line_Englisch.qob
        BtPanel_Left.qob
        BtPanel_Left_Text.qob
        Taskbar_NormalOperate.qob
        BtPanelRight_Normal_Task3_Page1.qob
        PageHeader.qob
        Message_Line_Deutsch.qob
        MachineState.qob
        ProfileBarCommonState.qob
        ProfileId_NormalMode.qob
        ProfileList.qob
        Nav_ProfileList.qob
        SecurityStateMessage.qob
    c:\users\marcop~1\appdata\local\temp\qvistmp\page\Normal_Task4_Page1.qpa
        Message_Line_Englisch.qob
        BtPanel_Left.qob
        BtPanel_Left_Text.qob
        Taskbar_NormalOperate.qob
        BtPanelRight_Normal_Task4_Page1.qob
        PageHeader.qob
        Message_Line_Deutsch.qob
        MachineState.qob
        FnBtFunction_Normal_Task4_Page1.qob
        ToolChangeInfo.qob
        SecurityStateMessage.qob
        ZAxisIncrementValues.qob
        ZCentringIncrementValues.qob
    c:\users\marcop~1\appdata\local\temp\qvistmp\page\Normal_Task4_Page2.qpa
        Message_Line_Englisch.qob
        BtPanel_Left.qob
        BtPanel_Left_Text.qob
        Taskbar_NormalOperate.qob
        BtPanelRight_Normal_Task4_Page2.qob
        PageHeader.qob
        Message_Line_Deutsch.qob
        MachineState.qob
        SelectUserLevel.qob
        FnBtFunction_Normal_Task4_Page2.qob
        ChangeOperatorPassword.qob
        SecurityStateMessage.qob
    c:\users\marcop~1\appdata\local\temp\qvistmp\page\Normal_Task4_Page3.qpa
        Message_Line_Englisch.qob
        BtPanel_Left.qob
        BtPanel_Left_Text.qob
        Taskbar_NormalOperate.qob
        BtPanelRight_Normal_Task4_Page3.qob
        PageHeader.qob
        Message_Line_Deutsch.qob
        MachineState.qob
        SelectLanguage_EnglishAndGerman.qob
        SecurityStateMessage.qob
    c:\users\marcop~1\appdata\local\temp\qvistmp\page\Normal_Task5_Page1.qpa
        Message_Line_Englisch.qob
        BtPanel_Left.qob
        BtPanel_Left_Text.qob
        Taskbar_NormalOperate.qob
        BtPanelRight_Normal_Task5_Page1.qob
        PageHeader.qob
        Message_Line_Deutsch.qob
        MachineState.qob
        WPCycleCounter.qob
        SecurityStateMessage.qob
        ShutDown.qob
        MessageErrorOverlay.qob
    c:\users\marcop~1\appdata\local\temp\qvistmp\page\Normal_Task5_Page2.qpa
        Message_Line_Englisch.qob
        BtPanel_Left.qob
        BtPanel_Left_Text.qob
        Taskbar_NormalOperate.qob
        PageHeader.qob
        Message_Line_Deutsch.qob
        MachineState.qob
        LampTest.qob
        FnBtFunction_Normal_Task5_Page2.qob
        LampTest_YES_NO.qob
        LampTest_OrderList.qob
        BtPanelRight_Normal_Task5_Page2.qob
        SecurityStateMessage.qob
    c:\users\marcop~1\appdata\local\temp\qvistmp\page\Normal_Task5_Page3.qpa
        Message_Line_Englisch.qob
        BtPanel_Left.qob
        BtPanel_Left_Text.qob
        Taskbar_NormalOperate.qob
        BtPanelRight_Normal_Task5_Page3.qob
        PageHeader.qob
        Message_Line_Deutsch.qob
        MachineState.qob
        SecurityStateMessage.qob
        FnBtFunction_Normal_Task5_Page3.qob
        SafetyInfo.qob
    c:\users\marcop~1\appdata\local\temp\qvistmp\page\Normal_Task5_Page4.qpa
        Message_Line_Englisch.qob
        BtPanel_Left.qob
        BtPanel_Left_Text.qob
        Taskbar_NormalOperate.qob
        BtPanelRight_Normal_Task5_Page4.qob
        PageHeader.qob
        Message_Line_Deutsch.qob
        MachineState.qob
        SystemInfo.qob
        SecurityStateMessage.qob
    c:\users\marcop~1\appdata\local\temp\qvistmp\page\Normal_Task6_Page1.qpa
        Message_Line_Englisch.qob
        BtPanel_Left.qob
        BtPanel_Left_Text.qob
        Taskbar_NormalOperate.qob
        PageHeader.qob
        Message_Line_Deutsch.qob
        MachineState.qob
        ErrorListEnglish.qob
        ErrorListDeutsch.qob
        BtPanelRight_Normal_Task6_Page1.qob
        SecurityStateMessage.qob
    c:\users\marcop~1\appdata\local\temp\qvistmp\page\Normal_Parameter_Page1.qpa
        Param_Nav_AllTask.qob
        Message_Line_Englisch.qob
        BtPanel_Left.qob
        BtPanel_Left_Text.qob
        Taskbar_NormalOperate.qob
        BtPanelRight_Normal_Parameter_Page1.qob
        PageHeader.qob
        Message_Line_Deutsch.qob
        MachineState.qob
        SecurityStateMessage.qob
        NavParam.qob
        NavParamNoEdit.qob
        NavParamNoParam.qob
        Param_Normal_List1.qob
        Param_Normal_List2.qob
        Param_Normal_List3.qob
        Param_NoParameter.qob
    c:\users\marcop~1\appdata\local\temp\qvistmp\page\KeypadNum_2x.qpa
        KeypadNum_2x.qob
    c:\users\marcop~1\appdata\local\temp\qvistmp\page\TextKeypad_gross.qpa
        TextKeypad_gross.qob
    c:\users\marcop~1\appdata\local\temp\qvistmp\page\TextSymbolKeypad_2x.qpa
        TextSymbolKeypad_2x.qob
    c:\users\marcop~1\appdata\local\temp\qvistmp\page\SetupA_Task1_Page1.qpa
        Message_Line_Englisch.qob
        BtPanelSetup_Left.qob
        BtPanelSetup_Left_Text.qob
        Taskbar_SetupAOperate.qob
        BtPanelRight_SetupA_Task1_Page1.qob
        PageHeader.qob
        Message_Line_Deutsch.qob
        MachineState.qob
        SecurityStateMessage.qob
        AxisPosition_St1.qob
        ProfileBarCommonState.qob
        ActuatorState.qob
        StationCommonDataInfoState.qob
        StationState_Common.qob
        StationCommonDataInfoValueHandMode2.qob
        StationCommonDataInfoValueHandMode.qob
    c:\users\marcop~1\appdata\local\temp\qvistmp\page\SetupA_Task1_Page2.qpa
        Message_Line_Englisch.qob
        BtPanelSetup_Left.qob
        BtPanelSetup_Left_Text.qob
        Taskbar_SetupAOperate.qob
        BtPanelRight_SetupA_Task1_Page2.qob
        PageHeader.qob
        Message_Line_Deutsch.qob
        MachineState.qob
        ProfileBarCommonState.qob
        SecurityStateMessage.qob
        AxisPosition_St1.qob
        ProcessDataManualMode.qob
    c:\users\marcop~1\appdata\local\temp\qvistmp\page\SetupA_Task1_Page3.qpa
        Message_Line_Englisch.qob
        BtPanelSetup_Left.qob
        BtPanelSetup_Left_Text.qob
        Taskbar_SetupAOperate.qob
        BtPanelRight_SetupA_Task1_Page3.qob
        PageHeader.qob
        Message_Line_Deutsch.qob
        MachineState.qob
        ProfileBarCommonState.qob
        SecurityStateMessage.qob
        AxisPosition_St1.qob
        FnBtFunction_SetupA_Task1_Page3.qob
        Regulator1.qob
        Regulator2.qob
        Regulator3.qob
    c:\users\marcop~1\appdata\local\temp\qvistmp\page\SetupA_Task1_Page4.qpa
        Message_Line_Englisch.qob
        BtPanelSetup_Left.qob
        BtPanelSetup_Left_Text.qob
        Taskbar_SetupAOperate.qob
        BtPanelRight_SetupA_Task1_Page2.qob
        PageHeader.qob
        Message_Line_Deutsch.qob
        MachineState.qob
        StationCommonDataInfoState.qob
        StationState_Common.qob
        ProfileBarCommonState.qob
        DataOnlineChange_List1.qob
        SecurityStateMessage.qob
        AxisPosition_St1.qob
        ActuatorState.qob
    c:\users\marcop~1\appdata\local\temp\qvistmp\page\SetupA_Task1_Page5.qpa
        Message_Line_Englisch.qob
        BtPanelSetup_Left.qob
        BtPanelSetup_Left_Text.qob
        Taskbar_SetupAOperate.qob
        BtPanelRight_SetupA_Task1_Page3.qob
        PageHeader.qob
        Message_Line_Deutsch.qob
        MachineState.qob
        StationCommonDataInfoState.qob
        StationState_Common.qob
        ProfileBarCommonState.qob
        SecurityStateMessage.qob
        AxisPosition_St1.qob
        FnBtFunction_SetupA_Task1_Page5.qob
        PositionConfig1.qob
        PositionConfig2.qob
        PositionConfig3.qob
        PositionConfig4.qob
    c:\users\marcop~1\appdata\local\temp\qvistmp\page\SetupA_Task2_Page1.qpa
        Message_Line_Englisch.qob
        Message_Line_Deutsch.qob
        BtPanelSetup_Left.qob
        BtPanelSetup_Left_Text.qob
        Taskbar_SetupAOperate.qob
        BtPanelRight_SetupA_Task2_Page1.qob
        PageHeader.qob
        MachineState.qob
        StationCommonDataInfoState.qob
        ProfileBarCommonState.qob
        ProfileId.qob
        ProfileList.qob
        Nav_ProfileList.qob
        SecurityStateMessage.qob
        StationState_Common.qob
    c:\users\marcop~1\appdata\local\temp\qvistmp\page\SetupA_Task5_Page1.qpa
        Message_Line_Englisch.qob
        BtPanelSetup_Left.qob
        BtPanelSetup_Left_Text.qob
        Taskbar_SetupAOperate.qob
        BtPanelRight_SetupA_Task5_Page1.qob
        PageHeader.qob
        Message_Line_Deutsch.qob
        MachineState.qob
        SecurityStateMessage.qob
        FnBtFunction_SetupA_Task5_Page1.qob
        PotentiometerValues.qob
    c:\users\marcop~1\appdata\local\temp\qvistmp\page\SetupA_Task6_Page1.qpa
        Message_Line_Englisch.qob
        BtPanelSetup_Left.qob
        BtPanelSetup_Left_Text.qob
        Taskbar_SetupAOperate.qob
        PageHeader.qob
        Message_Line_Deutsch.qob
        MachineState.qob
        ErrorListEnglish.qob
        ErrorListDeutsch.qob
        BtPanelRight_SetupA_Task6_Page1.qob
        SecurityStateMessage.qob
    c:\users\marcop~1\appdata\local\temp\qvistmp\page\SetupA_Parameter_Page1.qpa
        Message_Line_Englisch.qob
        BtPanelSetup_Left.qob
        BtPanelSetup_Left_Text.qob
        Taskbar_SetupAOperate.qob
        BtPanelRight_SetupA_Parameter_Page1.qob
        PageHeader.qob
        Message_Line_Deutsch.qob
        MachineState.qob
        SecurityStateMessage.qob
        Param_Nav_AllTask.qob
        NavParam.qob
        NavParamNoEdit.qob
        NavParamNoParam.qob
        ProfileBarCommonState.qob
        Param_SetupA_List1.qob
        Param_SetupA_List2.qob
        Param_SetupA_List3.qob
        Param_SetupA_List4.qob
        Param_SetupA_List5.qob
        Param_SetupA_List6.qob
        Param_SetupA_List7.qob
        Param_SetupA_List15.qob
        Param_SetupA_List8.qob
        Param_NoParameter.qob
    c:\users\marcop~1\appdata\local\temp\qvistmp\page\SetupB_Task1_Page1.qpa
        Message_Line_Englisch.qob
        TeachINValue_Axis_Z_St1.qob
        TeachInBackground_SetupB.qob
        BtPanelSetup_Left.qob
        BtPanelSetup_Left_Text.qob
        Taskbar_SetupBOperate.qob
        BtPanelRight_SetupB_Task1_Page1.qob
        PageHeader.qob
        Message_Line_Deutsch.qob
        MachineState.qob
        FnBtFunction_SetupB_Task1_Page1_2.qob
        FnBtFunction_SetupB_Task1_Page1_1.qob
        TeachINSelect_Axis_Z_St1.qob
        SecurityStateMessage.qob
        TeachINSelect_Axis_S_St1.qob
        TeachINValue_Axis_S_St1.qob
        BtPanelRight_SetupB_Task1_Page1_1.qob
        AxisPosition_St1.qob
        TeachINValue_Axis_S2_St1.qob
    c:\users\marcop~1\appdata\local\temp\qvistmp\page\SetupB_Task2_Page1.qpa
        Message_Line_Englisch.qob
        CylinderBackgroundMicroHead_SetupB.qob
        BtPanelSetup_Left.qob
        BtPanelSetup_Left_Text.qob
        Taskbar_SetupBOperate.qob
        BtPanelRight_SetupB_Task2_Page1.qob
        PageHeader.qob
        Message_Line_Deutsch.qob
        MachineState.qob
        SecurityStateMessage.qob
        CylManB01.qob
        CylManB02.qob
        CylManB03.qob
        CylManB04.qob
        CylinderBackgroundMicroHead_SetupB2.qob
        CylManB01.qob
        CylManB04.qob
    c:\users\marcop~1\appdata\local\temp\qvistmp\page\SetupB_Task3_Page1.qpa
        Message_Line_Englisch.qob
        BtPanelSetup_Left.qob
        BtPanelSetup_Left_Text.qob
        Taskbar_SetupBOperate.qob
        BtPanelRight_SetupB_Task3_Page1.qob
        PageHeader.qob
        Message_Line_Deutsch.qob
        MachineState.qob
        CylinderBackgroundMicroHead_SetupB1.qob
        SecurityStateMessage.qob
        CylManB05.qob
        CylManB06.qob
        CylManB07.qob
    c:\users\marcop~1\appdata\local\temp\qvistmp\page\SetupB_Task4_Page1.qpa
        Message_Line_Englisch.qob
        BtPanelSetup_Left.qob
        BtPanelSetup_Left_Text.qob
        Taskbar_SetupBOperate.qob
        BtPanelRight_SetupB_Task4_Page1.qob
        PageHeader.qob
        Message_Line_Deutsch.qob
        MachineState.qob
        FunctionListMicrohead.qob
        StationCommonDataInfoValueSetup.qob
        SecurityStateMessage.qob
        AxisPosition_St1.qob
        StationCommonDataInfoValueSetup.qob
    c:\users\marcop~1\appdata\local\temp\qvistmp\page\SetupB_Task5_Page1.qpa
        Message_Line_Englisch.qob
        BtPanelSetup_Left.qob
        BtPanelSetup_Left_Text.qob
        Taskbar_SetupBOperate.qob
        BtPanelRight_SetupB_Task5_Page1.qob
        PageHeader.qob
        Message_Line_Deutsch.qob
        MachineState.qob
        SpindleCalibration.qob
        SecurityStateMessage.qob
    c:\users\marcop~1\appdata\local\temp\qvistmp\page\SetupB_Task5_Page2.qpa
        Message_Line_Englisch.qob
        BtPanelSetup_Left.qob
        BtPanelSetup_Left_Text.qob
        Taskbar_SetupBOperate.qob
        BtPanelRight_SetupB_Task5_Page2.qob
        PageHeader.qob
        Message_Line_Deutsch.qob
        MachineState.qob
        BurnInProcedure.qob
        SecurityStateMessage.qob
    c:\users\marcop~1\appdata\local\temp\qvistmp\page\SetupB_Task5_Page3.qpa
        Message_Line_Englisch.qob
        BtPanelSetup_Left.qob
        BtPanelSetup_Left_Text.qob
        Taskbar_SetupBOperate.qob
        BtPanelRight_SetupB_Task5_Page3.qob
        PageHeader.qob
        Message_Line_Deutsch.qob
        MachineState.qob
        SecurityStateMessage.qob
        AxisPosition_St1.qob
        ZAchseErstEinrichtung_1.qob
        ZAchseErstEinrichtung_2.qob
        ZAchseErstEinrichtung_3.qob
        ZAchseErstEinrichtung_4.qob
        ZAchseErstEinrichtung_5.qob
        SelectZAxisSetup.qob
        ZAchseFührungsrohr_1.qob
        ZAchseFührungsrohr_2.qob
        ZAchseFührungsrohr_3.qob
        ZAchseFührungsrohr_4.qob
        ZAchseFührungsrohr_5.qob
        ZAchseFührungsrohr_6.qob
        ZAchseFührungsrohr_7.qob
    c:\users\marcop~1\appdata\local\temp\qvistmp\page\SetupB_Task5_Page4.qpa
        Message_Line_Englisch.qob
        TeachInBackground_SetupC1.qob
        BtPanelSetup_Left.qob
        BtPanelSetup_Left_Text.qob
        Taskbar_SetupBOperate.qob
        BtPanelRight_SetupB_Task5_Page4.qob
        PageHeader.qob
        Message_Line_Deutsch.qob
        MachineState.qob
        SecurityStateMessage.qob
        CylManB2.qob
        CylManB3.qob
        FnBtFunction_SetupB_Task5_Page4.qob
        TeachINValue_AnalogSensor.qob
        BeckhoffSpindleActive.qob
    c:\users\marcop~1\appdata\local\temp\qvistmp\page\SetupB_Task5_Page5.qpa
        Message_Line_Englisch.qob
        BtPanelSetup_Left.qob
        BtPanelSetup_Left_Text.qob
        Taskbar_SetupBOperate.qob
        BtPanelRight_SetupB_Task5_Page4.qob
        PageHeader.qob
        Message_Line_Deutsch.qob
        MachineState.qob
        ConfigSpindle.qob
        SecurityStateMessage.qob
        SelectCylinderConfig.qob
        ConfigSpindle_L.qob
        ConfigTorque.qob
        ConfigSpindle_M.qob
    c:\users\marcop~1\appdata\local\temp\qvistmp\page\SetupB_Task6_Page1.qpa
        Message_Line_Englisch.qob
        BtPanelSetup_Left.qob
        BtPanelSetup_Left_Text.qob
        Taskbar_SetupBOperate.qob
        PageHeader.qob
        Message_Line_Deutsch.qob
        MachineState.qob
        ErrorListEnglish.qob
        ErrorListDeutsch.qob
        BtPanelRight_SetupB_Task6_Page1.qob
        SecurityStateMessage.qob
    c:\users\marcop~1\appdata\local\temp\qvistmp\page\SetupB_Parameter_Page1.qpa
        Message_Line_Englisch.qob
        BtPanelSetup_Left.qob
        BtPanelSetup_Left_Text.qob
        Taskbar_SetupBOperate.qob
        BtPanelRight_SetupB_Parameter_Page1.qob
        PageHeader.qob
        Message_Line_Deutsch.qob
        MachineState.qob
        SecurityStateMessage.qob
        Param_Nav_AllTask.qob
        NavParam.qob
        NavParamNoEdit.qob
        NavParamNoParam.qob
        Param_SetupB_List1.qob
        Param_SetupB_List2.qob
        Param_SetupB_List3.qob
        Param_SetupB_List4.qob
        Param_SetupB_List5.qob
        Param_SetupB_List6.qob
        Param_SetupB_List7.qob
        Param_SetupB_List8.qob
        Param_NoParameter.qob
    c:\users\marcop~1\appdata\local\temp\qvistmp\page\Wait_Com.qpa
        MaTitleWaitCom.qob
        ExitQVisButton.qob
    c:\users\marcop~1\appdata\local\temp\qvistmp\page\Startpage.qpa
        Startpage.qob
        ExitQVisButton.qob
        MessageErrorOverlay.qob
        ShutDown.qob
        SelectSpindleS1S2S3.qob
        Message_Line_Englisch.qob
        Message_Line_Deutsch.qob
        SecurityStateMessage.qob
    c:\users\marcop~1\appdata\local\temp\qvistmp\page\Page_BIOS_1.qpa
        BtPanel_Left.qob
        BtPanelRight_BIOS_Page1.qob
        SelectUserLevelBIOS.qob
        PageHeader.qob
        MachineState.qob
        Taskbar_BIOS.qob
        Message_Line_BIOS.qob
    c:\users\marcop~1\appdata\local\temp\qvistmp\page\Page_BIOS_2.qpa
        BtPanel_Left.qob
        BtPanelRight_BIOS_Page2.qob
        NavParam.qob
        PageHeader.qob
        MachineState.qob
        Taskbar_BIOS.qob
        Param_BIOS.qob
        Message_Line_BIOS.qob
Character sets
    C:\Users\MARCOP~1\AppData\Local\Temp\QVisTmp\Build\chs000.chs
    C:\Users\MARCOP~1\AppData\Local\Temp\QVisTmp\Build\chs001.chs
    C:\Users\MARCOP~1\AppData\Local\Temp\QVisTmp\Build\chs002.chs
    C:\Users\MARCOP~1\AppData\Local\Temp\QVisTmp\Build\chs003.chs
    C:\Users\MARCOP~1\AppData\Local\Temp\QVisTmp\Build\chs004.chs
    C:\Users\MARCOP~1\AppData\Local\Temp\QVisTmp\Build\chs005.chs
    C:\Users\MARCOP~1\AppData\Local\Temp\QVisTmp\Build\chs006.chs
    C:\Users\MARCOP~1\AppData\Local\Temp\QVisTmp\Build\chs007.chs
Project settings
    Pages
    Keyboard layouts
Advanced settings
Creating project.bin...
Build completed with 0 errors and 0 warnings.
-----------------------------------------------
