Loading...
    d:\swdev4_pum\bore800_software\sw_versionen\462\v4620212\qvis_v4620212\page\Normal_Task1_Page1.qpa
    d:\swdev4_pum\bore800_software\sw_versionen\462\v4620212\qvis_v4620212\page\Normal_Task1_Page2.qpa
    d:\swdev4_pum\bore800_software\sw_versionen\462\v4620212\qvis_v4620212\page\Normal_Task1_Page3.qpa
    d:\swdev4_pum\bore800_software\sw_versionen\462\v4620212\qvis_v4620212\page\Normal_Task1_Page4.qpa
    d:\swdev4_pum\bore800_software\sw_versionen\462\v4620212\qvis_v4620212\page\Normal_Task2_Page1.qpa
    d:\swdev4_pum\bore800_software\sw_versionen\462\v4620212\qvis_v4620212\page\Normal_Task3_Page1.qpa
    d:\swdev4_pum\bore800_software\sw_versionen\462\v4620212\qvis_v4620212\page\Normal_Task4_Page1.qpa
    d:\swdev4_pum\bore800_software\sw_versionen\462\v4620212\qvis_v4620212\page\Normal_Task4_Page2.qpa
    d:\swdev4_pum\bore800_software\sw_versionen\462\v4620212\qvis_v4620212\page\Normal_Task4_Page3.qpa
    d:\swdev4_pum\bore800_software\sw_versionen\462\v4620212\qvis_v4620212\page\Normal_Task5_Page1.qpa
    d:\swdev4_pum\bore800_software\sw_versionen\462\v4620212\qvis_v4620212\page\Normal_Task5_Page2.qpa
    d:\swdev4_pum\bore800_software\sw_versionen\462\v4620212\qvis_v4620212\page\Normal_Task5_Page3.qpa
    d:\swdev4_pum\bore800_software\sw_versionen\462\v4620212\qvis_v4620212\page\Normal_Task5_Page4.qpa
    d:\swdev4_pum\bore800_software\sw_versionen\462\v4620212\qvis_v4620212\page\Normal_Task6_Page1.qpa
    d:\swdev4_pum\bore800_software\sw_versionen\462\v4620212\qvis_v4620212\page\Normal_Task6_Page2.qpa
    d:\swdev4_pum\bore800_software\sw_versionen\462\v4620212\qvis_v4620212\page\Normal_Parameter_Page1.qpa
    d:\swdev4_pum\bore800_software\sw_versionen\462\v4620212\qvis_v4620212\page\KeypadNum_2x.qpa
    d:\swdev4_pum\bore800_software\sw_versionen\462\v4620212\qvis_v4620212\page\TextKeypad_gross.qpa
    d:\swdev4_pum\bore800_software\sw_versionen\462\v4620212\qvis_v4620212\page\TextSymbolKeypad_2x.qpa
    d:\swdev4_pum\bore800_software\sw_versionen\462\v4620212\qvis_v4620212\page\SetupA_Task1_Page1.qpa
    d:\swdev4_pum\bore800_software\sw_versionen\462\v4620212\qvis_v4620212\page\SetupA_Task1_Page2.qpa
    d:\swdev4_pum\bore800_software\sw_versionen\462\v4620212\qvis_v4620212\page\SetupA_Task2_Page1.qpa
    d:\swdev4_pum\bore800_software\sw_versionen\462\v4620212\qvis_v4620212\page\SetupA_Task2_Page2.qpa
    d:\swdev4_pum\bore800_software\sw_versionen\462\v4620212\qvis_v4620212\page\SetupA_Task3_Page1.qpa
    d:\swdev4_pum\bore800_software\sw_versionen\462\v4620212\qvis_v4620212\page\SetupA_Task3_Page2.qpa
    d:\swdev4_pum\bore800_software\sw_versionen\462\v4620212\qvis_v4620212\page\SetupA_Task4_Page1.qpa
    d:\swdev4_pum\bore800_software\sw_versionen\462\v4620212\qvis_v4620212\page\SetupA_Task4_Page2.qpa
    d:\swdev4_pum\bore800_software\sw_versionen\462\v4620212\qvis_v4620212\page\SetupA_Task4_Page3.qpa
    d:\swdev4_pum\bore800_software\sw_versionen\462\v4620212\qvis_v4620212\page\SetupA_Task5_Page1.qpa
    d:\swdev4_pum\bore800_software\sw_versionen\462\v4620212\qvis_v4620212\page\SetupA_Task5_Page2.qpa
    d:\swdev4_pum\bore800_software\sw_versionen\462\v4620212\qvis_v4620212\page\SetupA_Task6_Page1.qpa
    d:\swdev4_pum\bore800_software\sw_versionen\462\v4620212\qvis_v4620212\page\SetupA_Task6_Page2.qpa
    d:\swdev4_pum\bore800_software\sw_versionen\462\v4620212\qvis_v4620212\page\SetupA_Parameter_Page1.qpa
    d:\swdev4_pum\bore800_software\sw_versionen\462\v4620212\qvis_v4620212\page\SetupB_Task1_Page1.qpa
    d:\swdev4_pum\bore800_software\sw_versionen\462\v4620212\qvis_v4620212\page\SetupB_Task1_Page2.qpa
    d:\swdev4_pum\bore800_software\sw_versionen\462\v4620212\qvis_v4620212\page\SetupB_Task1_Page3.qpa
    d:\swdev4_pum\bore800_software\sw_versionen\462\v4620212\qvis_v4620212\page\SetupB_Task2_Page1.qpa
    d:\swdev4_pum\bore800_software\sw_versionen\462\v4620212\qvis_v4620212\page\SetupB_Task3_Page1.qpa
    d:\swdev4_pum\bore800_software\sw_versionen\462\v4620212\qvis_v4620212\page\SetupB_Task4_Page1.qpa
    d:\swdev4_pum\bore800_software\sw_versionen\462\v4620212\qvis_v4620212\page\SetupB_Task5_Page1.qpa
    d:\swdev4_pum\bore800_software\sw_versionen\462\v4620212\qvis_v4620212\page\SetupB_Task5_Page2.qpa
    d:\swdev4_pum\bore800_software\sw_versionen\462\v4620212\qvis_v4620212\page\SetupB_Task5_Page3.qpa
    d:\swdev4_pum\bore800_software\sw_versionen\462\v4620212\qvis_v4620212\page\SetupB_Task5_Page4.qpa
    d:\swdev4_pum\bore800_software\sw_versionen\462\v4620212\qvis_v4620212\page\SetupB_Task5_Page5.qpa
    d:\swdev4_pum\bore800_software\sw_versionen\462\v4620212\qvis_v4620212\page\SetupB_Task5_Page6.qpa
    d:\swdev4_pum\bore800_software\sw_versionen\462\v4620212\qvis_v4620212\page\SetupB_Task5_Page7.qpa
    d:\swdev4_pum\bore800_software\sw_versionen\462\v4620212\qvis_v4620212\page\SetupB_Task5_Page8.qpa
    d:\swdev4_pum\bore800_software\sw_versionen\462\v4620212\qvis_v4620212\page\SetupB_Task5_Page9.qpa
    d:\swdev4_pum\bore800_software\sw_versionen\462\v4620212\qvis_v4620212\page\SetupB_Task6_Page1.qpa
    d:\swdev4_pum\bore800_software\sw_versionen\462\v4620212\qvis_v4620212\page\SetupB_Task6_Page2.qpa
    d:\swdev4_pum\bore800_software\sw_versionen\462\v4620212\qvis_v4620212\page\SetupB_Parameter_Page1.qpa
    d:\swdev4_pum\bore800_software\sw_versionen\462\v4620212\qvis_v4620212\page\SetupC_Task1_Page1.qpa
    d:\swdev4_pum\bore800_software\sw_versionen\462\v4620212\qvis_v4620212\page\SetupC_Task1_Page2.qpa
    d:\swdev4_pum\bore800_software\sw_versionen\462\v4620212\qvis_v4620212\page\SetupC_Task4_Page1.qpa
    d:\swdev4_pum\bore800_software\sw_versionen\462\v4620212\qvis_v4620212\page\SetupC_Task4_Page2.qpa
    d:\swdev4_pum\bore800_software\sw_versionen\462\v4620212\qvis_v4620212\page\SetupC_Task5_Page1.qpa
    d:\swdev4_pum\bore800_software\sw_versionen\462\v4620212\qvis_v4620212\page\SetupC_Task5_Page2.qpa
    d:\swdev4_pum\bore800_software\sw_versionen\462\v4620212\qvis_v4620212\page\SetupC_Task6_Page1.qpa
    d:\swdev4_pum\bore800_software\sw_versionen\462\v4620212\qvis_v4620212\page\SetupC_Task6_Page2.qpa
    d:\swdev4_pum\bore800_software\sw_versionen\462\v4620212\qvis_v4620212\page\SetupC_Parameter_Page1.qpa
    d:\swdev4_pum\bore800_software\sw_versionen\462\v4620212\qvis_v4620212\page\Wait_Com.qpa
    d:\swdev4_pum\bore800_software\sw_versionen\462\v4620212\qvis_v4620212\page\Startpage.qpa
    d:\swdev4_pum\bore800_software\sw_versionen\462\v4620212\qvis_v4620212\page\Page_BIOS_1.qpa
    d:\swdev4_pum\bore800_software\sw_versionen\462\v4620212\qvis_v4620212\page\Page_BIOS_2.qpa
Building...
    Texts of Language 1
    Texts of Language 2
Symbols
    d:\swdev4_pum\bore800_software\sw_versionen\462\v4620212\qvis_v4620212\bitmap\StationState_110x100.bmp
    d:\swdev4_pum\bore800_software\sw_versionen\462\v4620212\qvis_v4620212\bitmap\StationInactiv.bmp
    d:\swdev4_pum\bore800_software\sw_versionen\462\v4620212\qvis_v4620212\bitmap\BtPanel_left_inactiv.bmp
    d:\swdev4_pum\bore800_software\sw_versionen\462\v4620212\qvis_v4620212\bitmap\BtPanel_left_activ.bmp
    d:\swdev4_pum\bore800_software\sw_versionen\462\v4620212\qvis_v4620212\bitmap\BtUp_80x50.bmp
    d:\swdev4_pum\bore800_software\sw_versionen\462\v4620212\qvis_v4620212\bitmap\BtDown_80x50.bmp
    d:\swdev4_pum\bore800_software\sw_versionen\462\v4620212\qvis_v4620212\bitmap\BtPanel_right_inactiv.bmp
    d:\swdev4_pum\bore800_software\sw_versionen\462\v4620212\qvis_v4620212\bitmap\BtPage_Nav_VerticalUp.bmp
    d:\swdev4_pum\bore800_software\sw_versionen\462\v4620212\qvis_v4620212\bitmap\BtPage_Nav_Vertical.bmp
    d:\swdev4_pum\bore800_software\sw_versionen\462\v4620212\qvis_v4620212\bitmap\Status_None.bmp
    d:\swdev4_pum\bore800_software\sw_versionen\462\v4620212\qvis_v4620212\bitmap\Status_Ok.bmp
    d:\swdev4_pum\bore800_software\sw_versionen\462\v4620212\qvis_v4620212\bitmap\Status_Busy.bmp
    d:\swdev4_pum\bore800_software\sw_versionen\462\v4620212\qvis_v4620212\bitmap\Status_Err.bmp
    d:\swdev4_pum\bore800_software\sw_versionen\462\v4620212\qvis_v4620212\bitmap\Status_white.bmp
    d:\swdev4_pum\bore800_software\sw_versionen\462\v4620212\qvis_v4620212\bitmap\Status_green.bmp
    d:\swdev4_pum\bore800_software\sw_versionen\462\v4620212\qvis_v4620212\bitmap\Status_red.bmp
    d:\swdev4_pum\bore800_software\sw_versionen\462\v4620212\qvis_v4620212\bitmap\Status_yellow.bmp
    d:\swdev4_pum\bore800_software\sw_versionen\462\v4620212\qvis_v4620212\bitmap\BtUp_160x50.bmp
    d:\swdev4_pum\bore800_software\sw_versionen\462\v4620212\qvis_v4620212\bitmap\BtDown_160x50.bmp
    d:\swdev4_pum\bore800_software\sw_versionen\462\v4620212\qvis_v4620212\bitmap\DisplayOverlayMsgInfo.bmp
    d:\swdev4_pum\bore800_software\sw_versionen\462\v4620212\qvis_v4620212\bitmap\DisplayOverlayMsgWarning.bmp
    d:\swdev4_pum\bore800_software\sw_versionen\462\v4620212\qvis_v4620212\bitmap\DisplayOverlayMsgError.bmp
    d:\swdev4_pum\bore800_software\sw_versionen\462\v4620212\qvis_v4620212\bitmap\DisplayOverlayMsgPreWarning.bmp
    d:\swdev4_pum\bore800_software\sw_versionen\462\v4620212\qvis_v4620212\bitmap\upLeft_50x50.bmp
    d:\swdev4_pum\bore800_software\sw_versionen\462\v4620212\qvis_v4620212\bitmap\downLeft_50x50.bmp
    d:\swdev4_pum\bore800_software\sw_versionen\462\v4620212\qvis_v4620212\bitmap\upRight_50x50.bmp
    d:\swdev4_pum\bore800_software\sw_versionen\462\v4620212\qvis_v4620212\bitmap\downRight_50x50.bmp
    d:\swdev4_pum\bore800_software\sw_versionen\462\v4620212\qvis_v4620212\bitmap\DisplayOverlayMsgRequest.bmp
    d:\swdev4_pum\bore800_software\sw_versionen\462\v4620212\qvis_v4620212\bitmap\DisplayOverlayMsgWarningToolBlock.bmp
    d:\swdev4_pum\bore800_software\sw_versionen\462\v4620212\qvis_v4620212\bitmap\WstkNichtVorhanden.bmp
    d:\swdev4_pum\bore800_software\sw_versionen\462\v4620212\qvis_v4620212\bitmap\WstkVorhanden.bmp
    d:\swdev4_pum\bore800_software\sw_versionen\462\v4620212\qvis_v4620212\bitmap\WstkBearbeitet.bmp
    d:\swdev4_pum\bore800_software\sw_versionen\462\v4620212\qvis_v4620212\bitmap\WstkInBearbeitung.bmp
    d:\swdev4_pum\bore800_software\sw_versionen\462\v4620212\qvis_v4620212\bitmap\GreiferWstkNichtVorhanden.bmp
    d:\swdev4_pum\bore800_software\sw_versionen\462\v4620212\qvis_v4620212\bitmap\GreiferWstkVorhanden.bmp
    d:\swdev4_pum\bore800_software\sw_versionen\462\v4620212\qvis_v4620212\bitmap\GreiferWstkBearbeitet.bmp
    d:\swdev4_pum\bore800_software\sw_versionen\462\v4620212\qvis_v4620212\bitmap\GreiferWstkInBearbeitung.bmp
    d:\swdev4_pum\bore800_software\sw_versionen\462\v4620212\qvis_v4620212\bitmap\LedOFF_20x20.bmp
    d:\swdev4_pum\bore800_software\sw_versionen\462\v4620212\qvis_v4620212\bitmap\LedGreen_20x20.bmp
    d:\swdev4_pum\bore800_software\sw_versionen\462\v4620212\qvis_v4620212\bitmap\LedRed_20x20.bmp
    d:\swdev4_pum\bore800_software\sw_versionen\462\v4620212\qvis_v4620212\bitmap\LedWhite_20x20.bmp
    d:\swdev4_pum\bore800_software\sw_versionen\462\v4620212\qvis_v4620212\bitmap\LedBlue_20x20.bmp
    d:\swdev4_pum\bore800_software\sw_versionen\462\v4620212\qvis_v4620212\bitmap\LedYellow_20x20.bmp
    d:\swdev4_pum\bore800_software\sw_versionen\462\v4620212\qvis_v4620212\bitmap\LedOFF_15x15.bmp
    d:\swdev4_pum\bore800_software\sw_versionen\462\v4620212\qvis_v4620212\bitmap\LedGreen_15x15.bmp
    d:\swdev4_pum\bore800_software\sw_versionen\462\v4620212\qvis_v4620212\bitmap\LedOFF_24x24.bmp
    d:\swdev4_pum\bore800_software\sw_versionen\462\v4620212\qvis_v4620212\bitmap\LedGreen_24x24.bmp
    d:\swdev4_pum\bore800_software\sw_versionen\462\v4620212\qvis_v4620212\bitmap\LedRed_24x24.bmp
    d:\swdev4_pum\bore800_software\sw_versionen\462\v4620212\qvis_v4620212\bitmap\LedYellow_24x24.bmp
    d:\swdev4_pum\bore800_software\sw_versionen\462\v4620212\qvis_v4620212\bitmap\LedOFF_66x34.bmp
    d:\swdev4_pum\bore800_software\sw_versionen\462\v4620212\qvis_v4620212\bitmap\LedYellow_66x34.bmp
    d:\swdev4_pum\bore800_software\sw_versionen\462\v4620212\qvis_v4620212\bitmap\LedSensorOFF_20x20.bmp
    d:\swdev4_pum\bore800_software\sw_versionen\462\v4620212\qvis_v4620212\bitmap\LedSensorON_20x20.bmp
    d:\swdev4_pum\bore800_software\sw_versionen\462\v4620212\qvis_v4620212\bitmap\Forward.bmp
    d:\swdev4_pum\bore800_software\sw_versionen\462\v4620212\qvis_v4620212\bitmap\Backward.bmp
    d:\swdev4_pum\bore800_software\sw_versionen\462\v4620212\qvis_v4620212\bitmap\PartQualityBackground.bmp
    d:\swdev4_pum\bore800_software\sw_versionen\462\v4620212\qvis_v4620212\bitmap\PartQualityBackgroundSingle.bmp
    d:\swdev4_pum\bore800_software\sw_versionen\462\v4620212\qvis_v4620212\bitmap\StationActive.bmp
    d:\swdev4_pum\bore800_software\sw_versionen\462\v4620212\qvis_v4620212\bitmap\BtFnBackGround.bmp
    d:\swdev4_pum\bore800_software\sw_versionen\462\v4620212\qvis_v4620212\bitmap\LineWhite_480x1.bmp
    d:\swdev4_pum\bore800_software\sw_versionen\462\v4620212\qvis_v4620212\bitmap\MaschineMitKreuztisch_150x200.bmp
    d:\swdev4_pum\bore800_software\sw_versionen\462\v4620212\qvis_v4620212\bitmap\MaschineOhneKreuztisch_148x200.bmp
    d:\swdev4_pum\bore800_software\sw_versionen\462\v4620212\qvis_v4620212\bitmap\MaschineMit1Stationen_144x200.bmp
    d:\swdev4_pum\bore800_software\sw_versionen\462\v4620212\qvis_v4620212\bitmap\MaschineMit2Stationen_144x200.bmp
    d:\swdev4_pum\bore800_software\sw_versionen\462\v4620212\qvis_v4620212\bitmap\UniBore800_462_145x200.bmp
    d:\swdev4_pum\bore800_software\sw_versionen\462\v4620212\qvis_v4620212\bitmap\LineWhite_110x1.bmp
    d:\swdev4_pum\bore800_software\sw_versionen\462\v4620212\qvis_v4620212\bitmap\LineWhite_1x60.bmp
    d:\swdev4_pum\bore800_software\sw_versionen\462\v4620212\qvis_v4620212\bitmap\BackgroundYellow_450x80.bmp
    d:\swdev4_pum\bore800_software\sw_versionen\462\v4620212\qvis_v4620212\bitmap\BtUp_160x100.bmp
    d:\swdev4_pum\bore800_software\sw_versionen\462\v4620212\qvis_v4620212\bitmap\BtDown_160x100.bmp
    d:\swdev4_pum\bore800_software\sw_versionen\462\v4620212\qvis_v4620212\bitmap\Overlay_Grey_480x335.bmp
    d:\swdev4_pum\bore800_software\sw_versionen\462\v4620212\qvis_v4620212\bitmap\LangGer.bmp
    d:\swdev4_pum\bore800_software\sw_versionen\462\v4620212\qvis_v4620212\bitmap\Bedienpult_UniBore_462_200x139.bmp
    d:\swdev4_pum\bore800_software\sw_versionen\462\v4620212\qvis_v4620212\bitmap\Werkerruflampe_30x150.bmp
    d:\swdev4_pum\bore800_software\sw_versionen\462\v4620212\qvis_v4620212\bitmap\EinrichtLeuchte_140x44.bmp
    d:\swdev4_pum\bore800_software\sw_versionen\462\v4620212\qvis_v4620212\bitmap\list_page_up.bmp
    d:\swdev4_pum\bore800_software\sw_versionen\462\v4620212\qvis_v4620212\bitmap\list_up.bmp
    d:\swdev4_pum\bore800_software\sw_versionen\462\v4620212\qvis_v4620212\bitmap\list_down.bmp
    d:\swdev4_pum\bore800_software\sw_versionen\462\v4620212\qvis_v4620212\bitmap\list_page_down.bmp
    d:\swdev4_pum\bore800_software\sw_versionen\462\v4620212\qvis_v4620212\bitmap\edit_param.bmp
    d:\swdev4_pum\bore800_software\sw_versionen\462\v4620212\qvis_v4620212\bitmap\EingabefeldKeyPad_2x.bmp
    d:\swdev4_pum\bore800_software\sw_versionen\462\v4620212\qvis_v4620212\bitmap\down40.bmp
    d:\swdev4_pum\bore800_software\sw_versionen\462\v4620212\qvis_v4620212\bitmap\0.bmp
    d:\swdev4_pum\bore800_software\sw_versionen\462\v4620212\qvis_v4620212\bitmap\1.bmp
    d:\swdev4_pum\bore800_software\sw_versionen\462\v4620212\qvis_v4620212\bitmap\2.bmp
    d:\swdev4_pum\bore800_software\sw_versionen\462\v4620212\qvis_v4620212\bitmap\3.bmp
    d:\swdev4_pum\bore800_software\sw_versionen\462\v4620212\qvis_v4620212\bitmap\4.bmp
    d:\swdev4_pum\bore800_software\sw_versionen\462\v4620212\qvis_v4620212\bitmap\5.bmp
    d:\swdev4_pum\bore800_software\sw_versionen\462\v4620212\qvis_v4620212\bitmap\6.bmp
    d:\swdev4_pum\bore800_software\sw_versionen\462\v4620212\qvis_v4620212\bitmap\7.bmp
    d:\swdev4_pum\bore800_software\sw_versionen\462\v4620212\qvis_v4620212\bitmap\8.bmp
    d:\swdev4_pum\bore800_software\sw_versionen\462\v4620212\qvis_v4620212\bitmap\9.bmp
    d:\swdev4_pum\bore800_software\sw_versionen\462\v4620212\qvis_v4620212\bitmap\cancel.bmp
    d:\swdev4_pum\bore800_software\sw_versionen\462\v4620212\qvis_v4620212\bitmap\Ok.bmp
    d:\swdev4_pum\bore800_software\sw_versionen\462\v4620212\qvis_v4620212\bitmap\backspace.bmp
    d:\swdev4_pum\bore800_software\sw_versionen\462\v4620212\qvis_v4620212\bitmap\punkt.bmp
    d:\swdev4_pum\bore800_software\sw_versionen\462\v4620212\qvis_v4620212\bitmap\plusminus.bmp
    d:\swdev4_pum\bore800_software\sw_versionen\462\v4620212\qvis_v4620212\bitmap\LineGrey_width370.bmp
    d:\swdev4_pum\bore800_software\sw_versionen\462\v4620212\qvis_v4620212\bitmap\up40.bmp
    d:\swdev4_pum\bore800_software\sw_versionen\462\v4620212\qvis_v4620212\bitmap\spaceUp_gross.bmp
    d:\swdev4_pum\bore800_software\sw_versionen\462\v4620212\qvis_v4620212\bitmap\spaceDown_gross.bmp
    d:\swdev4_pum\bore800_software\sw_versionen\462\v4620212\qvis_v4620212\bitmap\ShiftUp_gross.bmp
    d:\swdev4_pum\bore800_software\sw_versionen\462\v4620212\qvis_v4620212\bitmap\ShiftDown_gross.bmp
    d:\swdev4_pum\bore800_software\sw_versionen\462\v4620212\qvis_v4620212\bitmap\Kreuztisch_200x201.bmp
    d:\swdev4_pum\bore800_software\sw_versionen\462\v4620212\qvis_v4620212\bitmap\LineWhite_420x1.bmp
    d:\swdev4_pum\bore800_software\sw_versionen\462\v4620212\qvis_v4620212\bitmap\Bearbeitungsstation_MicroHead_80x250.bmp
    d:\swdev4_pum\bore800_software\sw_versionen\462\v4620212\qvis_v4620212\bitmap\WstkTeller_56WP_HandMode.bmp
    d:\swdev4_pum\bore800_software\sw_versionen\462\v4620212\qvis_v4620212\bitmap\Wstk_ER16_d4_40x69.bmp
    d:\swdev4_pum\bore800_software\sw_versionen\462\v4620212\qvis_v4620212\bitmap\WstkTeller_UniBore800_462_56Wstk_180x180.bmp
    d:\swdev4_pum\bore800_software\sw_versionen\462\v4620212\qvis_v4620212\bitmap\BearbStation1_47x40.bmp
    d:\swdev4_pum\bore800_software\sw_versionen\462\v4620212\qvis_v4620212\bitmap\BearbStation2_37x60.bmp
    d:\swdev4_pum\bore800_software\sw_versionen\462\v4620212\qvis_v4620212\bitmap\BearbStation3_40x50.bmp
    d:\swdev4_pum\bore800_software\sw_versionen\462\v4620212\qvis_v4620212\bitmap\DelphiCorHead_260x195.bmp
    d:\swdev4_pum\bore800_software\sw_versionen\462\v4620212\qvis_v4620212\bitmap\LineWhite_width280.bmp
    d:\swdev4_pum\bore800_software\sw_versionen\462\v4620212\qvis_v4620212\bitmap\Z1AchseErstEinrichtung_306x230.bmp
    d:\swdev4_pum\bore800_software\sw_versionen\462\v4620212\qvis_v4620212\bitmap\Z1AchseErstEinrichtung_2_110x230.bmp
    d:\swdev4_pum\bore800_software\sw_versionen\462\v4620212\qvis_v4620212\bitmap\BackgroundYellow_476x100.bmp
    d:\swdev4_pum\bore800_software\sw_versionen\462\v4620212\qvis_v4620212\bitmap\Z2AxisRefIndex_390x270.bmp
    d:\swdev4_pum\bore800_software\sw_versionen\462\v4620212\qvis_v4620212\bitmap\Z2LadePosition_343x230.bmp
    d:\swdev4_pum\bore800_software\sw_versionen\462\v4620212\qvis_v4620212\bitmap\Z2MechEndPos2_306x230.bmp
    d:\swdev4_pum\bore800_software\sw_versionen\462\v4620212\qvis_v4620212\bitmap\Z2MechEndPos3_306x230.bmp
    d:\swdev4_pum\bore800_software\sw_versionen\462\v4620212\qvis_v4620212\bitmap\Z2AchseNegLimitSwitch1_244x230.bmp
    d:\swdev4_pum\bore800_software\sw_versionen\462\v4620212\qvis_v4620212\bitmap\Spindle_220x188.bmp
    d:\swdev4_pum\bore800_software\sw_versionen\462\v4620212\qvis_v4620212\bitmap\Drehmoment_220x289.bmp
    d:\swdev4_pum\bore800_software\sw_versionen\462\v4620212\qvis_v4620212\bitmap\KraftMessdoseSet_412x190.bmp
    d:\swdev4_pum\bore800_software\sw_versionen\462\v4620212\qvis_v4620212\bitmap\KreuztischSetup_333x250.bmp
    d:\swdev4_pum\bore800_software\sw_versionen\462\v4620212\qvis_v4620212\bitmap\TAxisRefIndexNew_390x270.bmp
    d:\swdev4_pum\bore800_software\sw_versionen\462\v4620212\qvis_v4620212\bitmap\EinrichtBolzen_Teller2_IN_320x180.bmp
    d:\swdev4_pum\bore800_software\sw_versionen\462\v4620212\qvis_v4620212\bitmap\EinrichtBolzen_Teller2_OUT_320x180.bmp
    d:\swdev4_pum\bore800_software\sw_versionen\462\v4620212\qvis_v4620212\bitmap\WstkTeller_UniBore800_462_Save_56Wstk_180x180.bmp
    d:\swdev4_pum\bore800_software\sw_versionen\462\v4620212\qvis_v4620212\bitmap\Teller2_Einrichtposition_220x100.bmp
    d:\swdev4_pum\bore800_software\sw_versionen\462\v4620212\qvis_v4620212\bitmap\Hand_60x43.bmp
    d:\swdev4_pum\bore800_software\sw_versionen\462\v4620212\qvis_v4620212\bitmap\LogoQVisKlein.bmp
    d:\swdev4_pum\bore800_software\sw_versionen\462\v4620212\qvis_v4620212\bitmap\LogoMicrocut2002Gross_weiss_bkgrd.bmp
Variables
Pages
    d:\swdev4_pum\bore800_software\sw_versionen\462\v4620212\qvis_v4620212\page\Normal_Task1_Page1.qpa
        StationStateProcess_St9.qob
        StationStateProcess_St8.qob
        StationStateProcess_St7.qob
        Message_Line_Deutsch.qob
        SecurityStateMessage.qob
        StationStateProcessInactive_St2.qob
        StationStateProcessInactive_St3.qob
        StationStateProcessInactive_St1.qob
        StationStateProcess_St1.qob
        StationStateProcess_St2.qob
        StationStateProcess_St3.qob
        StationStateProcess_St4.qob
        StationStateProcess_St5.qob
        StationStateProcess_St6.qob
        BtPanel_Left.qob
        BtPanel_Left_Text.qob
        Taskbar_NormalOperate.qob
        BtPanelRight_Normal_Task1_Page1.qob
        PageHeader.qob
        MachineState.qob
        StationState_St4.qob
        StationTitle_Station_1Until3.qob
        StationTitle_Station_4Until9.qob
        AutoWPCounter.qob
        StationState_St1.qob
        StationState_St2.qob
        StationState_St3.qob
        AutoProcessTime.qob
        AutomodeNIONumber.qob
        StationStateProcess_St1_NotExist.qob
        StationStateProcess_St2_NotExist.qob
        StationStateProcess_St3_NotExist.qob
        StationStateProcess_St4_NotExist.qob
        StationState_St5.qob
        StationStateProcess_St5_NotExist.qob
        AutoSelectProcess.qob
        MessageInfoOverlay.qob
        MessageWarningOverlay.qob
        MessageErrorOverlay.qob
        MessagePreWarningOverlay.qob
        MessageRequestOverlay.qob
        MessageWarningToolBlockOverlay.qob
    d:\swdev4_pum\bore800_software\sw_versionen\462\v4620212\qvis_v4620212\page\Normal_Task1_Page2.qpa
        BtPanel_Left.qob
        BtPanel_Left_Text.qob
        Taskbar_NormalOperate.qob
        BtPanelRight_Normal_Task1_Page2.qob
        PageHeader.qob
        Message_Line_Deutsch.qob
        MachineState.qob
        ProfileBarCommonState.qob
        StationCommonDataInfoValue.qob
        StationCommonDataInfoState.qob
        StationState_St1.qob
        StationState_St2.qob
        StationState_St3.qob
        SelectStation.qob
        SecurityStateMessage.qob
        StationCommonDataInfoValueDelphi.qob
        MessagePreWarningOverlay.qob
    d:\swdev4_pum\bore800_software\sw_versionen\462\v4620212\qvis_v4620212\page\Normal_Task1_Page3.qpa
        SelectWorkpiece.qob
        BtPanel_Left.qob
        BtPanel_Left_Text.qob
        Taskbar_NormalOperate.qob
        BtPanelRight_Normal_Task1_Page3.qob
        PageHeader.qob
        Message_Line_Deutsch.qob
        MachineState.qob
        PartQuality.qob
        StationState_St1.qob
        StationState_St2.qob
        StationState_St3.qob
        SecurityStateMessage.qob
        CycleTime.qob
        MessagePreWarningOverlay.qob
    d:\swdev4_pum\bore800_software\sw_versionen\462\v4620212\qvis_v4620212\page\Normal_Task1_Page4.qpa
        BtPanel_Left.qob
        BtPanel_Left_Text.qob
        Taskbar_NormalOperate.qob
        BtPanelRight_Normal_Task1_Page4.qob
        PageHeader.qob
        Message_Line_Deutsch.qob
        MachineState.qob
        StationActive_St1.qob
        StationActive_St2.qob
        StationActive_St3.qob
        StationState_St1.qob
        StationState_St2.qob
        StationState_St3.qob
        StationTitle_Station_ProcessActivation.qob
        FnBtFunction_Normal_Task1_Page4.qob
        SecurityStateMessage.qob
        StationStateProcess_St1_NotExist.qob
        StationStateProcess_St2_NotExist.qob
        StationStateProcess_St3_NotExist.qob
        StationActive_St4.qob
        StationActive_St5.qob
        StationState_St4.qob
        StationState_St5.qob
        StationStateProcess_St4_NotExist.qob
        StationStateProcess_St5_NotExist.qob
        StationTitle_Station_ProcessActivation.qob
        MessagePreWarningOverlay.qob
    d:\swdev4_pum\bore800_software\sw_versionen\462\v4620212\qvis_v4620212\page\Normal_Task2_Page1.qpa
        FnBtFunction_Normal_Task2_Page1.qob
        MaschinenRefBackground.qob
        MaschinenReferenzierung4.qob
        MaschinenReferenzierung5.qob
        MaschinenReferenzierung1.qob
        MaschinenReferenzierung2.qob
        MaschinenReferenzierung3.qob
        MaschinenReferenzierung4.qob
        MaschinenReferenzierung5.qob
        MaschinenReferenzierung4.qob
        BtPanel_Left.qob
        BtPanel_Left_Text.qob
        Taskbar_NormalOperate.qob
        BtPanelRight_Normal_Task2_Page1.qob
        PageHeader.qob
        Message_Line_Deutsch.qob
        MachineState.qob
        SecurityStateMessage.qob
        StationStateReference_St1.qob
        StationStateReference_St2.qob
        StationStateReference_St3.qob
        StationStateReference_St4.qob
        StationStateReference_St5.qob
        StationState_St1.qob
        StationState_St2.qob
        StationState_St3.qob
        StationState_St4.qob
        StationState_St5.qob
        MessageErrorOverlay.qob
        MessageWarningOverlay.qob
        MessageInfoOverlay.qob
        MessageWarningToolBlockOverlay.qob
    d:\swdev4_pum\bore800_software\sw_versionen\462\v4620212\qvis_v4620212\page\Normal_Task3_Page1.qpa
        MaschinenZustandSpeicherBackground.qob
        BtPanel_Left.qob
        BtPanel_Left_Text.qob
        Taskbar_NormalOperate.qob
        BtPanelRight_Normal_Task3_Page1.qob
        PageHeader.qob
        Message_Line_Deutsch.qob
        MachineState.qob
        SecurityStateMessage.qob
        FnBtFunction_Normal_Task3_Page1.qob
        MaschinenZustandSpeicherBackgroundWithoutT.qob
    d:\swdev4_pum\bore800_software\sw_versionen\462\v4620212\qvis_v4620212\page\Normal_Task4_Page1.qpa
        BtPanel_Left.qob
        BtPanel_Left_Text.qob
        Taskbar_NormalOperate.qob
        BtPanelRight_Normal_Task4_Page1.qob
        PageHeader.qob
        Message_Line_Deutsch.qob
        MachineState.qob
        FnBtFunction_Normal_Task4_Page1.qob
        ToolChangeInfo.qob
        SecurityStateMessage.qob
    d:\swdev4_pum\bore800_software\sw_versionen\462\v4620212\qvis_v4620212\page\Normal_Task4_Page2.qpa
        BtPanel_Left.qob
        BtPanel_Left_Text.qob
        Taskbar_NormalOperate.qob
        BtPanelRight_Normal_Task4_Page2.qob
        PageHeader.qob
        Message_Line_Deutsch.qob
        MachineState.qob
        SelectUserLevel.qob
        FnBtFunction_Normal_Task4_Page2.qob
        ChangeOperatorPassword.qob
        SecurityStateMessage.qob
    d:\swdev4_pum\bore800_software\sw_versionen\462\v4620212\qvis_v4620212\page\Normal_Task4_Page3.qpa
        BtPanel_Left.qob
        BtPanel_Left_Text.qob
        Taskbar_NormalOperate.qob
        BtPanelRight_Normal_Task4_Page3.qob
        PageHeader.qob
        Message_Line_Deutsch.qob
        MachineState.qob
        SelectLanguage.qob
        SecurityStateMessage.qob
    d:\swdev4_pum\bore800_software\sw_versionen\462\v4620212\qvis_v4620212\page\Normal_Task5_Page1.qpa
        BtPanel_Left.qob
        BtPanel_Left_Text.qob
        Taskbar_NormalOperate.qob
        BtPanelRight_Normal_Task5_Page1.qob
        PageHeader.qob
        Message_Line_Deutsch.qob
        MachineState.qob
        WPCycleCounter.qob
        SecurityStateMessage.qob
    d:\swdev4_pum\bore800_software\sw_versionen\462\v4620212\qvis_v4620212\page\Normal_Task5_Page2.qpa
        BtPanel_Left.qob
        BtPanel_Left_Text.qob
        Taskbar_NormalOperate.qob
        PageHeader.qob
        Message_Line_Deutsch.qob
        MachineState.qob
        LampTest.qob
        FnBtFunction_Normal_Task5_Page2.qob
        LampTest_YES_NO.qob
        LampTest_OrderList.qob
        BtPanelRight_Normal_Task5_Page2.qob
        SecurityStateMessage.qob
    d:\swdev4_pum\bore800_software\sw_versionen\462\v4620212\qvis_v4620212\page\Normal_Task5_Page3.qpa
        BtPanel_Left.qob
        BtPanel_Left_Text.qob
        Taskbar_NormalOperate.qob
        BtPanelRight_Normal_Task5_Page3.qob
        PageHeader.qob
        Message_Line_Deutsch.qob
        MachineState.qob
        SecurityStateMessage.qob
        FnBtFunction_Normal_Task5_Page3.qob
        SafetyInfo.qob
    d:\swdev4_pum\bore800_software\sw_versionen\462\v4620212\qvis_v4620212\page\Normal_Task5_Page4.qpa
        BtPanel_Left.qob
        BtPanel_Left_Text.qob
        Taskbar_NormalOperate.qob
        BtPanelRight_Normal_Task5_Page4.qob
        PageHeader.qob
        Message_Line_Deutsch.qob
        MachineState.qob
        SystemInfo.qob
        SecurityStateMessage.qob
    d:\swdev4_pum\bore800_software\sw_versionen\462\v4620212\qvis_v4620212\page\Normal_Task6_Page1.qpa
        BtPanel_Left.qob
        BtPanel_Left_Text.qob
        Taskbar_NormalOperate.qob
        PageHeader.qob
        Message_Line_Deutsch.qob
        MachineState.qob
        ErrorListEnglish.qob
        ErrorListDeutsch.qob
        BtPanelRight_Normal_Task6_Page1.qob
        SecurityStateMessage.qob
    d:\swdev4_pum\bore800_software\sw_versionen\462\v4620212\qvis_v4620212\page\Normal_Task6_Page2.qpa
        BtPanel_Left.qob
        BtPanel_Left_Text.qob
        Taskbar_NormalOperate.qob
        PageHeader.qob
        Message_Line_Deutsch.qob
        MachineState.qob
        WarningListEnglish.qob
        WarningListDeutsch.qob
        BtPanelRight_Normal_Task6_Page2.qob
        SecurityStateMessage.qob
    d:\swdev4_pum\bore800_software\sw_versionen\462\v4620212\qvis_v4620212\page\Normal_Parameter_Page1.qpa
        BtPanel_Left.qob
        BtPanel_Left_Text.qob
        Taskbar_NormalOperate.qob
        BtPanelRight_Normal_Parameter_Page1.qob
        PageHeader.qob
        Message_Line_Deutsch.qob
        MachineState.qob
        SecurityStateMessage.qob
        Param_NormalTask1_List1.qob
        Param_Nav_AllTask.qob
        NavParam.qob
        NavParamNoEdit.qob
        NavParamNoParam.qob
        Param_NormalTask4_List1_1.qob
        Param_NormalTask4_List1_2.qob
        Param_NormalTask4_List1_3.qob
        Param_NormalTask5_List1_1.qob
        Param_NormalTask5_List1_2.qob
        Param_NormalTask5_List1_3.qob
        Param_NoParameter.qob
    d:\swdev4_pum\bore800_software\sw_versionen\462\v4620212\qvis_v4620212\page\KeypadNum_2x.qpa
        KeypadNum_2x.qob
    d:\swdev4_pum\bore800_software\sw_versionen\462\v4620212\qvis_v4620212\page\TextKeypad_gross.qpa
        TextKeypad_gross.qob
    d:\swdev4_pum\bore800_software\sw_versionen\462\v4620212\qvis_v4620212\page\TextSymbolKeypad_2x.qpa
        TextSymbolKeypad_2x.qob
    d:\swdev4_pum\bore800_software\sw_versionen\462\v4620212\qvis_v4620212\page\SetupA_Task1_Page1.qpa
        BtPanel_Left.qob
        BtPanelSetup_Left_Text.qob
        Taskbar_SetupAOperate.qob
        BtPanelRight_SetupA_Task1_Page1.qob
        PageHeader.qob
        Message_Line_Deutsch.qob
        MachineState.qob
        StationCommonDataInfoState.qob
        ProfileBarCommonState.qob
        StationCommonDataInfoValue.qob
        StationState_Common.qob
        SecurityStateMessage.qob
        FnBtFunction_SetupA_Task1_Page1.qob
        NoCrossTable.qob
    d:\swdev4_pum\bore800_software\sw_versionen\462\v4620212\qvis_v4620212\page\SetupA_Task1_Page2.qpa
        BtPanel_Left.qob
        BtPanelSetup_Left_Text.qob
        Taskbar_SetupAOperate.qob
        BtPanelRight_SetupA_Task1_Page2.qob
        PageHeader.qob
        Message_Line_Deutsch.qob
        MachineState.qob
        StationCommonDataInfoState.qob
        StationState_Common.qob
        ProfileBarCommonState.qob
        DataOnlineChange_List1.qob
        DataOnlineChange_List2.qob
        NavOnlineChangeList.qob
        SecurityStateMessage.qob
        NoCrossTable.qob
    d:\swdev4_pum\bore800_software\sw_versionen\462\v4620212\qvis_v4620212\page\SetupA_Task2_Page1.qpa
        BtPanel_Left.qob
        BtPanelSetup_Left_Text.qob
        Taskbar_SetupAOperate.qob
        BtPanelRight_SetupA_Task2_Page1.qob
        PageHeader.qob
        Message_Line_Deutsch.qob
        MachineState.qob
        StationCommonDataInfoState.qob
        ProfileBarCommonState.qob
        ProfileId.qob
        ProfileList.qob
        Nav_ProfileList.qob
        SecurityStateMessage.qob
        StationState_Common.qob
    d:\swdev4_pum\bore800_software\sw_versionen\462\v4620212\qvis_v4620212\page\SetupA_Task2_Page2.qpa
        BtPanel_Left.qob
        BtPanelSetup_Left_Text.qob
        Taskbar_SetupAOperate.qob
        BtPanelRight_SetupA_Task2_Page2.qob
        PageHeader.qob
        Message_Line_Deutsch.qob
        MachineState.qob
        ProfileCopyDestID.qob
        ProfileCopyDestSelect.qob
        ProfileCopySourceID.qob
        ProfileCopySourceSelect.qob
        StationCommonDataInfoState.qob
        ProfileBarCommonState.qob
        SecurityStateMessage.qob
        StationState_Common.qob
        OnlyOneWorkStation.qob
    d:\swdev4_pum\bore800_software\sw_versionen\462\v4620212\qvis_v4620212\page\SetupA_Task3_Page1.qpa
        BtPanel_Left.qob
        BtPanelSetup_Left_Text.qob
        Taskbar_SetupAOperate.qob
        BtPanelRight_SetupA_Task3_Page1.qob
        PageHeader.qob
        Message_Line_Deutsch.qob
        MachineState.qob
        StationCommonDataInfoState.qob
        ProfileBarCommonState.qob
        StationCommonDataInfoValue.qob
        StationState_Common.qob
        SecurityStateMessage.qob
        HandModeProcess_Step1.qob
        HandModeProcess_Step2.qob
        HandModeProcess_Step3.qob
        HandModeProcess_Step4.qob
        NoPartDisc.qob
    d:\swdev4_pum\bore800_software\sw_versionen\462\v4620212\qvis_v4620212\page\SetupA_Task3_Page2.qpa
        BtPanel_Left.qob
        BtPanelSetup_Left_Text.qob
        Taskbar_SetupAOperate.qob
        BtPanelRight_SetupA_Task3_Page2.qob
        PageHeader.qob
        Message_Line_Deutsch.qob
        MachineState.qob
        StationCommonDataInfoState.qob
        StationState_Common.qob
        ProfileBarCommonState.qob
        DataOnlineChange_List1.qob
        DataOnlineChange_List2.qob
        NavOnlineChangeList.qob
        SecurityStateMessage.qob
        NoPartDisc.qob
    d:\swdev4_pum\bore800_software\sw_versionen\462\v4620212\qvis_v4620212\page\SetupA_Task4_Page1.qpa
        StationCommonDataInfoValueDelphiA.qob
        FnBtFunction_SetupA_Task4a_Page1.qob
        BtPanel_Left.qob
        BtPanelSetup_Left_Text.qob
        Taskbar_SetupAOperate.qob
        BtPanelRight_SetupA_Task4_Page1.qob
        PageHeader.qob
        Message_Line_Deutsch.qob
        MachineState.qob
        DeflectionInfo.qob
        ProfileBarCommonState.qob
        StationCommonDataInfoValueDelphi.qob
        SecurityStateMessage.qob
        FnBtFunction_SetupA_Task4_Page1.qob
        HandModeProcessDelphi_Step1.qob
        HandModeProcessDelphi_Step2.qob
        HandModeProcessDelphi_Step3.qob
        HandModeProcessDelphi_Step4.qob
        MessagePartNumber.qob
        NoDelphiWP.qob
    d:\swdev4_pum\bore800_software\sw_versionen\462\v4620212\qvis_v4620212\page\SetupA_Task4_Page2.qpa
        BtPanel_Left.qob
        BtPanelSetup_Left_Text.qob
        Taskbar_SetupAOperate.qob
        BtPanelRight_SetupA_Task4_Page2.qob
        PageHeader.qob
        Message_Line_Deutsch.qob
        MachineState.qob
        StationCommonDataInfoState.qob
        StationState_Common.qob
        ProfileBarCommonState.qob
        DataOnlineChange_List1.qob
        DataOnlineChange_List2.qob
        NavOnlineChangeList.qob
        SecurityStateMessage.qob
        NoDelphiWP.qob
    d:\swdev4_pum\bore800_software\sw_versionen\462\v4620212\qvis_v4620212\page\SetupA_Task4_Page3.qpa
        BtPanel_Left.qob
        BtPanelSetup_Left_Text.qob
        Taskbar_SetupAOperate.qob
        BtPanelRight_SetupA_Task4_Page3.qob
        PageHeader.qob
        Message_Line_Deutsch.qob
        MachineState.qob
        SecurityStateMessage.qob
        NoDelphiWP.qob
        TeachINValue_Deflection.qob
        FnBtFunction_SetupA_Task4_Page3.qob
    d:\swdev4_pum\bore800_software\sw_versionen\462\v4620212\qvis_v4620212\page\SetupA_Task5_Page1.qpa
        BtPanel_Left.qob
        BtPanelSetup_Left_Text.qob
        Taskbar_SetupAOperate.qob
        BtPanelRight_SetupA_Task5_Page1.qob
        PageHeader.qob
        Message_Line_Deutsch.qob
        MachineState.qob
        StationCommonDataInfoState.qob
        ProfileBarCommonState.qob
        StationCommonDataInfoValue.qob
        StationState_Common.qob
        SecurityStateMessage.qob
        HandModeSelectProcess.qob
        NoCrossTable.qob
    d:\swdev4_pum\bore800_software\sw_versionen\462\v4620212\qvis_v4620212\page\SetupA_Task5_Page2.qpa
        BtPanel_Left.qob
        BtPanelSetup_Left_Text.qob
        Taskbar_SetupAOperate.qob
        BtPanelRight_SetupA_Task5_Page2.qob
        PageHeader.qob
        Message_Line_Deutsch.qob
        MachineState.qob
        StationCommonDataInfoState.qob
        StationState_Common.qob
        ProfileBarCommonState.qob
        DataOnlineChange_List1.qob
        DataOnlineChange_List2.qob
        NavOnlineChangeList.qob
        SecurityStateMessage.qob
        NoCrossTable.qob
    d:\swdev4_pum\bore800_software\sw_versionen\462\v4620212\qvis_v4620212\page\SetupA_Task6_Page1.qpa
        BtPanel_Left.qob
        BtPanelSetup_Left_Text.qob
        Taskbar_SetupAOperate.qob
        PageHeader.qob
        Message_Line_Deutsch.qob
        MachineState.qob
        ErrorListEnglish.qob
        ErrorListDeutsch.qob
        BtPanelRight_SetupA_Task6_Page1.qob
        SecurityStateMessage.qob
    d:\swdev4_pum\bore800_software\sw_versionen\462\v4620212\qvis_v4620212\page\SetupA_Task6_Page2.qpa
        BtPanel_Left.qob
        BtPanelSetup_Left_Text.qob
        Taskbar_SetupAOperate.qob
        PageHeader.qob
        Message_Line_Deutsch.qob
        MachineState.qob
        WarningListEnglish.qob
        WarningListDeutsch.qob
        BtPanelRight_SetupA_Task6_Page2.qob
        SecurityStateMessage.qob
    d:\swdev4_pum\bore800_software\sw_versionen\462\v4620212\qvis_v4620212\page\SetupA_Parameter_Page1.qpa
        BtPanel_Left.qob
        BtPanelSetup_Left_Text.qob
        Taskbar_SetupAOperate.qob
        BtPanelRight_SetupA_Parameter_Page1.qob
        PageHeader.qob
        Message_Line_Deutsch.qob
        MachineState.qob
        SecurityStateMessage.qob
        Param_Nav_AllTask.qob
        Param_SetupATask1_List1_MicroHead.qob
        Param_SetupATask1_List2_MicroHead.qob
        Param_SetupATask1_List3_MicroHead.qob
        Param_SetupATask2_List1_MicroHead.qob
        Param_NoParameter.qob
        NavParam.qob
        NavParamNoEdit.qob
        NavParamNoParam.qob
        ProfileBarCommonState.qob
    d:\swdev4_pum\bore800_software\sw_versionen\462\v4620212\qvis_v4620212\page\SetupB_Task1_Page1.qpa
        TeachINValue_Axis_S.qob
        TeachInBackground_SetupB.qob
        BtPanel_Left.qob
        BtPanelSetup_Left_Text.qob
        Taskbar_SetupBOperate.qob
        BtPanelRight_SetupB_Task1_Page1.qob
        PageHeader.qob
        Message_Line_Deutsch.qob
        MachineState.qob
        FnBtFunction_SetupB_Task1_Page1_3.qob
        FnBtFunction_SetupB_Task1_Page1_2.qob
        FnBtFunction_SetupB_Task1_Page1_1.qob
        TeachINSelect_Axis_Z.qob
        TeachINSelect_Axis_S.qob
        TeachINValue_Axis_Z.qob
        ProfileBarCommonState.qob
        SecurityStateMessage.qob
        TeachINSelect_Axis_Z2.qob
        TeachINValue_Axis_Z2.qob
    d:\swdev4_pum\bore800_software\sw_versionen\462\v4620212\qvis_v4620212\page\SetupB_Task1_Page2.qpa
        TeachINValue_Axis_XY.qob
        BtPanel_Left.qob
        BtPanelSetup_Left_Text.qob
        Taskbar_SetupBOperate.qob
        PageHeader.qob
        Message_Line_Deutsch.qob
        MachineState.qob
        SecurityStateMessage.qob
        FnBtFunction_SetupB_Task1_Page2_2.qob
        FnBtFunction_SetupB_Task1_Page2_3.qob
        BtPanelRight_SetupB_Task1_Page2_2.qob
        BtPanelRight_SetupB_Task1_Page2_3.qob
        TeachINSelect_Axis_X_SetupB.qob
        TeachINSelect_Axis_Y_SetupB.qob
        ProfileBarCommonState.qob
        NoCrossTable.qob
    d:\swdev4_pum\bore800_software\sw_versionen\462\v4620212\qvis_v4620212\page\SetupB_Task1_Page3.qpa
        TeachInBackground_SetupB3.qob
        BtPanel_Left.qob
        BtPanelSetup_Left_Text.qob
        Taskbar_SetupBOperate.qob
        BtPanelRight_SetupB_Task1_Page3.qob
        PageHeader.qob
        Message_Line_Deutsch.qob
        MachineState.qob
        TeachINSelect_Axis_T_SetupB.qob
        TeachINValue_Axis_T.qob
        FnBtFunction_SetupB_Task1_Page3_1.qob
        SecurityStateMessage.qob
        NoPartDisc.qob
    d:\swdev4_pum\bore800_software\sw_versionen\462\v4620212\qvis_v4620212\page\SetupB_Task2_Page1.qpa
        CylinderBackgroundMicroHead_SetupB.qob
        BtPanel_Left.qob
        BtPanelSetup_Left_Text.qob
        Taskbar_SetupBOperate.qob
        BtPanelRight_SetupB_Task2_Page1.qob
        PageHeader.qob
        Message_Line_Deutsch.qob
        MachineState.qob
        SecurityStateMessage.qob
        Cylinder_ToolDeflection.qob
        Cylinder_LowerTube.qob
        Cylinder_CardanWPGripper.qob
        Cylinder_BrakeReleaseZ1Axis.qob
        Cylinder_BrakeReleaseZ2Axis.qob
    d:\swdev4_pum\bore800_software\sw_versionen\462\v4620212\qvis_v4620212\page\SetupB_Task3_Page1.qpa
        BtPanel_Left.qob
        BtPanelSetup_Left_Text.qob
        Taskbar_SetupBOperate.qob
        BtPanelRight_SetupB_Task3_Page1.qob
        PageHeader.qob
        Message_Line_Deutsch.qob
        MachineState.qob
        ValveBackground_SetupB.qob
        Valve_Coolant.qob
        Valve_CoolantSuction.qob
        Valve_CoolantSepOutlet.qob
        SecurityStateMessage.qob
    d:\swdev4_pum\bore800_software\sw_versionen\462\v4620212\qvis_v4620212\page\SetupB_Task4_Page1.qpa
        BtPanel_Left.qob
        BtPanelSetup_Left_Text.qob
        Taskbar_SetupBOperate.qob
        BtPanelRight_SetupB_Task4_Page1.qob
        PageHeader.qob
        Message_Line_Deutsch.qob
        MachineState.qob
        FunctionListMicrohead.qob
        StationCommonDataInfoValue.qob
        SecurityStateMessage.qob
        FunctionListMicroheadWithoutPartDisc.qob
        StationCommonDataInfoValueDelphi.qob
    d:\swdev4_pum\bore800_software\sw_versionen\462\v4620212\qvis_v4620212\page\SetupB_Task5_Page1.qpa
        BtPanel_Left.qob
        BtPanelSetup_Left_Text.qob
        Taskbar_SetupBOperate.qob
        BtPanelRight_SetupB_Task5_Page1.qob
        PageHeader.qob
        Message_Line_Deutsch.qob
        MachineState.qob
        SpindleCalibration.qob
        SecurityStateMessage.qob
    d:\swdev4_pum\bore800_software\sw_versionen\462\v4620212\qvis_v4620212\page\SetupB_Task5_Page2.qpa
        BtPanel_Left.qob
        BtPanelSetup_Left_Text.qob
        Taskbar_SetupBOperate.qob
        BtPanelRight_SetupB_Task5_Page2.qob
        PageHeader.qob
        Message_Line_Deutsch.qob
        MachineState.qob
        BurnInProcedure.qob
        SecurityStateMessage.qob
    d:\swdev4_pum\bore800_software\sw_versionen\462\v4620212\qvis_v4620212\page\SetupB_Task5_Page3.qpa
        BtPanel_Left.qob
        BtPanelSetup_Left_Text.qob
        Taskbar_SetupBOperate.qob
        BtPanelRight_SetupB_Task5_Page3_1.qob
        PageHeader.qob
        Message_Line_Deutsch.qob
        MachineState.qob
        FnBtFunction_SetupB_Task5_Page3.qob
        SecurityStateMessage.qob
        Z1AchseErstEinrichtung_2.qob
        Z1AchseErstEinrichtung_3.qob
        Z1AchseErstEinrichtung_4.qob
        Z1AchseErstEinrichtung_1.qob
        BtPanelRight_SetupB_Task5_Page3_2.qob
    d:\swdev4_pum\bore800_software\sw_versionen\462\v4620212\qvis_v4620212\page\SetupB_Task5_Page4.qpa
        BtPanel_Left.qob
        BtPanelSetup_Left_Text.qob
        Taskbar_SetupBOperate.qob
        BtPanelRight_SetupB_Task5_Page4.qob
        PageHeader.qob
        Message_Line_Deutsch.qob
        MachineState.qob
        SecurityStateMessage.qob
        Z2AxisRefIndexProcedure.qob
    d:\swdev4_pum\bore800_software\sw_versionen\462\v4620212\qvis_v4620212\page\SetupB_Task5_Page5.qpa
        BtPanel_Left.qob
        BtPanelSetup_Left_Text.qob
        Taskbar_SetupBOperate.qob
        BtPanelRight_SetupB_Task5_Page5.qob
        PageHeader.qob
        Message_Line_Deutsch.qob
        MachineState.qob
        FnBtFunction_SetupB_Task5_Page5_1.qob
        SecurityStateMessage.qob
        FnBtFunction_SetupB_Task5_Page5_2.qob
        Z2AchseErstEinrichtung_1.qob
        Z2AchseErstEinrichtung_2.qob
        Z2AchseErstEinrichtung_3.qob
        Z2AchseErstEinrichtung_4.qob
        Z2AchseErstEinrichtung_5.qob
        Z2AchseErstEinrichtung_6.qob
        Z2AchseErstEinrichtung_7.qob
        Z2AchseErstEinrichtung_8.qob
        Z2AchseErstEinrichtung_9.qob
        Z2AchseErstEinrichtung_10.qob
        Z2AchseErstEinrichtung_11.qob
    d:\swdev4_pum\bore800_software\sw_versionen\462\v4620212\qvis_v4620212\page\SetupB_Task5_Page6.qpa
        BtPanel_Left.qob
        BtPanelSetup_Left_Text.qob
        Taskbar_SetupBOperate.qob
        BtPanelRight_SetupB_Task5_Page6.qob
        PageHeader.qob
        Message_Line_Deutsch.qob
        MachineState.qob
        FnBtFunction_SetupB_Task5_Page6.qob
        SecurityStateMessage.qob
        Z2AchseZweitEinrichtung_1.qob
        Z2AchseZweitEinrichtung_2.qob
        Z2AchseZweitEinrichtung_3.qob
        Z2AchseZweitEinrichtung_4.qob
    d:\swdev4_pum\bore800_software\sw_versionen\462\v4620212\qvis_v4620212\page\SetupB_Task5_Page7.qpa
        BtPanel_Left.qob
        BtPanelSetup_Left_Text.qob
        Taskbar_SetupBOperate.qob
        BtPanelRight_SetupB_Task5_Page7.qob
        PageHeader.qob
        Message_Line_Deutsch.qob
        MachineState.qob
        ConfigSpindle.qob
        SecurityStateMessage.qob
    d:\swdev4_pum\bore800_software\sw_versionen\462\v4620212\qvis_v4620212\page\SetupB_Task5_Page8.qpa
        BtPanel_Left.qob
        BtPanelSetup_Left_Text.qob
        Taskbar_SetupBOperate.qob
        BtPanelRight_SetupB_Task5_Page8.qob
        PageHeader.qob
        Message_Line_Deutsch.qob
        MachineState.qob
        ConfigTorque.qob
        SecurityStateMessage.qob
    d:\swdev4_pum\bore800_software\sw_versionen\462\v4620212\qvis_v4620212\page\SetupB_Task5_Page9.qpa
        BtPanel_Left.qob
        BtPanelSetup_Left_Text.qob
        Taskbar_SetupBOperate.qob
        BtPanelRight_SetupB_Task5_Page9.qob
        PageHeader.qob
        Message_Line_Deutsch.qob
        MachineState.qob
        FnBtFunction_SetupB_Task5_Page9.qob
        SecurityStateMessage.qob
        CalibrationDataTorque.qob
    d:\swdev4_pum\bore800_software\sw_versionen\462\v4620212\qvis_v4620212\page\SetupB_Task6_Page1.qpa
        BtPanel_Left.qob
        BtPanelSetup_Left_Text.qob
        Taskbar_SetupBOperate.qob
        PageHeader.qob
        Message_Line_Deutsch.qob
        MachineState.qob
        ErrorListEnglish.qob
        ErrorListDeutsch.qob
        BtPanelRight_SetupB_Task6_Page1.qob
        SecurityStateMessage.qob
    d:\swdev4_pum\bore800_software\sw_versionen\462\v4620212\qvis_v4620212\page\SetupB_Task6_Page2.qpa
        BtPanel_Left.qob
        BtPanelSetup_Left_Text.qob
        Taskbar_SetupBOperate.qob
        PageHeader.qob
        Message_Line_Deutsch.qob
        MachineState.qob
        WarningListEnglish.qob
        WarningListDeutsch.qob
        BtPanelRight_SetupB_Task6_Page2.qob
        SecurityStateMessage.qob
    d:\swdev4_pum\bore800_software\sw_versionen\462\v4620212\qvis_v4620212\page\SetupB_Parameter_Page1.qpa
        BtPanel_Left.qob
        BtPanelSetup_Left_Text.qob
        Taskbar_SetupBOperate.qob
        BtPanelRight_SetupB_Parameter_Page1.qob
        PageHeader.qob
        Message_Line_Deutsch.qob
        MachineState.qob
        SecurityStateMessage.qob
        Param_Nav_AllTask.qob
        Param_SetupBTask1_List1.qob
        Param_SetupBTask1_List2.qob
        Param_SetupBTask2_List1.qob
        Param_SetupBTask3_List1_MicroHead.qob
        Param_SetupBTask5_List1.qob
        Param_SetupBTask5_List2.qob
        Param_SetupBTask5_List3_MicroHead.qob
        Param_SetupBTask5_List4_MicroHead.qob
        NavParam.qob
        NavParamNoEdit.qob
        Param_SetupBTask1_List3.qob
        Param_SetupBTask2_List2.qob
        Param_SetupBTask2_List3.qob
        Param_SetupBTask2_List4.qob
        Param_SetupBTask5_List5.qob
        Param_SetupBTask5_List6.qob
        Param_SetupBTask5_List7.qob
        Param_NoParameter.qob
        NavParamNoParam.qob
    d:\swdev4_pum\bore800_software\sw_versionen\462\v4620212\qvis_v4620212\page\SetupC_Task1_Page1.qpa
        TeachINValue_Axis_XY.qob
        BtPanel_Left.qob
        BtPanelSetup_Left_Text.qob
        Taskbar_SetupCOperate.qob
        PageHeader.qob
        Message_Line_Deutsch.qob
        MachineState.qob
        SecurityStateMessage.qob
        FnBtFunction_SetupC_Task1_Page1_2.qob
        FnBtFunction_SetupC_Task1_Page1_3.qob
        BtPanelRight_SetupC_Task1_Page1_2.qob
        BtPanelRight_SetupC_Task1_Page1_3.qob
        TeachINSelect_Axis_X.qob
        TeachINSelect_Axis_Y.qob
        ProfileBarCommonState.qob
        NoCrossTable.qob
    d:\swdev4_pum\bore800_software\sw_versionen\462\v4620212\qvis_v4620212\page\SetupC_Task1_Page2.qpa
        TeachInBackground_SetupC1.qob
        BtPanel_Left.qob
        BtPanelSetup_Left_Text.qob
        Taskbar_SetupCOperate.qob
        BtPanelRight_SetupC_Task1_Page1.qob
        PageHeader.qob
        Message_Line_Deutsch.qob
        MachineState.qob
        TeachINSelect_Axis_T.qob
        TeachINValue_Axis_T.qob
        FnBtFunction_SetupC_Task1_Page1_1.qob
        SecurityStateMessage.qob
        NoPartDisc.qob
    d:\swdev4_pum\bore800_software\sw_versionen\462\v4620212\qvis_v4620212\page\SetupC_Task4_Page1.qpa
        BtPanel_Left.qob
        BtPanelSetup_Left_Text.qob
        Taskbar_SetupCOperate.qob
        BtPanelRight_SetupC_Task4_Page1.qob
        PageHeader.qob
        Message_Line_Deutsch.qob
        MachineState.qob
        SecurityStateMessage.qob
        XYAchseErstEinrichtung_1.qob
        XYAchseErstEinrichtung_2.qob
        XYAchseErstEinrichtung_3.qob
        XYAchseErstEinrichtung_4.qob
        FnBtFunction_SetupC_Task4_Page1.qob
        NoCrossTable.qob
    d:\swdev4_pum\bore800_software\sw_versionen\462\v4620212\qvis_v4620212\page\SetupC_Task4_Page2.qpa
        BtPanel_Left.qob
        BtPanelSetup_Left_Text.qob
        Taskbar_SetupCOperate.qob
        BtPanelRight_SetupC_Task4_Page2.qob
        PageHeader.qob
        Message_Line_Deutsch.qob
        MachineState.qob
        SecurityStateMessage.qob
        XYAchseZweitEinrichtung_1.qob
        XYAchseZweitEinrichtung_2.qob
        FnBtFunction_SetupC_Task4_Page2.qob
        NoCrossTable.qob
    d:\swdev4_pum\bore800_software\sw_versionen\462\v4620212\qvis_v4620212\page\SetupC_Task5_Page1.qpa
        BtPanel_Left.qob
        BtPanelSetup_Left_Text.qob
        Taskbar_SetupCOperate.qob
        BtPanelRight_SetupC_Task5_Page1.qob
        PageHeader.qob
        Message_Line_Deutsch.qob
        MachineState.qob
        TAxisRefIndexProcedure.qob
        State_Axis_T.qob
        SecurityStateMessage.qob
        NoPartDisc.qob
    d:\swdev4_pum\bore800_software\sw_versionen\462\v4620212\qvis_v4620212\page\SetupC_Task5_Page2.qpa
        BtPanel_Left.qob
        BtPanelSetup_Left_Text.qob
        Taskbar_SetupCOperate.qob
        BtPanelRight_SetupC_Task5_Page2.qob
        PageHeader.qob
        Message_Line_Deutsch.qob
        MachineState.qob
        SecurityStateMessage.qob
        Fct_EinrichtTAchsePosition_8.qob
        TAxisTorquePos.qob
        TAxisTorqueNeg.qob
        State_Axis_T.qob
        Fct_EinrichtTAchsePosition_7.qob
        State_Axis_T.qob
        Fct_EinrichtTAchsePosition_6.qob
        State_Axis_T.qob
        Fct_EinrichtTAchsePosition_5.qob
        State_Axis_T.qob
        Fct_EinrichtTAchsePosition_4.qob
        State_Axis_T.qob
        Fct_EinrichtTAchsePosition_3.qob
        State_Axis_T.qob
        Fct_EinrichtTAchsePosition_2.qob
        State_Axis_T.qob
        Fct_EinrichtTAchsePosition_1.qob
        NoPartDisc.qob
    d:\swdev4_pum\bore800_software\sw_versionen\462\v4620212\qvis_v4620212\page\SetupC_Task6_Page1.qpa
        BtPanel_Left.qob
        BtPanelSetup_Left_Text.qob
        Taskbar_SetupCOperate.qob
        PageHeader.qob
        Message_Line_Deutsch.qob
        MachineState.qob
        ErrorListEnglish.qob
        ErrorListDeutsch.qob
        BtPanelRight_SetupC_Task6_Page1.qob
        SecurityStateMessage.qob
    d:\swdev4_pum\bore800_software\sw_versionen\462\v4620212\qvis_v4620212\page\SetupC_Task6_Page2.qpa
        BtPanel_Left.qob
        BtPanelSetup_Left_Text.qob
        Taskbar_SetupCOperate.qob
        PageHeader.qob
        Message_Line_Deutsch.qob
        MachineState.qob
        WarningListEnglish.qob
        WarningListDeutsch.qob
        BtPanelRight_SetupC_Task6_Page2.qob
        SecurityStateMessage.qob
    d:\swdev4_pum\bore800_software\sw_versionen\462\v4620212\qvis_v4620212\page\SetupC_Parameter_Page1.qpa
        Param_SetupCTask1_List1.qob
        Param_SetupCTask5_List1.qob
        Param_SetupCTask1_List2.qob
        Param_SetupCTask1_List3.qob
        Param_SetupCTask4_List1.qob
        BtPanel_Left.qob
        BtPanelSetup_Left_Text.qob
        Taskbar_SetupCOperate.qob
        BtPanelRight_SetupC_Parameter_Page1.qob
        PageHeader.qob
        Message_Line_Deutsch.qob
        MachineState.qob
        SecurityStateMessage.qob
        Param_Nav_AllTask.qob
        NavParam.qob
        NavParamNoEdit.qob
        NavParamNoParam.qob
        Param_NoParameter.qob
    d:\swdev4_pum\bore800_software\sw_versionen\462\v4620212\qvis_v4620212\page\Wait_Com.qpa
        MaTitleWaitCom.qob
        ExitQVisButton.qob
    d:\swdev4_pum\bore800_software\sw_versionen\462\v4620212\qvis_v4620212\page\Startpage.qpa
        Message_Line_Deutsch.qob
        Startpage.qob
        ExitQVisButton.qob
        SecurityStateMessage.qob
        MessageErrorOverlay.qob
    d:\swdev4_pum\bore800_software\sw_versionen\462\v4620212\qvis_v4620212\page\Page_BIOS_1.qpa
        BtPanel_Left.qob
        BtPanelRight_BIOS_Page1.qob
        SelectUserLevelBIOS.qob
        PageHeader.qob
        MachineState.qob
        Taskbar_BIOS.qob
        Message_Line_BIOS.qob
    d:\swdev4_pum\bore800_software\sw_versionen\462\v4620212\qvis_v4620212\page\Page_BIOS_2.qpa
        BtPanel_Left.qob
        BtPanelRight_BIOS_Page2.qob
        NavParam.qob
        PageHeader.qob
        MachineState.qob
        Taskbar_BIOS.qob
        Param_BIOS.qob
        Message_Line_BIOS.qob
Character sets
    D:\SWDEV4_PUM\Bore800_Software\SW_Versionen\462\V4620212\QVIS_V4620212\Build\chs000.chs
    D:\SWDEV4_PUM\Bore800_Software\SW_Versionen\462\V4620212\QVIS_V4620212\Build\chs001.chs
    D:\SWDEV4_PUM\Bore800_Software\SW_Versionen\462\V4620212\QVIS_V4620212\Build\chs002.chs
    D:\SWDEV4_PUM\Bore800_Software\SW_Versionen\462\V4620212\QVIS_V4620212\Build\chs003.chs
    D:\SWDEV4_PUM\Bore800_Software\SW_Versionen\462\V4620212\QVIS_V4620212\Build\chs004.chs
    D:\SWDEV4_PUM\Bore800_Software\SW_Versionen\462\V4620212\QVIS_V4620212\Build\chs005.chs
    D:\SWDEV4_PUM\Bore800_Software\SW_Versionen\462\V4620212\QVIS_V4620212\Build\chs006.chs
Project settings
    Pages
    Keyboard layouts
Advanced settings
Creating project.bin...
Build completed with 0 errors and 0 warnings.
-----------------------------------------------
