Loading...
    c:\_projekte\462\v4620328\qvis_v4620328\page\Normal_Task1_Page1.qpa
    c:\_projekte\462\v4620328\qvis_v4620328\page\Normal_Task1_Page2.qpa
    c:\_projekte\462\v4620328\qvis_v4620328\page\Normal_Task1_Page3.qpa
    c:\_projekte\462\v4620328\qvis_v4620328\page\Normal_Task1_Page4.qpa
    c:\_projekte\462\v4620328\qvis_v4620328\page\Normal_Task1_Page5.qpa
    c:\_projekte\462\v4620328\qvis_v4620328\page\Normal_Task2_Page1.qpa
    c:\_projekte\462\v4620328\qvis_v4620328\page\Normal_Task3_Page1.qpa
    c:\_projekte\462\v4620328\qvis_v4620328\page\Normal_Task4_Page1.qpa
    c:\_projekte\462\v4620328\qvis_v4620328\page\Normal_Task4_Page2.qpa
    c:\_projekte\462\v4620328\qvis_v4620328\page\Normal_Task4_Page3.qpa
    c:\_projekte\462\v4620328\qvis_v4620328\page\Normal_Task5_Page1.qpa
    c:\_projekte\462\v4620328\qvis_v4620328\page\Normal_Task5_Page2.qpa
    c:\_projekte\462\v4620328\qvis_v4620328\page\Normal_Task5_Page3.qpa
    c:\_projekte\462\v4620328\qvis_v4620328\page\Normal_Task5_Page4.qpa
    c:\_projekte\462\v4620328\qvis_v4620328\page\Normal_Task6_Page1.qpa
    c:\_projekte\462\v4620328\qvis_v4620328\page\Normal_Task6_Page2.qpa
    c:\_projekte\462\v4620328\qvis_v4620328\page\Normal_Parameter_Page1.qpa
    c:\_projekte\462\v4620328\qvis_v4620328\page\KeypadNum_2x.qpa
    c:\_projekte\462\v4620328\qvis_v4620328\page\TextKeypad_gross.qpa
    c:\_projekte\462\v4620328\qvis_v4620328\page\TextSymbolKeypad_2x.qpa
    c:\_projekte\462\v4620328\qvis_v4620328\page\SetupA_Task1_Page1.qpa
    c:\_projekte\462\v4620328\qvis_v4620328\page\SetupA_Task1_Page2.qpa
    c:\_projekte\462\v4620328\qvis_v4620328\page\SetupA_Task2_Page1.qpa
    c:\_projekte\462\v4620328\qvis_v4620328\page\SetupA_Task5_Page1.qpa
    c:\_projekte\462\v4620328\qvis_v4620328\page\SetupA_Task5_Page2.qpa
    c:\_projekte\462\v4620328\qvis_v4620328\page\SetupA_Task5_Page3.qpa
    c:\_projekte\462\v4620328\qvis_v4620328\page\SetupA_Task5_Page4.qpa
    c:\_projekte\462\v4620328\qvis_v4620328\page\SetupA_Task6_Page1.qpa
    c:\_projekte\462\v4620328\qvis_v4620328\page\SetupA_Task6_Page2.qpa
    c:\_projekte\462\v4620328\qvis_v4620328\page\SetupA_Parameter_Page1.qpa
    c:\_projekte\462\v4620328\qvis_v4620328\page\SetupB_Task1_Page1.qpa
    c:\_projekte\462\v4620328\qvis_v4620328\page\SetupB_Task1_Page2.qpa
    c:\_projekte\462\v4620328\qvis_v4620328\page\SetupB_Task2_Page1.qpa
    c:\_projekte\462\v4620328\qvis_v4620328\page\SetupB_Task2_Page2.qpa
    c:\_projekte\462\v4620328\qvis_v4620328\page\SetupB_Task3_Page1.qpa
    c:\_projekte\462\v4620328\qvis_v4620328\page\SetupB_Task3_Page2.qpa
    c:\_projekte\462\v4620328\qvis_v4620328\page\SetupB_Task4_Page1.qpa
    c:\_projekte\462\v4620328\qvis_v4620328\page\SetupB_Task5_Page1.qpa
    c:\_projekte\462\v4620328\qvis_v4620328\page\SetupB_Task5_Page2.qpa
    c:\_projekte\462\v4620328\qvis_v4620328\page\SetupB_Task5_Page3.qpa
    c:\_projekte\462\v4620328\qvis_v4620328\page\SetupB_Task5_Page4.qpa
    c:\_projekte\462\v4620328\qvis_v4620328\page\SetupB_Task5_Page5.qpa
    c:\_projekte\462\v4620328\qvis_v4620328\page\SetupB_Task5_Page6.qpa
    c:\_projekte\462\v4620328\qvis_v4620328\page\SetupB_Task6_Page1.qpa
    c:\_projekte\462\v4620328\qvis_v4620328\page\SetupB_Task6_Page2.qpa
    c:\_projekte\462\v4620328\qvis_v4620328\page\SetupB_Parameter_Page1.qpa
    c:\_projekte\462\v4620328\qvis_v4620328\page\SetupC_Task1_Page1.qpa
    c:\_projekte\462\v4620328\qvis_v4620328\page\SetupC_Task3_Page1.qpa
    c:\_projekte\462\v4620328\qvis_v4620328\page\SetupC_Task3_Page2.qpa
    c:\_projekte\462\v4620328\qvis_v4620328\page\SetupC_Task3_Page3.qpa
    c:\_projekte\462\v4620328\qvis_v4620328\page\SetupC_Task4_Page1.qpa
    c:\_projekte\462\v4620328\qvis_v4620328\page\SetupC_Task4_Page2.qpa
    c:\_projekte\462\v4620328\qvis_v4620328\page\SetupC_Task4_Page3.qpa
    c:\_projekte\462\v4620328\qvis_v4620328\page\SetupC_Task4_Page4.qpa
    c:\_projekte\462\v4620328\qvis_v4620328\page\SetupC_Task4_Page5.qpa
    c:\_projekte\462\v4620328\qvis_v4620328\page\SetupC_Task5_Page1.qpa
    c:\_projekte\462\v4620328\qvis_v4620328\page\SetupC_Task5_Page2.qpa
    c:\_projekte\462\v4620328\qvis_v4620328\page\SetupC_Task5_Page3.qpa
    c:\_projekte\462\v4620328\qvis_v4620328\page\SetupC_Task5_Page4.qpa
    c:\_projekte\462\v4620328\qvis_v4620328\page\SetupC_Task6_Page1.qpa
    c:\_projekte\462\v4620328\qvis_v4620328\page\SetupC_Task6_Page2.qpa
    c:\_projekte\462\v4620328\qvis_v4620328\page\SetupC_Parameter_Page1.qpa
    c:\_projekte\462\v4620328\qvis_v4620328\page\Wait_Com.qpa
    c:\_projekte\462\v4620328\qvis_v4620328\page\Startpage.qpa
    c:\_projekte\462\v4620328\qvis_v4620328\page\Page_BIOS_1.qpa
    c:\_projekte\462\v4620328\qvis_v4620328\page\Page_BIOS_2.qpa
Building...
    Texts of Language 1
    Texts of Language 2
Symbols
    c:\_projekte\462\v4620328\qvis_v4620328\bitmap\BtPanel_left_inactiv.bmp
    c:\_projekte\462\v4620328\qvis_v4620328\bitmap\BtPanel_left_activ.bmp
    c:\_projekte\462\v4620328\qvis_v4620328\bitmap\BtUp_80x50.bmp
    c:\_projekte\462\v4620328\qvis_v4620328\bitmap\BtDown_80x50.bmp
    c:\_projekte\462\v4620328\qvis_v4620328\bitmap\BtPanel_right_inactiv.bmp
    c:\_projekte\462\v4620328\qvis_v4620328\bitmap\BtPage_Nav_VerticalUp.bmp
    c:\_projekte\462\v4620328\qvis_v4620328\bitmap\BtPage_Nav_Vertical.bmp
    c:\_projekte\462\v4620328\qvis_v4620328\bitmap\VisionSystem_OFF.bmp
    c:\_projekte\462\v4620328\qvis_v4620328\bitmap\VisionSystem_ON.bmp
    c:\_projekte\462\v4620328\qvis_v4620328\bitmap\Status_None.bmp
    c:\_projekte\462\v4620328\qvis_v4620328\bitmap\Status_Ok.bmp
    c:\_projekte\462\v4620328\qvis_v4620328\bitmap\Status_Busy.bmp
    c:\_projekte\462\v4620328\qvis_v4620328\bitmap\Status_Err.bmp
    c:\_projekte\462\v4620328\qvis_v4620328\bitmap\Status_white.bmp
    c:\_projekte\462\v4620328\qvis_v4620328\bitmap\Status_green.bmp
    c:\_projekte\462\v4620328\qvis_v4620328\bitmap\Status_red.bmp
    c:\_projekte\462\v4620328\qvis_v4620328\bitmap\Status_yellow.bmp
    c:\_projekte\462\v4620328\qvis_v4620328\bitmap\LineWhite_455x1.bmp
    c:\_projekte\462\v4620328\qvis_v4620328\bitmap\DisplayOverlayMsgInfo.bmp
    c:\_projekte\462\v4620328\qvis_v4620328\bitmap\DisplayOverlayMsgWarning.bmp
    c:\_projekte\462\v4620328\qvis_v4620328\bitmap\BtUp_160x50.bmp
    c:\_projekte\462\v4620328\qvis_v4620328\bitmap\BtDown_160x50.bmp
    c:\_projekte\462\v4620328\qvis_v4620328\bitmap\DisplayOverlayMsgPreWarning.bmp
    c:\_projekte\462\v4620328\qvis_v4620328\bitmap\upLeft_50x50.bmp
    c:\_projekte\462\v4620328\qvis_v4620328\bitmap\downLeft_50x50.bmp
    c:\_projekte\462\v4620328\qvis_v4620328\bitmap\upRight_50x50.bmp
    c:\_projekte\462\v4620328\qvis_v4620328\bitmap\downRight_50x50.bmp
    c:\_projekte\462\v4620328\qvis_v4620328\bitmap\DisplayOverlayMsgError.bmp
    c:\_projekte\462\v4620328\qvis_v4620328\bitmap\DisplayOverlayMsgRequest.bmp
    c:\_projekte\462\v4620328\qvis_v4620328\bitmap\DisplayOverlayMsgPartNumber.bmp
    c:\_projekte\462\v4620328\qvis_v4620328\bitmap\LedOFF_20x20.bmp
    c:\_projekte\462\v4620328\qvis_v4620328\bitmap\LedGreen_20x20.bmp
    c:\_projekte\462\v4620328\qvis_v4620328\bitmap\LedRed_20x20.bmp
    c:\_projekte\462\v4620328\qvis_v4620328\bitmap\LedWhite_20x20.bmp
    c:\_projekte\462\v4620328\qvis_v4620328\bitmap\LedBlue_20x20.bmp
    c:\_projekte\462\v4620328\qvis_v4620328\bitmap\LedYellow_20x20.bmp
    c:\_projekte\462\v4620328\qvis_v4620328\bitmap\LedOFF_15x15.bmp
    c:\_projekte\462\v4620328\qvis_v4620328\bitmap\LedGreen_15x15.bmp
    c:\_projekte\462\v4620328\qvis_v4620328\bitmap\LedOFF_24x24.bmp
    c:\_projekte\462\v4620328\qvis_v4620328\bitmap\LedGreen_24x24.bmp
    c:\_projekte\462\v4620328\qvis_v4620328\bitmap\LedRed_24x24.bmp
    c:\_projekte\462\v4620328\qvis_v4620328\bitmap\LedYellow_24x24.bmp
    c:\_projekte\462\v4620328\qvis_v4620328\bitmap\LedOFF_66x34.bmp
    c:\_projekte\462\v4620328\qvis_v4620328\bitmap\LedYellow_66x34.bmp
    c:\_projekte\462\v4620328\qvis_v4620328\bitmap\ShiftUp_gross.bmp
    c:\_projekte\462\v4620328\qvis_v4620328\bitmap\ShiftDown_gross.bmp
    c:\_projekte\462\v4620328\qvis_v4620328\bitmap\BtUp_100x30.bmp
    c:\_projekte\462\v4620328\qvis_v4620328\bitmap\BtDown_100x30.bmp
    c:\_projekte\462\v4620328\qvis_v4620328\bitmap\cancel.bmp
    c:\_projekte\462\v4620328\qvis_v4620328\bitmap\Ok.bmp
    c:\_projekte\462\v4620328\qvis_v4620328\bitmap\up50.bmp
    c:\_projekte\462\v4620328\qvis_v4620328\bitmap\down50.bmp
    c:\_projekte\462\v4620328\qvis_v4620328\bitmap\Backward.bmp
    c:\_projekte\462\v4620328\qvis_v4620328\bitmap\Forward.bmp
    c:\_projekte\462\v4620328\qvis_v4620328\bitmap\PartQualityBackground_440x240_New.bmp
    c:\_projekte\462\v4620328\qvis_v4620328\bitmap\BtUp_40x30.bmp
    c:\_projekte\462\v4620328\qvis_v4620328\bitmap\BtDown_40x30.bmp
    c:\_projekte\462\v4620328\qvis_v4620328\bitmap\LineWhite_480x1.bmp
    c:\_projekte\462\v4620328\qvis_v4620328\bitmap\SilfexMaschine_127x200.bmp
    c:\_projekte\462\v4620328\qvis_v4620328\bitmap\LineWhite_110x1.bmp
    c:\_projekte\462\v4620328\qvis_v4620328\bitmap\LineWhite_1x60.bmp
    c:\_projekte\462\v4620328\qvis_v4620328\bitmap\BtFnBackGround.bmp
    c:\_projekte\462\v4620328\qvis_v4620328\bitmap\LineWhite_420x1.bmp
    c:\_projekte\462\v4620328\qvis_v4620328\bitmap\list_page_up.bmp
    c:\_projekte\462\v4620328\qvis_v4620328\bitmap\list_page_down.bmp
    c:\_projekte\462\v4620328\qvis_v4620328\bitmap\BtUp_160x100.bmp
    c:\_projekte\462\v4620328\qvis_v4620328\bitmap\BtDown_160x100.bmp
    c:\_projekte\462\v4620328\qvis_v4620328\bitmap\Overlay_Grey_480x335.bmp
    c:\_projekte\462\v4620328\qvis_v4620328\bitmap\LangUSA.bmp
    c:\_projekte\462\v4620328\qvis_v4620328\bitmap\SilfexControlPanel_200x130.bmp
    c:\_projekte\462\v4620328\qvis_v4620328\bitmap\Werkerruflampe_30x150.bmp
    c:\_projekte\462\v4620328\qvis_v4620328\bitmap\SilfexInnenBeleuchtung_12x160.bmp
    c:\_projekte\462\v4620328\qvis_v4620328\bitmap\LedOFF_8x30.bmp
    c:\_projekte\462\v4620328\qvis_v4620328\bitmap\LedYellow_8x30.bmp
    c:\_projekte\462\v4620328\qvis_v4620328\bitmap\SilfexKamera_80x113.bmp
    c:\_projekte\462\v4620328\qvis_v4620328\bitmap\LedOFF_13x40.bmp
    c:\_projekte\462\v4620328\qvis_v4620328\bitmap\LedYellow_13x40.bmp
    c:\_projekte\462\v4620328\qvis_v4620328\bitmap\list_up.bmp
    c:\_projekte\462\v4620328\qvis_v4620328\bitmap\list_down.bmp
    c:\_projekte\462\v4620328\qvis_v4620328\bitmap\edit_param.bmp
    c:\_projekte\462\v4620328\qvis_v4620328\bitmap\EingabefeldKeyPad_2x.bmp
    c:\_projekte\462\v4620328\qvis_v4620328\bitmap\down40.bmp
    c:\_projekte\462\v4620328\qvis_v4620328\bitmap\0.bmp
    c:\_projekte\462\v4620328\qvis_v4620328\bitmap\1.bmp
    c:\_projekte\462\v4620328\qvis_v4620328\bitmap\2.bmp
    c:\_projekte\462\v4620328\qvis_v4620328\bitmap\3.bmp
    c:\_projekte\462\v4620328\qvis_v4620328\bitmap\4.bmp
    c:\_projekte\462\v4620328\qvis_v4620328\bitmap\5.bmp
    c:\_projekte\462\v4620328\qvis_v4620328\bitmap\6.bmp
    c:\_projekte\462\v4620328\qvis_v4620328\bitmap\7.bmp
    c:\_projekte\462\v4620328\qvis_v4620328\bitmap\8.bmp
    c:\_projekte\462\v4620328\qvis_v4620328\bitmap\9.bmp
    c:\_projekte\462\v4620328\qvis_v4620328\bitmap\backspace.bmp
    c:\_projekte\462\v4620328\qvis_v4620328\bitmap\punkt.bmp
    c:\_projekte\462\v4620328\qvis_v4620328\bitmap\plusminus.bmp
    c:\_projekte\462\v4620328\qvis_v4620328\bitmap\LineGrey_width370.bmp
    c:\_projekte\462\v4620328\qvis_v4620328\bitmap\up40.bmp
    c:\_projekte\462\v4620328\qvis_v4620328\bitmap\BtUp_160x30.bmp
    c:\_projekte\462\v4620328\qvis_v4620328\bitmap\BtDown_160x30.bmp
    c:\_projekte\462\v4620328\qvis_v4620328\bitmap\CoolantConfig_WhileWork.bmp
    c:\_projekte\462\v4620328\qvis_v4620328\bitmap\Coolant_OFF_28x72.bmp
    c:\_projekte\462\v4620328\qvis_v4620328\bitmap\Coolant_ON_28x72.bmp
    c:\_projekte\462\v4620328\qvis_v4620328\bitmap\Coolant_OFF_72x28.bmp
    c:\_projekte\462\v4620328\qvis_v4620328\bitmap\Coolant_ON_72x28.bmp
    c:\_projekte\462\v4620328\qvis_v4620328\bitmap\CoolantConfig_AfterWork.bmp
    c:\_projekte\462\v4620328\qvis_v4620328\bitmap\LineWhite_width280.bmp
    c:\_projekte\462\v4620328\qvis_v4620328\bitmap\BtUp_160x70.bmp
    c:\_projekte\462\v4620328\qvis_v4620328\bitmap\BtDown_160x70.bmp
    c:\_projekte\462\v4620328\qvis_v4620328\bitmap\BackgroundYellow_476x130.bmp
    c:\_projekte\462\v4620328\qvis_v4620328\bitmap\Z2Einrichtung_327x240.bmp
    c:\_projekte\462\v4620328\qvis_v4620328\bitmap\Z1Einrichtung_287x240.bmp
    c:\_projekte\462\v4620328\qvis_v4620328\bitmap\Z1AchseErstEinrichtungSilfex_2_88x230.bmp
    c:\_projekte\462\v4620328\qvis_v4620328\bitmap\Z2AchseErstEinrichtungSilfex_2_105x230.bmp
    c:\_projekte\462\v4620328\qvis_v4620328\bitmap\ConfigSpindle_220x165.bmp
    c:\_projekte\462\v4620328\qvis_v4620328\bitmap\ValveSpecial_480x340.bmp
    c:\_projekte\462\v4620328\qvis_v4620328\bitmap\Suction_OFF_72x28.bmp
    c:\_projekte\462\v4620328\qvis_v4620328\bitmap\Suction_ON_72x28.bmp
    c:\_projekte\462\v4620328\qvis_v4620328\bitmap\SuctionValve_OFF_72x28.bmp
    c:\_projekte\462\v4620328\qvis_v4620328\bitmap\SuctionValve_ON_72x28.bmp
    c:\_projekte\462\v4620328\qvis_v4620328\bitmap\LedSensorOFF_20x20.bmp
    c:\_projekte\462\v4620328\qvis_v4620328\bitmap\LedSensorON_20x20.bmp
    c:\_projekte\462\v4620328\qvis_v4620328\bitmap\BackgroundYellow_476x100.bmp
    c:\_projekte\462\v4620328\qvis_v4620328\bitmap\TalonOffsetBestimmen_320x240.bmp
    c:\_projekte\462\v4620328\qvis_v4620328\bitmap\BtUp_100x24.bmp
    c:\_projekte\462\v4620328\qvis_v4620328\bitmap\BtDown_100x24.bmp
    c:\_projekte\462\v4620328\qvis_v4620328\bitmap\Initial_X_Axis_346x260.bmp
    c:\_projekte\462\v4620328\qvis_v4620328\bitmap\CAchseNullPunktEinrichtWZ_346x260.bmp
    c:\_projekte\462\v4620328\qvis_v4620328\bitmap\CAchseNullPunktEinrichtWZ1_346x260.bmp
    c:\_projekte\462\v4620328\qvis_v4620328\bitmap\EinrichtScheibeDrehpunkt_200x200.bmp
    c:\_projekte\462\v4620328\qvis_v4620328\bitmap\SetupDisk_NullPoint_266x200.bmp
    c:\_projekte\462\v4620328\qvis_v4620328\bitmap\SetupDisk_Center_ShowLeft_266x200.bmp
    c:\_projekte\462\v4620328\qvis_v4620328\bitmap\SetupDisk_Left_266x200.bmp
    c:\_projekte\462\v4620328\qvis_v4620328\bitmap\SetupDisk_Center_ShowRight_266x200.bmp
    c:\_projekte\462\v4620328\qvis_v4620328\bitmap\SetupDisk_Right_266x200.bmp
    c:\_projekte\462\v4620328\qvis_v4620328\bitmap\VisionSystem_Offset_1_266x200.bmp
    c:\_projekte\462\v4620328\qvis_v4620328\bitmap\VisionSystem_Offset_2_346x260.bmp
    c:\_projekte\462\v4620328\qvis_v4620328\bitmap\Initial_X_Axis_Nullpoint_New1_300x225.bmp
    c:\_projekte\462\v4620328\qvis_v4620328\bitmap\Initial_C_Axis_New_230x172.bmp
    c:\_projekte\462\v4620328\qvis_v4620328\bitmap\LogoQVisKlein.bmp
    c:\_projekte\462\v4620328\qvis_v4620328\bitmap\LogoMicrocut2002Gross_weiss_bkgrd.bmp
Variables
Pages
    c:\_projekte\462\v4620328\qvis_v4620328\page\Normal_Task1_Page1.qpa
        ProcessState.qob
        Message_Line_Englisch.qob
        Message_Line_Deutsch.qob
        SecurityStateMessage.qob
        StationStateProcess_St1.qob
        StationStateProcess_St2.qob
        StationStateProcess_St3.qob
        BtPanel_Left.qob
        BtPanel_Left_Text.qob
        Taskbar_NormalOperate.qob
        BtPanelRight_Normal_Task1_Page1.qob
        PageHeader.qob
        MachineState.qob
        StationTitle_Station_1Until3.qob
        StationState_St1.qob
        StationState_St2.qob
        StationState_St3.qob
        AutoProcessTimeNew.qob
        AxisPosition.qob
        TalonSelected_X455.qob
        AutomatAll_SelectHole.qob
        MessageInfoOverlay.qob
        MessageWarningOverlay.qob
        MessagePreWarningOverlay.qob
        MessageErrorOverlay.qob
        MessageRequestOverlay.qob
        MessagePartNumber.qob
    c:\_projekte\462\v4620328\qvis_v4620328\page\Normal_Task1_Page2.qpa
        Message_Line_Englisch.qob
        Message_Line_Deutsch.qob
        SecurityStateMessage.qob
        StationStateProcess_St1.qob
        StationStateProcess_St2.qob
        StationStateProcess_St3.qob
        BtPanel_Left.qob
        BtPanel_Left_Text.qob
        Taskbar_NormalOperate.qob
        BtPanelRight_Normal_Task1_Page2.qob
        PageHeader.qob
        MachineState.qob
        StationTitle_Station_1Until3.qob
        StationState_St1.qob
        StationState_St2.qob
        StationState_St3.qob
        AutoProcessTime.qob
        AxisPosition.qob
        TalonSelected_X455.qob
        AutomatSingle_SelectHole.qob
        AutomatSingle_SelectStartMode.qob
        MessageInfoOverlay.qob
        MessageWarningOverlay.qob
        MessagePreWarningOverlay.qob
        MessageErrorOverlay.qob
        MessageRequestOverlay.qob
        MessagePartNumber.qob
    c:\_projekte\462\v4620328\qvis_v4620328\page\Normal_Task1_Page3.qpa
        AutomatMultiple_SelectRangeGas.qob
        AutomatMultiple_SelectRangeWap.qob
        Message_Line_Englisch.qob
        Message_Line_Deutsch.qob
        SecurityStateMessage.qob
        StationStateProcess_St1.qob
        StationStateProcess_St2.qob
        StationStateProcess_St3.qob
        BtPanel_Left.qob
        BtPanel_Left_Text.qob
        Taskbar_NormalOperate.qob
        BtPanelRight_Normal_Task1_Page3.qob
        PageHeader.qob
        MachineState.qob
        StationTitle_Station_1Until3.qob
        StationState_St1.qob
        StationState_St2.qob
        StationState_St3.qob
        AutoProcessTimeNew.qob
        AxisPosition.qob
        TalonSelected_X455.qob
        AutomatMultiple_SelectHole.qob
        MessageInfoOverlay.qob
        MessageWarningOverlay.qob
        MessagePreWarningOverlay.qob
        MessageErrorOverlay.qob
        MessageRequestOverlay.qob
        MessagePartNumber.qob
    c:\_projekte\462\v4620328\qvis_v4620328\page\Normal_Task1_Page4.qpa
        Message_Line_Englisch.qob
        BtPanel_Left.qob
        BtPanel_Left_Text.qob
        Taskbar_NormalOperate.qob
        BtPanelRight_Normal_Task1_Page4.qob
        PageHeader.qob
        Message_Line_Deutsch.qob
        MachineState.qob
        ProfileBarCommonState.qob
        StationCommonDataInfoValue.qob
        AxisPosition.qob
        SecurityStateMessage.qob
        TalonSelected.qob
        MessagePreWarningOverlay.qob
        MessagePartNumber.qob
    c:\_projekte\462\v4620328\qvis_v4620328\page\Normal_Task1_Page5.qpa
        Message_Line_Englisch.qob
        SelectHoleType.qob
        SelectHolenumber.qob
        BtPanel_Left.qob
        BtPanel_Left_Text.qob
        Taskbar_NormalOperate.qob
        BtPanelRight_Normal_Task1_Page5.qob
        PageHeader.qob
        Message_Line_Deutsch.qob
        MachineState.qob
        PartQuality.qob
        StationState_St1.qob
        SecurityStateMessage.qob
        TalonSelected.qob
        MessagePreWarningOverlay.qob
        MessagePartNumber.qob
    c:\_projekte\462\v4620328\qvis_v4620328\page\Normal_Task2_Page1.qpa
        MaschinenRefBackground.qob
        Message_Line_Englisch.qob
        BtPanel_Left.qob
        BtPanel_Left_Text.qob
        Taskbar_NormalOperate.qob
        BtPanelRight_Normal_Task2_Page1.qob
        PageHeader.qob
        Message_Line_Deutsch.qob
        MachineState.qob
        SecurityStateMessage.qob
        MaschinenReferenzierung.qob
        StationStateReference_St1.qob
        StationStateReference_St3.qob
        StationStateReference_St2.qob
        StationState_St1.qob
        StationState_St3.qob
        StationState_St2.qob
        AxisPosition.qob
        FnBtFunction_Normal_Task2_Page1.qob
        MessageErrorOverlay.qob
        MessageWarningOverlay.qob
        MessageInfoOverlay.qob
    c:\_projekte\462\v4620328\qvis_v4620328\page\Normal_Task3_Page1.qpa
        Message_Line_Englisch.qob
        BtPanel_Left.qob
        BtPanel_Left_Text.qob
        Taskbar_NormalOperate.qob
        BtPanelRight_Normal_Task3_Page1.qob
        PageHeader.qob
        Message_Line_Deutsch.qob
        MachineState.qob
        ProfileBarCommonState.qob
        ProfileId_NormalMode.qob
        ProfileList.qob
        Nav_ProfileList.qob
        SecurityStateMessage.qob
    c:\_projekte\462\v4620328\qvis_v4620328\page\Normal_Task4_Page1.qpa
        Message_Line_Englisch.qob
        BtPanel_Left.qob
        BtPanel_Left_Text.qob
        Taskbar_NormalOperate.qob
        BtPanelRight_Normal_Task4_Page1.qob
        PageHeader.qob
        Message_Line_Deutsch.qob
        MachineState.qob
        FnBtFunction_Normal_Task4_Page1.qob
        ToolChangeInfo.qob
        SecurityStateMessage.qob
    c:\_projekte\462\v4620328\qvis_v4620328\page\Normal_Task4_Page2.qpa
        Message_Line_Englisch.qob
        BtPanel_Left.qob
        BtPanel_Left_Text.qob
        Taskbar_NormalOperate.qob
        BtPanelRight_Normal_Task4_Page2.qob
        PageHeader.qob
        Message_Line_Deutsch.qob
        MachineState.qob
        SelectUserLevel.qob
        FnBtFunction_Normal_Task4_Page2.qob
        ChangeOperatorPassword.qob
        SecurityStateMessage.qob
    c:\_projekte\462\v4620328\qvis_v4620328\page\Normal_Task4_Page3.qpa
        Message_Line_Englisch.qob
        BtPanel_Left.qob
        BtPanel_Left_Text.qob
        Taskbar_NormalOperate.qob
        BtPanelRight_Normal_Task4_Page3.qob
        PageHeader.qob
        Message_Line_Deutsch.qob
        MachineState.qob
        SelectLanguage.qob
        SecurityStateMessage.qob
    c:\_projekte\462\v4620328\qvis_v4620328\page\Normal_Task5_Page1.qpa
        Message_Line_Englisch.qob
        BtPanel_Left.qob
        BtPanel_Left_Text.qob
        Taskbar_NormalOperate.qob
        BtPanelRight_Normal_Task5_Page1.qob
        PageHeader.qob
        Message_Line_Deutsch.qob
        MachineState.qob
        WPCycleCounter.qob
        SecurityStateMessage.qob
        ShutDown.qob
        MessageErrorOverlay.qob
    c:\_projekte\462\v4620328\qvis_v4620328\page\Normal_Task5_Page2.qpa
        Message_Line_Englisch.qob
        BtPanel_Left.qob
        BtPanel_Left_Text.qob
        Taskbar_NormalOperate.qob
        PageHeader.qob
        Message_Line_Deutsch.qob
        MachineState.qob
        LampTest.qob
        FnBtFunction_Normal_Task5_Page2.qob
        LampTest_YES_NO.qob
        LampTest_OrderList.qob
        BtPanelRight_Normal_Task5_Page2.qob
        SecurityStateMessage.qob
    c:\_projekte\462\v4620328\qvis_v4620328\page\Normal_Task5_Page3.qpa
        Message_Line_Englisch.qob
        BtPanel_Left.qob
        BtPanel_Left_Text.qob
        Taskbar_NormalOperate.qob
        BtPanelRight_Normal_Task5_Page3.qob
        PageHeader.qob
        Message_Line_Deutsch.qob
        MachineState.qob
        SecurityStateMessage.qob
        FnBtFunction_Normal_Task5_Page3.qob
        SafetyInfo.qob
    c:\_projekte\462\v4620328\qvis_v4620328\page\Normal_Task5_Page4.qpa
        Message_Line_Englisch.qob
        BtPanel_Left.qob
        BtPanel_Left_Text.qob
        Taskbar_NormalOperate.qob
        BtPanelRight_Normal_Task5_Page4.qob
        PageHeader.qob
        Message_Line_Deutsch.qob
        MachineState.qob
        SystemInfo.qob
        SecurityStateMessage.qob
        FnBtFunction_Normal_Task5_Page4.qob
    c:\_projekte\462\v4620328\qvis_v4620328\page\Normal_Task6_Page1.qpa
        Message_Line_Englisch.qob
        BtPanel_Left.qob
        BtPanel_Left_Text.qob
        Taskbar_NormalOperate.qob
        PageHeader.qob
        Message_Line_Deutsch.qob
        MachineState.qob
        ErrorListEnglish.qob
        ErrorListDeutsch.qob
        BtPanelRight_Normal_Task6_Page1.qob
        SecurityStateMessage.qob
    c:\_projekte\462\v4620328\qvis_v4620328\page\Normal_Task6_Page2.qpa
        Message_Line_Englisch.qob
        BtPanel_Left.qob
        BtPanel_Left_Text.qob
        Taskbar_NormalOperate.qob
        PageHeader.qob
        Message_Line_Deutsch.qob
        MachineState.qob
        WarningListEnglish.qob
        WarningListDeutsch.qob
        BtPanelRight_Normal_Task6_Page2.qob
        SecurityStateMessage.qob
    c:\_projekte\462\v4620328\qvis_v4620328\page\Normal_Parameter_Page1.qpa
        Param_Nav_AllTask.qob
        Message_Line_Englisch.qob
        BtPanel_Left.qob
        BtPanel_Left_Text.qob
        Taskbar_NormalOperate.qob
        BtPanelRight_Normal_Parameter_Page1.qob
        PageHeader.qob
        Message_Line_Deutsch.qob
        MachineState.qob
        SecurityStateMessage.qob
        NavParam.qob
        NavParamNoEdit.qob
        NavParamNoParam.qob
        Param_Normal_List1.qob
        Param_Normal_List2.qob
        Param_Normal_List3.qob
        Param_NoParameter.qob
    c:\_projekte\462\v4620328\qvis_v4620328\page\KeypadNum_2x.qpa
        KeypadNum_2x.qob
    c:\_projekte\462\v4620328\qvis_v4620328\page\TextKeypad_gross.qpa
        TextKeypad_gross.qob
    c:\_projekte\462\v4620328\qvis_v4620328\page\TextSymbolKeypad_2x.qpa
        TextSymbolKeypad_2x.qob
    c:\_projekte\462\v4620328\qvis_v4620328\page\SetupA_Task1_Page1.qpa
        Message_Line_Englisch.qob
        BtPanel_Left.qob
        BtPanelSetup_Left_Text.qob
        Taskbar_SetupAOperate.qob
        BtPanelRight_SetupA_Task1_Page1.qob
        PageHeader.qob
        Message_Line_Deutsch.qob
        MachineState.qob
        StationCommonDataInfoValueHandMode.qob
        SecurityStateMessage.qob
        AxisPosition.qob
        TalonSelected.qob
        Handmode_SelectMode.qob
    c:\_projekte\462\v4620328\qvis_v4620328\page\SetupA_Task1_Page2.qpa
        Message_Line_Englisch.qob
        BtPanel_Left.qob
        BtPanelSetup_Left_Text.qob
        Taskbar_SetupAOperate.qob
        BtPanelRight_SetupA_Task1_Page2.qob
        PageHeader.qob
        Message_Line_Deutsch.qob
        MachineState.qob
        StationCommonDataInfoState.qob
        StationState_Common.qob
        ProfileBarCommonState.qob
        DataOnlineChange_List1.qob
        DataOnlineChange_List2.qob
        NavOnlineChangeList.qob
        SecurityStateMessage.qob
    c:\_projekte\462\v4620328\qvis_v4620328\page\SetupA_Task2_Page1.qpa
        Message_Line_Englisch.qob
        Message_Line_Deutsch.qob
        BtPanel_Left.qob
        BtPanelSetup_Left_Text.qob
        Taskbar_SetupAOperate.qob
        BtPanelRight_SetupA_Task2_Page1.qob
        PageHeader.qob
        MachineState.qob
        StationCommonDataInfoState.qob
        ProfileBarCommonState.qob
        ProfileId.qob
        ProfileList.qob
        Nav_ProfileList.qob
        SecurityStateMessage.qob
        StationState_Common.qob
    c:\_projekte\462\v4620328\qvis_v4620328\page\SetupA_Task5_Page1.qpa
        Message_Line_Englisch.qob
        BtPanel_Left.qob
        BtPanelSetup_Left_Text.qob
        Taskbar_SetupAOperate.qob
        BtPanelRight_SetupA_Task5_Page1.qob
        PageHeader.qob
        Message_Line_Deutsch.qob
        MachineState.qob
        SecurityStateMessage.qob
        FnBtFunction_SetupA_Task5_Page1.qob
        PotentiometerValues.qob
    c:\_projekte\462\v4620328\qvis_v4620328\page\SetupA_Task5_Page2.qpa
        Message_Line_Englisch.qob
        BtPanel_Left.qob
        BtPanelSetup_Left_Text.qob
        Taskbar_SetupAOperate.qob
        BtPanelRight_SetupA_Task5_Page2.qob
        PageHeader.qob
        Message_Line_Deutsch.qob
        MachineState.qob
        SecurityStateMessage.qob
        FnBtFunction_SetupA_Task5_Page2.qob
        FTP_Config.qob
    c:\_projekte\462\v4620328\qvis_v4620328\page\SetupA_Task5_Page3.qpa
        Message_Line_Englisch.qob
        BtPanel_Left.qob
        BtPanelSetup_Left_Text.qob
        Taskbar_SetupAOperate.qob
        BtPanelRight_SetupA_Task5_Page3.qob
        PageHeader.qob
        Message_Line_Deutsch.qob
        MachineState.qob
        SecurityStateMessage.qob
        FnBtFunction_SetupA_Task5_Page3.qob
        Mail_Config.qob
    c:\_projekte\462\v4620328\qvis_v4620328\page\SetupA_Task5_Page4.qpa
        Message_Line_Englisch.qob
        BtPanel_Left.qob
        BtPanelSetup_Left_Text.qob
        Taskbar_SetupAOperate.qob
        BtPanelRight_SetupA_Task5_Page4.qob
        PageHeader.qob
        Message_Line_Deutsch.qob
        MachineState.qob
        SecurityStateMessage.qob
        FnBtFunction_SetupA_Task5_Page4.qob
        Coolant_Config_WhileWork.qob
        Coolant_Config_AfterWork.qob
    c:\_projekte\462\v4620328\qvis_v4620328\page\SetupA_Task6_Page1.qpa
        Message_Line_Englisch.qob
        BtPanel_Left.qob
        BtPanelSetup_Left_Text.qob
        Taskbar_SetupAOperate.qob
        PageHeader.qob
        Message_Line_Deutsch.qob
        MachineState.qob
        ErrorListEnglish.qob
        ErrorListDeutsch.qob
        BtPanelRight_SetupA_Task6_Page1.qob
        SecurityStateMessage.qob
    c:\_projekte\462\v4620328\qvis_v4620328\page\SetupA_Task6_Page2.qpa
        Message_Line_Englisch.qob
        BtPanel_Left.qob
        BtPanelSetup_Left_Text.qob
        Taskbar_SetupAOperate.qob
        PageHeader.qob
        Message_Line_Deutsch.qob
        MachineState.qob
        WarningListEnglish.qob
        WarningListDeutsch.qob
        BtPanelRight_SetupA_Task6_Page2.qob
        SecurityStateMessage.qob
    c:\_projekte\462\v4620328\qvis_v4620328\page\SetupA_Parameter_Page1.qpa
        Message_Line_Englisch.qob
        BtPanel_Left.qob
        BtPanelSetup_Left_Text.qob
        Taskbar_SetupAOperate.qob
        BtPanelRight_SetupA_Parameter_Page1.qob
        PageHeader.qob
        Message_Line_Deutsch.qob
        MachineState.qob
        SecurityStateMessage.qob
        Param_Nav_AllTask.qob
        NavParam.qob
        NavParamNoEdit.qob
        NavParamNoParam.qob
        ProfileBarCommonState.qob
        Param_SetupA_List1.qob
        Param_SetupA_List2.qob
        Param_SetupA_List3.qob
        Param_SetupA_List4.qob
        Param_SetupA_List5.qob
        Param_SetupA_List6.qob
        Param_NoParameter.qob
    c:\_projekte\462\v4620328\qvis_v4620328\page\SetupB_Task1_Page1.qpa
        Message_Line_Englisch.qob
        TeachINValue_Axis_S.qob
        TeachInBackground_SetupB.qob
        BtPanel_Left.qob
        BtPanelSetup_Left_Text.qob
        Taskbar_SetupBOperate.qob
        BtPanelRight_SetupB_Task1_Page1.qob
        PageHeader.qob
        Message_Line_Deutsch.qob
        MachineState.qob
        FnBtFunction_SetupB_Task1_Page1_3.qob
        FnBtFunction_SetupB_Task1_Page1_2.qob
        FnBtFunction_SetupB_Task1_Page1_1.qob
        TeachINSelect_Axis_Z1.qob
        TeachINSelect_Axis_S.qob
        TeachINValue_Axis_Z1.qob
        AxisPosition.qob
        SecurityStateMessage.qob
        TeachINSelect_Axis_Z2.qob
        TeachINValue_Axis_Z2.qob
    c:\_projekte\462\v4620328\qvis_v4620328\page\SetupB_Task1_Page2.qpa
        Message_Line_Englisch.qob
        TeachInBackground_SetupC1.qob
        TeachINValue_Axis_XC.qob
        BtPanel_Left.qob
        BtPanelSetup_Left_Text.qob
        Taskbar_SetupBOperate.qob
        PageHeader.qob
        Message_Line_Deutsch.qob
        MachineState.qob
        SecurityStateMessage.qob
        FnBtFunction_SetupC_Task1_Page1_2.qob
        FnBtFunction_SetupC_Task1_Page1_3.qob
        BtPanelRight_SetupC_Task1_Page1_2.qob
        BtPanelRight_SetupC_Task1_Page1_3.qob
        TeachINSelect_Axis_X.qob
        TeachINSelect_Axis_C.qob
        AxisPosition.qob
    c:\_projekte\462\v4620328\qvis_v4620328\page\SetupB_Task2_Page1.qpa
        Message_Line_Englisch.qob
        CylinderBackgroundMicroHead_SetupB1.qob
        BtPanel_Left.qob
        BtPanelSetup_Left_Text.qob
        Taskbar_SetupBOperate.qob
        BtPanelRight_SetupB_Task2_Page1.qob
        PageHeader.qob
        Message_Line_Deutsch.qob
        MachineState.qob
        SecurityStateMessage.qob
        CylManB1.qob
        CylManB4.qob
        CylManB5.qob
    c:\_projekte\462\v4620328\qvis_v4620328\page\SetupB_Task2_Page2.qpa
        Message_Line_Englisch.qob
        CylinderBackgroundMicroHead_SetupB.qob
        BtPanel_Left.qob
        BtPanelSetup_Left_Text.qob
        Taskbar_SetupBOperate.qob
        BtPanelRight_SetupB_Task2_Page2.qob
        PageHeader.qob
        Message_Line_Deutsch.qob
        MachineState.qob
        SecurityStateMessage.qob
        CylManB6.qob
        CylManB7.qob
        CylManB8.qob
        CylManB9.qob
    c:\_projekte\462\v4620328\qvis_v4620328\page\SetupB_Task3_Page1.qpa
        Message_Line_Englisch.qob
        BtPanel_Left.qob
        BtPanelSetup_Left_Text.qob
        Taskbar_SetupBOperate.qob
        BtPanelRight_SetupB_Task3_Page1.qob
        PageHeader.qob
        Message_Line_Deutsch.qob
        MachineState.qob
        ValveBackground_SetupB.qob
        SecurityStateMessage.qob
        CylManB10.qob
        CylManB15.qob
        CylManB16.qob
        CylManB17.qob
    c:\_projekte\462\v4620328\qvis_v4620328\page\SetupB_Task3_Page2.qpa
        Message_Line_Englisch.qob
        BtPanel_Left.qob
        BtPanelSetup_Left_Text.qob
        Taskbar_SetupBOperate.qob
        BtPanelRight_SetupB_Task3_Page2.qob
        PageHeader.qob
        Message_Line_Deutsch.qob
        MachineState.qob
        ValveBackground_SetupB.qob
        SecurityStateMessage.qob
        CylManB11.qob
        CylManB14.qob
        CylManB18.qob
        CylManB12.qob
        CylManB13.qob
        CylManB23.qob
        CylManB21.qob
        CylManB22.qob
        CylManB20.qob
        CylManB19.qob
    c:\_projekte\462\v4620328\qvis_v4620328\page\SetupB_Task4_Page1.qpa
        Message_Line_Englisch.qob
        BtPanel_Left.qob
        BtPanelSetup_Left_Text.qob
        Taskbar_SetupBOperate.qob
        BtPanelRight_SetupB_Task4_Page1.qob
        PageHeader.qob
        Message_Line_Deutsch.qob
        MachineState.qob
        FunctionListMicrohead.qob
        StationCommonDataInfoValueSetup.qob
        SecurityStateMessage.qob
        AxisPosition.qob
        HandlingFunction_SelectHole.qob
        HandlingFunction_SelectHole.qob
        HandlingFunction_MeasureHole.qob
        StationCommonDataInfoValueSetup.qob
    c:\_projekte\462\v4620328\qvis_v4620328\page\SetupB_Task5_Page1.qpa
        Message_Line_Englisch.qob
        BtPanel_Left.qob
        BtPanelSetup_Left_Text.qob
        Taskbar_SetupBOperate.qob
        BtPanelRight_SetupB_Task5_Page1.qob
        PageHeader.qob
        Message_Line_Deutsch.qob
        MachineState.qob
        SpindleCalibration.qob
        SecurityStateMessage.qob
    c:\_projekte\462\v4620328\qvis_v4620328\page\SetupB_Task5_Page2.qpa
        Message_Line_Englisch.qob
        BtPanel_Left.qob
        BtPanelSetup_Left_Text.qob
        Taskbar_SetupBOperate.qob
        BtPanelRight_SetupB_Task5_Page2.qob
        PageHeader.qob
        Message_Line_Deutsch.qob
        MachineState.qob
        BurnInProcedure.qob
        SecurityStateMessage.qob
    c:\_projekte\462\v4620328\qvis_v4620328\page\SetupB_Task5_Page3.qpa
        Message_Line_Englisch.qob
        BtPanel_Left.qob
        BtPanelSetup_Left_Text.qob
        Taskbar_SetupBOperate.qob
        BtPanelRight_SetupB_Task5_Page3.qob
        PageHeader.qob
        Message_Line_Deutsch.qob
        MachineState.qob
        SecurityStateMessage.qob
        AxisPosition.qob
        Z1Z2AchseErstEinrichtung_1.qob
        Z1Z2AchseErstEinrichtung_2.qob
        Z1Z2AchseErstEinrichtung_3.qob
        Z1Z2AchseErstEinrichtung_4.qob
        Z1Z2AchseErstEinrichtung_5.qob
        Z1Z2AchseErstEinrichtung_6.qob
        Z1Z2AchseErstEinrichtung_7.qob
    c:\_projekte\462\v4620328\qvis_v4620328\page\SetupB_Task5_Page4.qpa
        Message_Line_Englisch.qob
        BtPanel_Left.qob
        BtPanelSetup_Left_Text.qob
        Taskbar_SetupBOperate.qob
        BtPanelRight_SetupB_Task5_Page5.qob
        PageHeader.qob
        Message_Line_Deutsch.qob
        MachineState.qob
        ConfigSpindle.qob
        SecurityStateMessage.qob
    c:\_projekte\462\v4620328\qvis_v4620328\page\SetupB_Task5_Page5.qpa
        Message_Line_Englisch.qob
        TeachInBackground_SetupB3.qob
        BtPanel_Left.qob
        BtPanelSetup_Left_Text.qob
        Taskbar_SetupBOperate.qob
        BtPanelRight_SetupB_Task5_Page7.qob
        PageHeader.qob
        Message_Line_Deutsch.qob
        MachineState.qob
        SecurityStateMessage.qob
        CylManB4.qob
        FnBtFunction_SetupB_Task5_Page7.qob
        TeachINValue_ToolDetection.qob
        AxisPosition.qob
        Z1Z2DiffPosition.qob
    c:\_projekte\462\v4620328\qvis_v4620328\page\SetupB_Task5_Page6.qpa
        Message_Line_Englisch.qob
        BtPanel_Left.qob
        BtPanelSetup_Left_Text.qob
        Taskbar_SetupBOperate.qob
        BtPanelRight_SetupB_Task5_Page8.qob
        PageHeader.qob
        Message_Line_Deutsch.qob
        MachineState.qob
        SecurityStateMessage.qob
        FnBtFunction_SetupB_Task5_Page8.qob
        ValveSpecial.qob
    c:\_projekte\462\v4620328\qvis_v4620328\page\SetupB_Task6_Page1.qpa
        Message_Line_Englisch.qob
        BtPanel_Left.qob
        BtPanelSetup_Left_Text.qob
        Taskbar_SetupBOperate.qob
        PageHeader.qob
        Message_Line_Deutsch.qob
        MachineState.qob
        ErrorListEnglish.qob
        ErrorListDeutsch.qob
        BtPanelRight_SetupB_Task6_Page1.qob
        SecurityStateMessage.qob
    c:\_projekte\462\v4620328\qvis_v4620328\page\SetupB_Task6_Page2.qpa
        Message_Line_Englisch.qob
        BtPanel_Left.qob
        BtPanelSetup_Left_Text.qob
        Taskbar_SetupBOperate.qob
        PageHeader.qob
        Message_Line_Deutsch.qob
        MachineState.qob
        WarningListEnglish.qob
        WarningListDeutsch.qob
        BtPanelRight_SetupB_Task6_Page2.qob
        SecurityStateMessage.qob
    c:\_projekte\462\v4620328\qvis_v4620328\page\SetupB_Parameter_Page1.qpa
        Message_Line_Englisch.qob
        BtPanel_Left.qob
        BtPanelSetup_Left_Text.qob
        Taskbar_SetupBOperate.qob
        BtPanelRight_SetupB_Parameter_Page1.qob
        PageHeader.qob
        Message_Line_Deutsch.qob
        MachineState.qob
        SecurityStateMessage.qob
        Param_Nav_AllTask.qob
        NavParam.qob
        NavParamNoEdit.qob
        NavParamNoParam.qob
        Param_SetupB_List1.qob
        Param_SetupB_List2.qob
        Param_SetupB_List3.qob
        Param_SetupB_List5.qob
        Param_SetupB_List6.qob
        Param_SetupB_List7.qob
        Param_SetupB_List8.qob
        Param_SetupB_List9.qob
        Param_SetupB_List10.qob
        Param_SetupB_List11.qob
        Param_NoParameter.qob
    c:\_projekte\462\v4620328\qvis_v4620328\page\SetupC_Task1_Page1.qpa
        Message_Line_Englisch.qob
        TeachInBackground_SetupC1.qob
        TeachINValue_Axis_XC.qob
        BtPanel_Left.qob
        BtPanelSetup_Left_Text.qob
        Taskbar_SetupCOperate.qob
        PageHeader.qob
        Message_Line_Deutsch.qob
        MachineState.qob
        SecurityStateMessage.qob
        FnBtFunction_SetupC_Task1_Page1_2.qob
        FnBtFunction_SetupC_Task1_Page1_3.qob
        BtPanelRight_SetupC_Task1_Page1_2.qob
        BtPanelRight_SetupC_Task1_Page1_3.qob
        TeachINSelect_Axis_X.qob
        TeachINSelect_Axis_C.qob
        AxisPosition.qob
    c:\_projekte\462\v4620328\qvis_v4620328\page\SetupC_Task3_Page1.qpa
        Message_Line_Englisch.qob
        BtPanel_Left.qob
        BtPanelSetup_Left_Text.qob
        Taskbar_SetupCOperate.qob
        BtPanelRight_SetupC_Task3_Page1.qob
        PageHeader.qob
        Message_Line_Deutsch.qob
        MachineState.qob
        FunctionListHandling.qob
        SecurityStateMessage.qob
        AxisPosition.qob
        HandlingFunction_SelectHole.qob
        HandlingFunction_SelectHole.qob
        HandlingFunction_MeasureHole.qob
        HandlingFunction_MeasureHole.qob
        HandlingFunction_SelectHole_Coord.qob
        HandlingFunction_HolePosValidate.qob
        HandlingFunction_MoveToXYCoordinate.qob
        HandlingFunction_MeasureDiaTalon.qob
        HandlingFunction_MeasureDiaSetupDisk.qob
    c:\_projekte\462\v4620328\qvis_v4620328\page\SetupC_Task3_Page2.qpa
        Message_Line_Englisch.qob
        BtPanel_Left.qob
        BtPanelSetup_Left_Text.qob
        Taskbar_SetupCOperate.qob
        BtPanelRight_SetupC_Task3_Page2.qob
        PageHeader.qob
        Message_Line_Deutsch.qob
        MachineState.qob
        SecurityStateMessage.qob
        XCAchseFünftEinrichtung_1.qob
        XCAchseFünftEinrichtung_2.qob
        XCAchseFünftEinrichtung_3.qob
        XCAchseFünftEinrichtung_4.qob
        AxisPosition.qob
    c:\_projekte\462\v4620328\qvis_v4620328\page\SetupC_Task3_Page3.qpa
        Message_Line_Englisch.qob
        BtPanel_Left.qob
        BtPanelSetup_Left_Text.qob
        Taskbar_SetupCOperate.qob
        BtPanelRight_SetupC_Task3_Page3.qob
        PageHeader.qob
        Message_Line_Deutsch.qob
        MachineState.qob
        SecurityStateMessage.qob
        AxisPosition.qob
        MeasureBeltQuality.qob
        HandlingFunction_SelectHole.qob
    c:\_projekte\462\v4620328\qvis_v4620328\page\SetupC_Task4_Page1.qpa
        Message_Line_Englisch.qob
        BtPanel_Left.qob
        BtPanelSetup_Left_Text.qob
        Taskbar_SetupCOperate.qob
        BtPanelRight_SetupC_Task4_Page1.qob
        PageHeader.qob
        Message_Line_Deutsch.qob
        MachineState.qob
        SecurityStateMessage.qob
        FnBtFunction_SetupC_Task4_Page1.qob
        Handling_Config1.qob
        TalonSelected_X455.qob
    c:\_projekte\462\v4620328\qvis_v4620328\page\SetupC_Task4_Page2.qpa
        Message_Line_Englisch.qob
        BtPanel_Left.qob
        BtPanelSetup_Left_Text.qob
        Taskbar_SetupCOperate.qob
        BtPanelRight_SetupC_Task4_Page2.qob
        PageHeader.qob
        Message_Line_Deutsch.qob
        MachineState.qob
        SecurityStateMessage.qob
        FnBtFunction_SetupC_Task4_Page2.qob
        Handling_Config2.qob
        TalonSelected_X455.qob
    c:\_projekte\462\v4620328\qvis_v4620328\page\SetupC_Task4_Page3.qpa
        Message_Line_Englisch.qob
        BtPanel_Left.qob
        BtPanelSetup_Left_Text.qob
        Taskbar_SetupCOperate.qob
        BtPanelRight_SetupC_Task4_Page3.qob
        PageHeader.qob
        Message_Line_Deutsch.qob
        MachineState.qob
        SecurityStateMessage.qob
        FnBtFunction_SetupC_Task4_Page3.qob
        Handling_Config3.qob
    c:\_projekte\462\v4620328\qvis_v4620328\page\SetupC_Task4_Page4.qpa
        Message_Line_Englisch.qob
        BtPanel_Left.qob
        BtPanelSetup_Left_Text.qob
        Taskbar_SetupCOperate.qob
        BtPanelRight_SetupC_Task4_Page4.qob
        PageHeader.qob
        Message_Line_Deutsch.qob
        MachineState.qob
        SecurityStateMessage.qob
        FnBtFunction_SetupC_Task4_Page4.qob
        Handling_Config4.qob
    c:\_projekte\462\v4620328\qvis_v4620328\page\SetupC_Task4_Page5.qpa
        Message_Line_Englisch.qob
        BtPanel_Left.qob
        BtPanelSetup_Left_Text.qob
        Taskbar_SetupCOperate.qob
        BtPanelRight_SetupC_Task4_Page5.qob
        PageHeader.qob
        Message_Line_Deutsch.qob
        MachineState.qob
        SecurityStateMessage.qob
        Handling_Config5.qob
    c:\_projekte\462\v4620328\qvis_v4620328\page\SetupC_Task5_Page1.qpa
        Message_Line_Englisch.qob
        BtPanel_Left.qob
        BtPanelSetup_Left_Text.qob
        Taskbar_SetupCOperate.qob
        BtPanelRight_SetupC_Task5_Page1.qob
        PageHeader.qob
        Message_Line_Deutsch.qob
        MachineState.qob
        SecurityStateMessage.qob
        XCAchseErstEinrichtung_1.qob
        XCAchseErstEinrichtung_2.qob
        XCAchseErstEinrichtung_3.qob
        XCAchseErstEinrichtung_4.qob
        XCAchseErstEinrichtung_5.qob
        AxisPosition.qob
    c:\_projekte\462\v4620328\qvis_v4620328\page\SetupC_Task5_Page2.qpa
        Message_Line_Englisch.qob
        BtPanel_Left.qob
        BtPanelSetup_Left_Text.qob
        Taskbar_SetupCOperate.qob
        BtPanelRight_SetupC_Task5_Page2.qob
        PageHeader.qob
        Message_Line_Deutsch.qob
        MachineState.qob
        SecurityStateMessage.qob
        XCAchseZweitEinrichtung_1.qob
        XCAchseZweitEinrichtung_2.qob
        XCAchseZweitEinrichtung_3.qob
        XCAchseZweitEinrichtung_4.qob
        XCAchseZweitEinrichtung_5.qob
        XCAchseZweitEinrichtung_6.qob
        XCAchseZweitEinrichtung_7.qob
        XCAchseZweitEinrichtung_8.qob
        AxisPosition.qob
    c:\_projekte\462\v4620328\qvis_v4620328\page\SetupC_Task5_Page3.qpa
        Message_Line_Englisch.qob
        BtPanel_Left.qob
        BtPanelSetup_Left_Text.qob
        Taskbar_SetupCOperate.qob
        BtPanelRight_SetupC_Task5_Page3.qob
        PageHeader.qob
        Message_Line_Deutsch.qob
        MachineState.qob
        SecurityStateMessage.qob
        XCAchseDrittEinrichtung_1.qob
        XCAchseDrittEinrichtung_2.qob
        XCAchseDrittEinrichtung_3.qob
        XCAchseDrittEinrichtung_4.qob
        AxisPosition.qob
    c:\_projekte\462\v4620328\qvis_v4620328\page\SetupC_Task5_Page4.qpa
        Message_Line_Englisch.qob
        BtPanel_Left.qob
        BtPanelSetup_Left_Text.qob
        Taskbar_SetupCOperate.qob
        BtPanelRight_SetupC_Task5_Page4.qob
        PageHeader.qob
        Message_Line_Deutsch.qob
        MachineState.qob
        SecurityStateMessage.qob
        XCAchseViertEinrichtung_1.qob
        XCAchseViertEinrichtung_2.qob
        XCAchseViertEinrichtung_3.qob
        XCAchseViertEinrichtung_4.qob
        XCAchseViertEinrichtung_5.qob
        XCAchseViertEinrichtung_6.qob
        XCAchseViertEinrichtung_7.qob
        XCAchseViertEinrichtung_8.qob
        FnBtFunction_SetupC_Task5_Page4.qob
        AxisPosition.qob
    c:\_projekte\462\v4620328\qvis_v4620328\page\SetupC_Task6_Page1.qpa
        Message_Line_Englisch.qob
        BtPanel_Left.qob
        BtPanelSetup_Left_Text.qob
        Taskbar_SetupCOperate.qob
        PageHeader.qob
        Message_Line_Deutsch.qob
        MachineState.qob
        ErrorListEnglish.qob
        ErrorListDeutsch.qob
        BtPanelRight_SetupC_Task6_Page1.qob
        SecurityStateMessage.qob
    c:\_projekte\462\v4620328\qvis_v4620328\page\SetupC_Task6_Page2.qpa
        Message_Line_Englisch.qob
        BtPanel_Left.qob
        BtPanelSetup_Left_Text.qob
        Taskbar_SetupCOperate.qob
        PageHeader.qob
        Message_Line_Deutsch.qob
        MachineState.qob
        WarningListEnglish.qob
        WarningListDeutsch.qob
        BtPanelRight_SetupC_Task6_Page2.qob
        SecurityStateMessage.qob
    c:\_projekte\462\v4620328\qvis_v4620328\page\SetupC_Parameter_Page1.qpa
        Message_Line_Englisch.qob
        BtPanel_Left.qob
        BtPanelSetup_Left_Text.qob
        Taskbar_SetupCOperate.qob
        BtPanelRight_SetupC_Parameter_Page1.qob
        PageHeader.qob
        Message_Line_Deutsch.qob
        MachineState.qob
        SecurityStateMessage.qob
        Param_Nav_AllTask.qob
        NavParam.qob
        NavParamNoEdit.qob
        NavParamNoParam.qob
        Param_SetupC_List1.qob
        Param_SetupC_List2.qob
        Param_NoParameter.qob
    c:\_projekte\462\v4620328\qvis_v4620328\page\Wait_Com.qpa
        MaTitleWaitCom.qob
        ExitQVisButton.qob
    c:\_projekte\462\v4620328\qvis_v4620328\page\Startpage.qpa
        Message_Line_Englisch.qob
        Message_Line_Deutsch.qob
        Startpage.qob
        ExitQVisButton.qob
        SecurityStateMessage.qob
        MessageErrorOverlay.qob
        ShutDown.qob
    c:\_projekte\462\v4620328\qvis_v4620328\page\Page_BIOS_1.qpa
        BtPanel_Left.qob
        BtPanelRight_BIOS_Page1.qob
        SelectUserLevelBIOS.qob
        PageHeader.qob
        MachineState.qob
        Taskbar_BIOS.qob
        Message_Line_BIOS.qob
    c:\_projekte\462\v4620328\qvis_v4620328\page\Page_BIOS_2.qpa
        BtPanel_Left.qob
        BtPanelRight_BIOS_Page2.qob
        NavParam.qob
        PageHeader.qob
        MachineState.qob
        Taskbar_BIOS.qob
        Param_BIOS.qob
        Message_Line_BIOS.qob
Character sets
    C:\_PROJEKTE\462\V4620328\QVIS_V4620328\Build\chs000.chs
    C:\_PROJEKTE\462\V4620328\QVIS_V4620328\Build\chs001.chs
    C:\_PROJEKTE\462\V4620328\QVIS_V4620328\Build\chs002.chs
    C:\_PROJEKTE\462\V4620328\QVIS_V4620328\Build\chs003.chs
    C:\_PROJEKTE\462\V4620328\QVIS_V4620328\Build\chs004.chs
    C:\_PROJEKTE\462\V4620328\QVIS_V4620328\Build\chs005.chs
    C:\_PROJEKTE\462\V4620328\QVIS_V4620328\Build\chs006.chs
    C:\_PROJEKTE\462\V4620328\QVIS_V4620328\Build\chs007.chs
Project settings
    Pages
    Keyboard layouts
Advanced settings
Creating project.bin...
Build completed with 0 errors and 0 warnings.
-----------------------------------------------
